
            P L A N E   S T R E S S                           



xzy 18/12/06                                                                    


 npoin =  24     nelem =  15     nvfix =   8     ntype =   1

 nnode =   4     nmats =   1     ngaus =   2     nevab =   8

 nstre =   3     ndofn =   2     noutp = 333


 Element   Property      Node Numbers
     1        1          1    2    7   17
     2        1          2    3    6    7
     3        1          3    4    5    6
     4        1          6    5    8    9
     5        1          7    6    9   10
     6        1         17    7   10   20
     7        1          9    8   11   13
     8        1         10    9   13   15
     9        1         20   10   15   23
    10        1         13   11   12   14
    11        1         15   13   14   16
    12        1         23   15   16   21
    13        1         18   17   20   19
    14        1         19   20   23   22
    15        1         22   23   21   24


 Node          X          Y
     1   1.000000E+00   0.000000E+00
     2   2.000000E+00   0.000000E+00
     3   3.000000E+00   0.000000E+00
     4   4.000000E+00   0.000000E+00
     5   4.000000E+00   1.000000E+00
     6   3.000000E+00   1.000000E+00
     7   2.000000E+00   1.000000E+00
     8   4.000000E+00   2.000000E+00
     9   3.000000E+00   2.000000E+00
    10   2.000000E+00   2.000000E+00
    11   4.000000E+00   3.000000E+00
    12   4.000000E+00   4.000000E+00
    13   3.000000E+00   3.000000E+00
    14   3.000000E+00   4.000000E+00
    15   2.000000E+00   3.000000E+00
    16   2.000000E+00   4.000000E+00
    17   1.000000E+00   1.000000E+00
    18   0.000000E+00   1.000000E+00
    19   0.000000E+00   2.000000E+00
    20   1.000000E+00   2.000000E+00
    21   1.000000E+00   4.000000E+00
    22   0.000000E+00   3.000000E+00
    23   1.000000E+00   3.000000E+00
    24   0.000000E+00   4.000000E+00


  Node      Code        Fixed Values
   18        10       0.000000  0.000000
   19        10       0.000000  0.000000
   22        10       0.000000  0.000000
   24        10       0.000000  0.000000
    1        01       0.000000  0.000000
    2        01       0.000000  0.000000
    3        01       0.000000  0.000000
    4        01       0.000000  0.000000


=============Element Properties=============

 Material No. =    1   Element Model:Q4                  

 Young Modulus =   1.000000E+00    Poiss Ratio =   3.000000E-01
 Thickness     =   1.000000E+00    Density     =   0.000000E+00
Loads                                                                                      1           0           0
    4    50.000     0.000
    5   100.000     0.000
    8   100.000     0.000
   11   100.000     0.000
   12    50.000     0.000
   24     0.000     0.000
      Total nodal forces for each element

    1       0.00E+00  0.00E+00  0.00E+00  0.00E+00  0.00E+00  0.00E+00
            0.00E+00  0.00E+00
    2       0.00E+00  0.00E+00  0.00E+00  0.00E+00  0.00E+00  0.00E+00
            0.00E+00  0.00E+00
    3       0.00E+00  0.00E+00  0.50E+02  0.00E+00  0.10E+03  0.00E+00
            0.00E+00  0.00E+00
    4       0.00E+00  0.00E+00  0.00E+00  0.00E+00  0.10E+03  0.00E+00
            0.00E+00  0.00E+00
    5       0.00E+00  0.00E+00  0.00E+00  0.00E+00  0.00E+00  0.00E+00
            0.00E+00  0.00E+00
    6       0.00E+00  0.00E+00  0.00E+00  0.00E+00  0.00E+00  0.00E+00
            0.00E+00  0.00E+00
    7       0.00E+00  0.00E+00  0.00E+00  0.00E+00  0.10E+03  0.00E+00
            0.00E+00  0.00E+00
    8       0.00E+00  0.00E+00  0.00E+00  0.00E+00  0.00E+00  0.00E+00
            0.00E+00  0.00E+00
    9       0.00E+00  0.00E+00  0.00E+00  0.00E+00  0.00E+00  0.00E+00
            0.00E+00  0.00E+00
   10       0.00E+00  0.00E+00  0.00E+00  0.00E+00  0.50E+02  0.00E+00
            0.00E+00  0.00E+00
   11       0.00E+00  0.00E+00  0.00E+00  0.00E+00  0.00E+00  0.00E+00
            0.00E+00  0.00E+00
   12       0.00E+00  0.00E+00  0.00E+00  0.00E+00  0.00E+00  0.00E+00
            0.00E+00  0.00E+00
   13       0.00E+00  0.00E+00  0.00E+00  0.00E+00  0.00E+00  0.00E+00
            0.00E+00  0.00E+00
   14       0.00E+00  0.00E+00  0.00E+00  0.00E+00  0.00E+00  0.00E+00
            0.00E+00  0.00E+00
   15       0.00E+00  0.00E+00  0.00E+00  0.00E+00  0.00E+00  0.00E+00
            0.00E+00  0.00E+00
 Maximum frontwidth encountered =          16
     Displacements

      Node      X-disp.       Y-disp.

         1  0.389183E+03  0.000000E+00
         2  0.403814E+03  0.000000E+00
         3  0.470756E+03  0.000000E+00
         4  0.556402E+03  0.000000E+00
         5  0.534807E+03  0.924044E+01
         6  0.443161E+03 -0.143795E+02
         7  0.348451E+03 -0.227857E+02
         8  0.483893E+03  0.223917E+01
         9  0.383452E+03 -0.392471E+02
        10  0.266657E+03 -0.740475E+02
        11  0.426832E+03 -0.207700E+02
        12  0.373052E+03 -0.502638E+02
        13  0.324697E+03 -0.715714E+02
        14  0.273254E+03 -0.102691E+03
        15  0.216418E+03 -0.118849E+03
        16  0.175559E+03 -0.151333E+03
        17  0.231334E+03 -0.761182E+02
        18  0.000000E+00 -0.108981E+03
        19  0.000000E+00 -0.156314E+03
        20  0.131055E+03 -0.125627E+03
        21  0.840099E+02 -0.190330E+03
        22  0.000000E+00 -0.180271E+03
        23  0.106976E+03 -0.161627E+03
        24  0.000000E+00 -0.206128E+03
     Reactions

      Node      X-reac.       Y-reac.

         1  0.000000E+00  0.382793E+02
         2  0.000000E+00 -0.558476E+00
         3  0.000000E+00 -0.191419E+02
         4  0.000000E+00 -0.185789E+02
        18 -0.100442E+03  0.000000E+00
        19 -0.148567E+03  0.000000E+00
        22 -0.106962E+03  0.000000E+00
        24 -0.440293E+02  0.000000E+00
     Stresses


 No.       X-coord   Y-coord   XX-stress     YY-stress    XY-stress

     Element No. =    1
 ===== Gaussian stresses by shape function =====
    1      1.2113    0.2113  0.184991E+02 -0.592980E+02 -0.480464E+02
    2      1.2113    0.7887  0.835222E+02 -0.397910E+02 -0.362035E+02
    3      1.7887    0.2113  0.286501E+02 -0.254611E+02 -0.252883E+02
    4      1.7887    0.7887  0.936733E+02 -0.595416E+01 -0.134454E+02
 ===== Nodal stresses by extrapolation =====
    1      1.0000   -0.0000 -0.901659E+01 -0.788232E+02 -0.607113E+02
    2      1.0000    1.0000  0.103607E+03 -0.450361E+02 -0.401988E+02
    3      2.0000   -0.0000  0.856557E+01 -0.202160E+02 -0.212931E+02
    4      2.0000    1.0000  0.121189E+03  0.135710E+02 -0.780575E+00
 ===== Nodal stresses by shape function =====
    1      1.0000    0.0000 -0.901661E+01 -0.788232E+02 -0.607113E+02
    2      1.0000    1.0000  0.103607E+03 -0.450361E+02 -0.401988E+02
    3      2.0000    0.0000  0.856555E+01 -0.202160E+02 -0.212931E+02
    4      2.0000    1.0000  0.121189E+03  0.135710E+02 -0.780594E+00

     Element No. =    2
 ===== Gaussian stresses by shape function =====
    1      2.2113    0.2113  0.730856E+02  0.916470E+00 -0.183530E+02
    2      2.2113    0.7887  0.907024E+02  0.620149E+01 -0.164863E+02
    3      2.7887    0.2113  0.746856E+02  0.624978E+01 -0.121871E+02
    4      2.7887    0.7887  0.923024E+02  0.115348E+02 -0.103205E+02
 ===== Nodal stresses by extrapolation =====
    1      2.0000   -0.0000  0.660518E+02 -0.297011E+01 -0.212931E+02
    2      2.0000    1.0000  0.965650E+02  0.618382E+01 -0.180599E+02
    3      3.0000   -0.0000  0.688231E+02  0.626746E+01 -0.106135E+02
    4      3.0000    1.0000  0.993362E+02  0.154214E+02 -0.738035E+01
 ===== Nodal stresses by shape function =====
    1      2.0000    0.0000  0.660518E+02 -0.297012E+01 -0.212931E+02
    2      2.0000    1.0000  0.965650E+02  0.618384E+01 -0.180600E+02
    3      3.0000    0.0000  0.688231E+02  0.626744E+01 -0.106135E+02
    4      3.0000    1.0000  0.993362E+02  0.154214E+02 -0.738035E+01

     Element No. =    3
 ===== Gaussian stresses by shape function =====
    1      3.2113    0.2113  0.924150E+02  0.183365E+02 -0.820604E+01
    2      3.2113    0.7887  0.962217E+02  0.194785E+02 -0.296106E+01
    3      3.7887    0.2113  0.969107E+02  0.333222E+02 -0.687368E+01
    4      3.7887    0.7887  0.100717E+03  0.344642E+02 -0.162870E+01
 ===== Nodal stresses by extrapolation =====
    1      3.0000   -0.0000  0.893761E+02  0.124333E+02 -0.106135E+02
    2      3.0000    1.0000  0.959695E+02  0.144114E+02 -0.152893E+01
    3      4.0000   -0.0000  0.971629E+02  0.383893E+02 -0.830580E+01
    4      4.0000    1.0000  0.103756E+03  0.403673E+02  0.778765E+00
 ===== Nodal stresses by shape function =====
    1      3.0000    0.0000  0.893761E+02  0.124333E+02 -0.106135E+02
    2      3.0000    1.0000  0.959695E+02  0.144114E+02 -0.152891E+01
    3      4.0000    0.0000  0.971629E+02  0.383893E+02 -0.830580E+01
    4      4.0000    1.0000  0.103756E+03  0.403673E+02  0.778782E+00

     Element No. =    4
 ===== Gaussian stresses by shape function =====
    1      3.2113    1.2113  0.957988E+02  0.764767E+01 -0.117134E+02
    2      3.2113    1.7887  0.101378E+03  0.932156E+01 -0.774606E+01
    3      3.7887    1.2113  0.991994E+02  0.189830E+02 -0.976053E+01
    4      3.7887    1.7887  0.104779E+03  0.206568E+02 -0.579317E+01
 ===== Nodal stresses by extrapolation =====
    1      3.0000    1.0000  0.925118E+02  0.288598E+01 -0.138804E+02
    2      3.0000    2.0000  0.102176E+03  0.578523E+01 -0.700871E+01
    3      4.0000    1.0000  0.984018E+02  0.225193E+02 -0.104979E+02
    4      4.0000    2.0000  0.108066E+03  0.254185E+02 -0.362622E+01
 ===== Nodal stresses by shape function =====
    1      3.0000    1.0000  0.925118E+02  0.288597E+01 -0.138804E+02
    2      3.0000    2.0000  0.102176E+03  0.578524E+01 -0.700871E+01
    3      4.0000    1.0000  0.984018E+02  0.225193E+02 -0.104979E+02
    4      4.0000    2.0000  0.108066E+03  0.254186E+02 -0.362623E+01

     Element No. =    5
 ===== Gaussian stresses by shape function =====
    1      2.2113    1.2113  0.941450E+02 -0.174406E+02 -0.242860E+02
    2      2.2113    1.7887  0.108157E+03 -0.132369E+02 -0.184249E+02
    3      2.7887    1.2113  0.991687E+02 -0.694736E+00 -0.193816E+02
    4      2.7887    1.7887  0.113181E+03  0.350902E+01 -0.135206E+02
 ===== Nodal stresses by extrapolation =====
    1      2.0000    1.0000  0.871772E+02 -0.251087E+02 -0.282264E+02
    2      2.0000    2.0000  0.111448E+03 -0.178276E+02 -0.180748E+02
    3      3.0000    1.0000  0.958786E+02  0.389600E+01 -0.197318E+02
    4      3.0000    2.0000  0.120149E+03  0.111771E+02 -0.958012E+01
 ===== Nodal stresses by shape function =====
    1      2.0000    1.0000  0.871772E+02 -0.251087E+02 -0.282264E+02
    2      2.0000    2.0000  0.111448E+03 -0.178276E+02 -0.180748E+02
    3      3.0000    1.0000  0.958786E+02  0.389601E+01 -0.197318E+02
    4      3.0000    2.0000  0.120149E+03  0.111771E+02 -0.958015E+01

     Element No. =    6
 ===== Gaussian stresses by shape function =====
    1      1.2113    1.2113  0.116549E+03 -0.149145E+02 -0.166962E+02
    2      1.2113    1.7887  0.128276E+03 -0.113964E+02 -0.170855E+02
    3      1.7887    1.2113  0.116216E+03 -0.160267E+02 -0.125919E+02
    4      1.7887    1.7887  0.127942E+03 -0.125087E+02 -0.129812E+02
 ===== Nodal stresses by extrapolation =====
    1      1.0000    1.0000  0.112379E+03 -0.157951E+02 -0.180561E+02
    2      1.0000    2.0000  0.132691E+03 -0.970158E+01 -0.187303E+02
    3      2.0000    1.0000  0.111801E+03 -0.177215E+02 -0.109471E+02
    4      2.0000    2.0000  0.132113E+03 -0.116281E+02 -0.116213E+02
 ===== Nodal stresses by shape function =====
    1      1.0000    1.0000  0.112379E+03 -0.157950E+02 -0.180561E+02
    2      1.0000    2.0000  0.132691E+03 -0.970161E+01 -0.187303E+02
    3      2.0000    1.0000  0.111801E+03 -0.177215E+02 -0.109471E+02
    4      2.0000    2.0000  0.132113E+03 -0.116281E+02 -0.116213E+02

     Element No. =    7
 ===== Gaussian stresses by shape function =====
    1      3.2113    2.2113  0.100760E+03 -0.127811E+00 -0.574712E+01
    2      3.2113    2.7887  0.101835E+03  0.194618E+00 -0.367860E+01
    3      3.7887    2.2113  0.102533E+03  0.578226E+01 -0.537096E+01
    4      3.7887    2.7887  0.103608E+03  0.610469E+01 -0.330247E+01
 ===== Nodal stresses by extrapolation =====
    1      3.0000    2.0000  0.997178E+02 -0.240907E+01 -0.664194E+01
    2      3.0000    3.0000  0.101579E+03 -0.185060E+01 -0.305914E+01
    3      4.0000    2.0000  0.102789E+03  0.782748E+01 -0.599040E+01
    4      4.0000    3.0000  0.104650E+03  0.838594E+01 -0.240767E+01
 ===== Nodal stresses by shape function =====
    1      3.0000    2.0000  0.997178E+02 -0.240906E+01 -0.664194E+01
    2      3.0000    3.0000  0.101579E+03 -0.185060E+01 -0.305915E+01
    3      4.0000    2.0000  0.102789E+03  0.782748E+01 -0.599042E+01
    4      4.0000    3.0000  0.104650E+03  0.838594E+01 -0.240762E+01

     Element No. =    8
 ===== Gaussian stresses by shape function =====
    1      2.2113    2.2113  0.112469E+03 -0.842412E+01 -0.561589E+01
    2      2.2113    2.7887  0.107066E+03 -0.100451E+02 -0.284524E+01
    3      2.7887    2.2113  0.114844E+03 -0.508009E+00 -0.750706E+01
    4      2.7887    2.7887  0.109440E+03 -0.212899E+01 -0.473640E+01
 ===== Nodal stresses by extrapolation =====
    1      2.0000    2.0000  0.113577E+03 -0.107283E+02 -0.593780E+01
    2      2.0000    3.0000  0.104219E+03 -0.135359E+02 -0.113890E+01
    3      3.0000    2.0000  0.117691E+03  0.298281E+01 -0.921340E+01
    4      3.0000    3.0000  0.108332E+03  0.175194E+00 -0.441449E+01
 ===== Nodal stresses by shape function =====
    1      2.0000    2.0000  0.113577E+03 -0.107283E+02 -0.593781E+01
    2      2.0000    3.0000  0.104219E+03 -0.135359E+02 -0.113890E+01
    3      3.0000    2.0000  0.117691E+03  0.298283E+01 -0.921339E+01
    4      3.0000    3.0000  0.108332E+03  0.175171E+00 -0.441449E+01

     Element No. =    9
 ===== Gaussian stresses by shape function =====
    1      1.2113    2.2113  0.130456E+03  0.127721E+01  0.773542E+01
    2      1.2113    2.7887  0.113859E+03 -0.370193E+01  0.578088E+01
    3      1.7887    2.2113  0.128781E+03 -0.430723E+01  0.192646E+01
    4      1.7887    2.7887  0.112184E+03 -0.928634E+01 -0.280838E-01
 ===== Nodal stresses by extrapolation =====
    1      1.0000    2.0000  0.137144E+03  0.514375E+01  0.105771E+02
    2      1.0000    3.0000  0.108397E+03 -0.348040E+01  0.719170E+01
    3      2.0000    2.0000  0.134242E+03 -0.452880E+01  0.515647E+00
    4      2.0000    3.0000  0.105496E+03 -0.131529E+02 -0.286973E+01
 ===== Nodal stresses by shape function =====
    1      1.0000    2.0000  0.137144E+03  0.514371E+01  0.105771E+02
    2      1.0000    3.0000  0.108397E+03 -0.348036E+01  0.719169E+01
    3      2.0000    2.0000  0.134242E+03 -0.452879E+01  0.515648E+00
    4      2.0000    3.0000  0.105495E+03 -0.131529E+02 -0.286972E+01

     Element No. =   10
 ===== Gaussian stresses by shape function =====
    1      3.2113    3.2113  0.101547E+03 -0.312202E+00 -0.304650E+00
    2      3.2113    3.7887  0.100065E+03 -0.756805E+00  0.564461E-01
    3      3.7887    3.2113  0.101857E+03  0.719540E+00 -0.823342E+00
    4      3.7887    3.7887  0.100375E+03  0.274927E+00 -0.462233E+00
 ===== Nodal stresses by extrapolation =====
    1      3.0000    3.0000  0.101976E+03 -0.527112E+00 -0.246964E+00
    2      3.0000    4.0000  0.994094E+02 -0.129718E+01  0.378464E+00
    3      4.0000    3.0000  0.102512E+03  0.125992E+01 -0.114537E+01
    4      4.0000    4.0000  0.999456E+02  0.489827E+00 -0.519905E+00
 ===== Nodal stresses by shape function =====
    1      3.0000    3.0000  0.101976E+03 -0.527115E+00 -0.246971E+00
    2      3.0000    4.0000  0.994095E+02 -0.129718E+01  0.378498E+00
    3      4.0000    3.0000  0.102512E+03  0.125992E+01 -0.114539E+01
    4      4.0000    4.0000  0.999456E+02  0.489853E+00 -0.519924E+00

     Element No. =   11
 ===== Gaussian stresses by shape function =====
    1      2.2113    3.2113  0.105916E+03 -0.420685E+00  0.171918E+01
    2      2.2113    3.7887  0.992011E+02 -0.243524E+01  0.202202E+01
    3      2.7887    3.2113  0.106176E+03  0.444569E+00 -0.631182E+00
    4      2.7887    3.7887  0.994606E+02 -0.157001E+01 -0.328342E+00
 ===== Nodal stresses by extrapolation =====
    1      2.0000    3.0000  0.108279E+03 -0.135601E-04  0.246863E+01
    2      2.0000    4.0000  0.966481E+02 -0.348931E+01  0.299316E+01
    3      3.0000    3.0000  0.108729E+03  0.149866E+01 -0.160232E+01
    4      3.0000    4.0000  0.970977E+02 -0.199071E+01 -0.107779E+01
 ===== Nodal stresses by shape function =====
    1      2.0000    3.0000  0.108279E+03  0.305176E-04  0.246864E+01
    2      2.0000    4.0000  0.966481E+02 -0.348935E+01  0.299314E+01
    3      3.0000    3.0000  0.108729E+03  0.149866E+01 -0.160231E+01
    4      3.0000    4.0000  0.970977E+02 -0.199072E+01 -0.107780E+01

     Element No. =   12
 ===== Gaussian stresses by shape function =====
    1      1.2113    3.2113  0.106384E+03  0.241286E+01  0.585806E+01
    2      1.2113    3.7887  0.950321E+02 -0.992767E+00  0.501862E+01
    3      1.7887    3.2113  0.105665E+03  0.144348E-01  0.188484E+01
    4      1.7887    3.7887  0.943125E+02 -0.339115E+01  0.104541E+01
 ===== Nodal stresses by extrapolation =====
    1      1.0000    3.0000  0.110803E+03  0.453729E+01  0.761961E+01
    2      1.0000    4.0000  0.911403E+02 -0.136145E+01  0.616566E+01
    3      2.0000    3.0000  0.109556E+03  0.383077E+00  0.737802E+00
    4      2.0000    4.0000  0.898940E+02 -0.551555E+01 -0.716146E+00
 ===== Nodal stresses by shape function =====
    1      1.0000    3.0000  0.110803E+03  0.453726E+01  0.761961E+01
    2      1.0000    4.0000  0.911402E+02 -0.136142E+01  0.616566E+01
    3      2.0000    3.0000  0.109556E+03  0.383118E+00  0.737816E+00
    4      2.0000    4.0000  0.898940E+02 -0.551556E+01 -0.716125E+00

     Element No. =   13
 ===== Gaussian stresses by shape function =====
    1      0.2113    1.2113  0.215170E+03  0.167587E+02  0.431228E+01
    2      0.2113    1.7887  0.151548E+03 -0.232779E+01  0.382900E+01
    3      0.7887    1.2113  0.214756E+03  0.153779E+02 -0.179553E+02
    4      0.7887    1.7887  0.151134E+03 -0.370860E+01 -0.184386E+02
 ===== Nodal stresses by extrapolation =====
    1     -0.0000    1.0000  0.238609E+03  0.242503E+02  0.126397E+02
    2     -0.0000    2.0000  0.128413E+03 -0.880852E+01  0.118026E+02
    3      1.0000    1.0000  0.237891E+03  0.218586E+02 -0.259289E+02
    4      1.0000    2.0000  0.127695E+03 -0.112002E+02 -0.267660E+02
 ===== Nodal stresses by shape function =====
    1      0.0000    1.0000  0.238609E+03  0.242502E+02  0.126397E+02
    2      0.0000    2.0000  0.128413E+03 -0.880853E+01  0.118026E+02
    3      1.0000    1.0000  0.237891E+03  0.218586E+02 -0.259289E+02
    4      1.0000    2.0000  0.127695E+03 -0.112001E+02 -0.267660E+02

     Element No. =   14
 ===== Gaussian stresses by shape function =====
    1      0.2113    2.2113  0.129688E+03  0.124043E+02  0.886672E+01
    2      0.2113    2.7887  0.114411E+03  0.782115E+01  0.619268E+01
    3      0.7887    2.2113  0.127396E+03  0.476414E+01  0.351977E+01
    4      0.7887    2.7887  0.112119E+03  0.181023E+00  0.845730E+00
 ===== Nodal stresses by extrapolation =====
    1     -0.0000    2.0000  0.136119E+03  0.168783E+02  0.118026E+02
    2     -0.0000    3.0000  0.109658E+03  0.894010E+01  0.717103E+01
    3      1.0000    2.0000  0.132149E+03  0.364519E+01  0.254142E+01
    4      1.0000    3.0000  0.105689E+03 -0.429300E+01 -0.209016E+01
 ===== Nodal stresses by shape function =====
    1      0.0000    2.0000  0.136119E+03  0.168783E+02  0.118026E+02
    2      0.0000    3.0000  0.109658E+03  0.894012E+01  0.717102E+01
    3      1.0000    2.0000  0.132149E+03  0.364517E+01  0.254143E+01
    4      1.0000    3.0000  0.105689E+03 -0.429298E+01 -0.209016E+01

     Element No. =   15
 ===== Gaussian stresses by shape function =====
    1      0.2113    3.2113  0.103501E+03  0.459175E+01  0.507297E+01
    2      0.2113    3.7887  0.889294E+02  0.220428E+00  0.444083E+01
    3      0.7887    3.2113  0.102959E+03  0.278569E+01 -0.269222E-01
    4      0.7887    3.7887  0.883876E+02 -0.158565E+01 -0.659054E+00
 ===== Nodal stresses by extrapolation =====
    1     -0.0000    3.0000  0.109032E+03  0.685283E+01  0.717103E+01
    2     -0.0000    4.0000  0.837944E+02 -0.718514E+00  0.607615E+01
    3      1.0000    3.0000  0.108094E+03  0.372464E+01 -0.166223E+01
    4      1.0000    4.0000  0.828559E+02 -0.384675E+01 -0.275712E+01
 ===== Nodal stresses by shape function =====
    1      0.0000    3.0000  0.109032E+03  0.685286E+01  0.717102E+01
    2      0.0000    4.0000  0.837944E+02 -0.718506E+00  0.607615E+01
    3      1.0000    3.0000  0.108094E+03  0.372464E+01 -0.166224E+01
    4      1.0000    4.0000  0.828559E+02 -0.384673E+01 -0.275712E+01
