
            P L A N E   S T R E S S                           



xzy 18/12/20                                                                    


 npoin =  77     nelem =  60     nvfix =  14     ntype =   1

 nnode =   4     nmats =   1     ngaus =   2     nevab =   8

 nstre =   3     ndofn =   2     noutp = 333


 Element   Property      Node Numbers
     1        1          1    2    4    3
     2        1          2    5    6    4
     3        1         20   21    3    4
     4        1          6   19   20    4
     5        1          5    7    8    6
     6        1         18   19    6    8
     7        1          7    9   10    8
     8        1         10   17   18    8
     9        1          9   11   13   10
    10        1         16   17   10   13
    11        1         11   12   14   13
    12        1         14   15   16   13
    13        1         16   15   32   31
    14        1         17   16   31   30
    15        1         18   17   30   29
    16        1         19   18   29   28
    17        1         20   19   28   27
    18        1         21   20   27   26
    19        1         22   21   26   25
    20        1         23   22   25   24
    21        1         34   33   24   25
    22        1         26   35   34   25
    23        1         36   35   26   27
    24        1         28   37   36   27
    25        1         38   37   28   29
    26        1         30   39   38   29
    27        1         40   39   30   31
    28        1         32   41   40   31
    29        1         33   34   43   42
    30        1         34   35   44   43
    31        1         35   36   45   44
    32        1         36   37   46   45
    33        1         37   38   47   46
    34        1         38   39   48   47
    35        1         39   40   49   48
    36        1         40   41   50   49
    37        1         52   51   42   43
    38        1         44   53   52   43
    39        1         54   53   44   45
    40        1         46   55   54   45
    41        1         56   55   46   47
    42        1         48   57   56   47
    43        1         58   57   48   49
    44        1         50   59   58   49
    45        1         51   52   62   60
    46        1         52   53   64   62
    47        1         53   54   66   64
    48        1         54   55   68   66
    49        1         55   56   70   68
    50        1         56   57   72   70
    51        1         57   58   74   72
    52        1         58   59   75   74
    53        1         63   61   60   62
    54        1         64   65   63   62
    55        1         67   65   64   66
    56        1         68   69   67   66
    57        1         71   69   68   70
    58        1         72   73   71   70
    59        1         76   73   72   74
    60        1         75   77   76   74


 Node          X          Y
     1   1.000000E+00   0.000000E+00
     2   1.500000E+00   0.000000E+00
     3   1.000000E+00   5.000000E-01
     4   1.500000E+00   5.000000E-01
     5   2.000000E+00   0.000000E+00
     6   2.000000E+00   5.000000E-01
     7   2.500000E+00   0.000000E+00
     8   2.500000E+00   5.000000E-01
     9   3.000000E+00   0.000000E+00
    10   3.000000E+00   5.000000E-01
    11   3.500000E+00   0.000000E+00
    12   4.000000E+00   0.000000E+00
    13   3.500000E+00   5.000000E-01
    14   4.000000E+00   5.000000E-01
    15   4.000000E+00   1.000000E+00
    16   3.500000E+00   1.000000E+00
    17   3.000000E+00   1.000000E+00
    18   2.500000E+00   1.000000E+00
    19   2.000000E+00   1.000000E+00
    20   1.500000E+00   1.000000E+00
    21   1.000000E+00   1.000000E+00
    22   5.000000E-01   1.000000E+00
    23   0.000000E+00   1.000000E+00
    24   0.000000E+00   1.500000E+00
    25   5.000000E-01   1.500000E+00
    26   1.000000E+00   1.500000E+00
    27   1.500000E+00   1.500000E+00
    28   2.000000E+00   1.500000E+00
    29   2.500000E+00   1.500000E+00
    30   3.000000E+00   1.500000E+00
    31   3.500000E+00   1.500000E+00
    32   4.000000E+00   1.500000E+00
    33   0.000000E+00   2.000000E+00
    34   5.000000E-01   2.000000E+00
    35   1.000000E+00   2.000000E+00
    36   1.500000E+00   2.000000E+00
    37   2.000000E+00   2.000000E+00
    38   2.500000E+00   2.000000E+00
    39   3.000000E+00   2.000000E+00
    40   3.500000E+00   2.000000E+00
    41   4.000000E+00   2.000000E+00
    42   0.000000E+00   2.500000E+00
    43   5.000000E-01   2.500000E+00
    44   1.000000E+00   2.500000E+00
    45   1.500000E+00   2.500000E+00
    46   2.000000E+00   2.500000E+00
    47   2.500000E+00   2.500000E+00
    48   3.000000E+00   2.500000E+00
    49   3.500000E+00   2.500000E+00
    50   4.000000E+00   2.500000E+00
    51   0.000000E+00   3.000000E+00
    52   5.000000E-01   3.000000E+00
    53   1.000000E+00   3.000000E+00
    54   1.500000E+00   3.000000E+00
    55   2.000000E+00   3.000000E+00
    56   2.500000E+00   3.000000E+00
    57   3.000000E+00   3.000000E+00
    58   3.500000E+00   3.000000E+00
    59   4.000000E+00   3.000000E+00
    60   0.000000E+00   3.500000E+00
    61   0.000000E+00   4.000000E+00
    62   5.000000E-01   3.500000E+00
    63   5.000000E-01   4.000000E+00
    64   1.000000E+00   3.500000E+00
    65   1.000000E+00   4.000000E+00
    66   1.500000E+00   3.500000E+00
    67   1.500000E+00   4.000000E+00
    68   2.000000E+00   3.500000E+00
    69   2.000000E+00   4.000000E+00
    70   2.500000E+00   3.500000E+00
    71   2.500000E+00   4.000000E+00
    72   3.000000E+00   3.500000E+00
    73   3.000000E+00   4.000000E+00
    74   3.500000E+00   3.500000E+00
    75   4.000000E+00   3.500000E+00
    76   3.500000E+00   4.000000E+00
    77   4.000000E+00   4.000000E+00


  Node      Code        Fixed Values
    1        01       0.000000  0.000000
    2        01       0.000000  0.000000
    5        01       0.000000  0.000000
    7        01       0.000000  0.000000
    9        01       0.000000  0.000000
   11        01       0.000000  0.000000
   12        01       0.000000  0.000000
   23        10       0.000000  0.000000
   24        10       0.000000  0.000000
   33        10       0.000000  0.000000
   42        10       0.000000  0.000000
   51        10       0.000000  0.000000
   60        10       0.000000  0.000000
   61        10       0.000000  0.000000


=============Element Properties=============

 Material No. =    1   Element Model:Q4                  

 Young Modulus =   1.000000E+00    Poiss Ratio =   3.000000E-01
 Thickness     =   1.000000E+00    Density     =   0.000000E+00
Loads                                                                                      1           0           0
   14    50.000     0.000
   15    50.000     0.000
   32    50.000     0.000
   41    50.000     0.000
   50    50.000     0.000
   59    50.000     0.000
   75    50.000     0.000
   12    25.000     0.000
   77    25.000     0.000
      Total nodal forces for each element

    1       0.00E+00  0.00E+00  0.00E+00  0.00E+00  0.00E+00  0.00E+00
            0.00E+00  0.00E+00
    2       0.00E+00  0.00E+00  0.00E+00  0.00E+00  0.00E+00  0.00E+00
            0.00E+00  0.00E+00
    3       0.00E+00  0.00E+00  0.00E+00  0.00E+00  0.00E+00  0.00E+00
            0.00E+00  0.00E+00
    4       0.00E+00  0.00E+00  0.00E+00  0.00E+00  0.00E+00  0.00E+00
            0.00E+00  0.00E+00
    5       0.00E+00  0.00E+00  0.00E+00  0.00E+00  0.00E+00  0.00E+00
            0.00E+00  0.00E+00
    6       0.00E+00  0.00E+00  0.00E+00  0.00E+00  0.00E+00  0.00E+00
            0.00E+00  0.00E+00
    7       0.00E+00  0.00E+00  0.00E+00  0.00E+00  0.00E+00  0.00E+00
            0.00E+00  0.00E+00
    8       0.00E+00  0.00E+00  0.00E+00  0.00E+00  0.00E+00  0.00E+00
            0.00E+00  0.00E+00
    9       0.00E+00  0.00E+00  0.00E+00  0.00E+00  0.00E+00  0.00E+00
            0.00E+00  0.00E+00
   10       0.00E+00  0.00E+00  0.00E+00  0.00E+00  0.00E+00  0.00E+00
            0.00E+00  0.00E+00
   11       0.00E+00  0.00E+00  0.25E+02  0.00E+00  0.50E+02  0.00E+00
            0.00E+00  0.00E+00
   12       0.00E+00  0.00E+00  0.50E+02  0.00E+00  0.00E+00  0.00E+00
            0.00E+00  0.00E+00
   13       0.00E+00  0.00E+00  0.00E+00  0.00E+00  0.50E+02  0.00E+00
            0.00E+00  0.00E+00
   14       0.00E+00  0.00E+00  0.00E+00  0.00E+00  0.00E+00  0.00E+00
            0.00E+00  0.00E+00
   15       0.00E+00  0.00E+00  0.00E+00  0.00E+00  0.00E+00  0.00E+00
            0.00E+00  0.00E+00
   16       0.00E+00  0.00E+00  0.00E+00  0.00E+00  0.00E+00  0.00E+00
            0.00E+00  0.00E+00
   17       0.00E+00  0.00E+00  0.00E+00  0.00E+00  0.00E+00  0.00E+00
            0.00E+00  0.00E+00
   18       0.00E+00  0.00E+00  0.00E+00  0.00E+00  0.00E+00  0.00E+00
            0.00E+00  0.00E+00
   19       0.00E+00  0.00E+00  0.00E+00  0.00E+00  0.00E+00  0.00E+00
            0.00E+00  0.00E+00
   20       0.00E+00  0.00E+00  0.00E+00  0.00E+00  0.00E+00  0.00E+00
            0.00E+00  0.00E+00
   21       0.00E+00  0.00E+00  0.00E+00  0.00E+00  0.00E+00  0.00E+00
            0.00E+00  0.00E+00
   22       0.00E+00  0.00E+00  0.00E+00  0.00E+00  0.00E+00  0.00E+00
            0.00E+00  0.00E+00
   23       0.00E+00  0.00E+00  0.00E+00  0.00E+00  0.00E+00  0.00E+00
            0.00E+00  0.00E+00
   24       0.00E+00  0.00E+00  0.00E+00  0.00E+00  0.00E+00  0.00E+00
            0.00E+00  0.00E+00
   25       0.00E+00  0.00E+00  0.00E+00  0.00E+00  0.00E+00  0.00E+00
            0.00E+00  0.00E+00
   26       0.00E+00  0.00E+00  0.00E+00  0.00E+00  0.00E+00  0.00E+00
            0.00E+00  0.00E+00
   27       0.00E+00  0.00E+00  0.00E+00  0.00E+00  0.00E+00  0.00E+00
            0.00E+00  0.00E+00
   28       0.00E+00  0.00E+00  0.50E+02  0.00E+00  0.00E+00  0.00E+00
            0.00E+00  0.00E+00
   29       0.00E+00  0.00E+00  0.00E+00  0.00E+00  0.00E+00  0.00E+00
            0.00E+00  0.00E+00
   30       0.00E+00  0.00E+00  0.00E+00  0.00E+00  0.00E+00  0.00E+00
            0.00E+00  0.00E+00
   31       0.00E+00  0.00E+00  0.00E+00  0.00E+00  0.00E+00  0.00E+00
            0.00E+00  0.00E+00
   32       0.00E+00  0.00E+00  0.00E+00  0.00E+00  0.00E+00  0.00E+00
            0.00E+00  0.00E+00
   33       0.00E+00  0.00E+00  0.00E+00  0.00E+00  0.00E+00  0.00E+00
            0.00E+00  0.00E+00
   34       0.00E+00  0.00E+00  0.00E+00  0.00E+00  0.00E+00  0.00E+00
            0.00E+00  0.00E+00
   35       0.00E+00  0.00E+00  0.00E+00  0.00E+00  0.00E+00  0.00E+00
            0.00E+00  0.00E+00
   36       0.00E+00  0.00E+00  0.00E+00  0.00E+00  0.50E+02  0.00E+00
            0.00E+00  0.00E+00
   37       0.00E+00  0.00E+00  0.00E+00  0.00E+00  0.00E+00  0.00E+00
            0.00E+00  0.00E+00
   38       0.00E+00  0.00E+00  0.00E+00  0.00E+00  0.00E+00  0.00E+00
            0.00E+00  0.00E+00
   39       0.00E+00  0.00E+00  0.00E+00  0.00E+00  0.00E+00  0.00E+00
            0.00E+00  0.00E+00
   40       0.00E+00  0.00E+00  0.00E+00  0.00E+00  0.00E+00  0.00E+00
            0.00E+00  0.00E+00
   41       0.00E+00  0.00E+00  0.00E+00  0.00E+00  0.00E+00  0.00E+00
            0.00E+00  0.00E+00
   42       0.00E+00  0.00E+00  0.00E+00  0.00E+00  0.00E+00  0.00E+00
            0.00E+00  0.00E+00
   43       0.00E+00  0.00E+00  0.00E+00  0.00E+00  0.00E+00  0.00E+00
            0.00E+00  0.00E+00
   44       0.00E+00  0.00E+00  0.50E+02  0.00E+00  0.00E+00  0.00E+00
            0.00E+00  0.00E+00
   45       0.00E+00  0.00E+00  0.00E+00  0.00E+00  0.00E+00  0.00E+00
            0.00E+00  0.00E+00
   46       0.00E+00  0.00E+00  0.00E+00  0.00E+00  0.00E+00  0.00E+00
            0.00E+00  0.00E+00
   47       0.00E+00  0.00E+00  0.00E+00  0.00E+00  0.00E+00  0.00E+00
            0.00E+00  0.00E+00
   48       0.00E+00  0.00E+00  0.00E+00  0.00E+00  0.00E+00  0.00E+00
            0.00E+00  0.00E+00
   49       0.00E+00  0.00E+00  0.00E+00  0.00E+00  0.00E+00  0.00E+00
            0.00E+00  0.00E+00
   50       0.00E+00  0.00E+00  0.00E+00  0.00E+00  0.00E+00  0.00E+00
            0.00E+00  0.00E+00
   51       0.00E+00  0.00E+00  0.00E+00  0.00E+00  0.00E+00  0.00E+00
            0.00E+00  0.00E+00
   52       0.00E+00  0.00E+00  0.00E+00  0.00E+00  0.50E+02  0.00E+00
            0.00E+00  0.00E+00
   53       0.00E+00  0.00E+00  0.00E+00  0.00E+00  0.00E+00  0.00E+00
            0.00E+00  0.00E+00
   54       0.00E+00  0.00E+00  0.00E+00  0.00E+00  0.00E+00  0.00E+00
            0.00E+00  0.00E+00
   55       0.00E+00  0.00E+00  0.00E+00  0.00E+00  0.00E+00  0.00E+00
            0.00E+00  0.00E+00
   56       0.00E+00  0.00E+00  0.00E+00  0.00E+00  0.00E+00  0.00E+00
            0.00E+00  0.00E+00
   57       0.00E+00  0.00E+00  0.00E+00  0.00E+00  0.00E+00  0.00E+00
            0.00E+00  0.00E+00
   58       0.00E+00  0.00E+00  0.00E+00  0.00E+00  0.00E+00  0.00E+00
            0.00E+00  0.00E+00
   59       0.00E+00  0.00E+00  0.00E+00  0.00E+00  0.00E+00  0.00E+00
            0.00E+00  0.00E+00
   60       0.00E+00  0.00E+00  0.25E+02  0.00E+00  0.00E+00  0.00E+00
            0.00E+00  0.00E+00
 Maximum frontwidth encountered =          22
     Displacements

      Node      X-disp.       Y-disp.

         1  0.407422E+03  0.000000E+00
         2  0.422464E+03  0.000000E+00
         3  0.380134E+03 -0.588493E+02
         4  0.390353E+03 -0.147428E+02
         5  0.435822E+03  0.000000E+00
         6  0.415906E+03 -0.806982E+01
         7  0.462759E+03  0.000000E+00
         8  0.449821E+03 -0.640523E+01
         9  0.499071E+03  0.000000E+00
        10  0.489420E+03 -0.393755E+01
        11  0.540500E+03  0.000000E+00
        12  0.582958E+03  0.000000E+00
        13  0.532299E+03  0.118168E+01
        14  0.575510E+03  0.115224E+02
        15  0.554903E+03  0.188938E+02
        16  0.509805E+03 -0.204919E+00
        17  0.463519E+03 -0.109826E+02
        18  0.416536E+03 -0.179853E+02
        19  0.367699E+03 -0.251553E+02
        20  0.312669E+03 -0.403949E+02
        21  0.244016E+03 -0.926016E+02
        22  0.112679E+03 -0.115988E+03
        23  0.000000E+00 -0.121577E+03
        24  0.000000E+00 -0.149451E+03
        25  0.887600E+02 -0.144111E+03
        26  0.166559E+03 -0.116560E+03
        27  0.245580E+03 -0.763460E+02
        28  0.315442E+03 -0.510456E+02
        29  0.375113E+03 -0.357931E+02
        30  0.428533E+03 -0.223233E+02
        31  0.478201E+03 -0.562071E+01
        32  0.525475E+03  0.196284E+02
        33  0.000000E+00 -0.168347E+03
        34  0.691999E+02 -0.160113E+03
        35  0.138257E+03 -0.137297E+03
        36  0.206660E+03 -0.106830E+03
        37  0.273767E+03 -0.788662E+02
        38  0.335576E+03 -0.568098E+02
        39  0.391591E+03 -0.370073E+02
        40  0.443197E+03 -0.150499E+02
        41  0.492182E+03  0.135720E+02
        42  0.000000E+00 -0.181682E+03
        43  0.598484E+02 -0.174839E+03
        44  0.120348E+03 -0.156020E+03
        45  0.181760E+03 -0.130203E+03
        46  0.242769E+03 -0.103074E+03
        47  0.301586E+03 -0.775666E+02
        48  0.356896E+03 -0.531814E+02
        49  0.408841E+03 -0.274581E+02
        50  0.458765E+03  0.236301E+01
        51  0.000000E+00 -0.194801E+03
        52  0.532283E+02 -0.188940E+03
        53  0.107223E+03 -0.172702E+03
        54  0.162194E+03 -0.149494E+03
        55  0.217591E+03 -0.123187E+03
        56  0.272311E+03 -0.963209E+02
        57  0.325451E+03 -0.694040E+02
        58  0.376773E+03 -0.415499E+02
        59  0.426973E+03 -0.117292E+02
        60  0.000000E+00 -0.208020E+03
        61  0.000000E+00 -0.220403E+03
        62  0.469193E+02 -0.202697E+03
        63  0.388786E+02 -0.215394E+03
        64  0.947434E+02 -0.187777E+03
        65  0.796153E+02 -0.201270E+03
        66  0.143946E+03 -0.165928E+03
        67  0.123291E+03 -0.180330E+03
        68  0.194365E+03 -0.140242E+03
        69  0.169863E+03 -0.155283E+03
        70  0.245377E+03 -0.112988E+03
        71  0.218415E+03 -0.128223E+03
        72  0.296289E+03 -0.850519E+02
        73  0.267854E+03 -0.100146E+03
        74  0.346732E+03 -0.563317E+02
        75  0.396842E+03 -0.268181E+02
        76  0.317553E+03 -0.712724E+02
        77  0.367447E+03 -0.419134E+02
     Reactions

      Node      X-reac.       Y-reac.

         1  0.000000E+00  0.250590E+02
         2  0.000000E+00  0.194585E+02
         5  0.000000E+00  0.403900E-01
         7  0.000000E+00 -0.541852E+01
         9  0.000000E+00 -0.998892E+01
        11  0.000000E+00 -0.168106E+02
        12  0.000000E+00 -0.123396E+02
        23 -0.524333E+02  0.000000E+00
        24 -0.913793E+02  0.000000E+00
        33 -0.735236E+02  0.000000E+00
        42 -0.616584E+02  0.000000E+00
        51 -0.539566E+02  0.000000E+00
        60 -0.467593E+02  0.000000E+00
        61 -0.202896E+02  0.000000E+00
     Stresses


 No.       X-coord   Y-coord   XX-stress     YY-stress    XY-stress

     Element No. =    1
 ===== Gaussian stresses by shape function =====
    1      1.1057    0.1057 -0.183778E+01 -0.996083E+02 -0.146056E+02
    2      1.1057    0.3943 -0.795704E+01 -0.101444E+03  0.498278E+01
    3      1.3943    0.1057  0.149522E+02 -0.436415E+02 -0.167473E+02
    4      1.3943    0.3943  0.883301E+01 -0.454773E+02  0.284105E+01
 ===== Nodal stresses by extrapolation =====
    1      1.0000   -0.0000 -0.574355E+01 -0.119422E+03 -0.209915E+02
    2      1.0000    0.5000 -0.163424E+02 -0.122601E+03  0.129366E+02
    3      1.5000   -0.0000  0.233376E+02 -0.224843E+02 -0.247011E+02
    4      1.5000    0.5000  0.127388E+02 -0.256640E+02  0.922697E+01
 ===== Nodal stresses by shape function =====
    1      1.0000    0.0000 -0.574355E+01 -0.119422E+03 -0.209915E+02
    2      1.0000    0.5000 -0.163424E+02 -0.122601E+03  0.129365E+02
    3      1.5000    0.0000  0.233376E+02 -0.224843E+02 -0.247011E+02
    4      1.5000    0.5000  0.127388E+02 -0.256640E+02  0.922695E+01

     Element No. =    2
 ===== Gaussian stresses by shape function =====
    1      1.6057    0.1057  0.262318E+02 -0.187957E+02 -0.216338E+02
    2      1.6057    0.3943  0.417071E+02 -0.141531E+02 -0.186703E+02
    3      1.8943    0.1057  0.287721E+02 -0.103284E+02 -0.162175E+02
    4      1.8943    0.3943  0.442473E+02 -0.568576E+01 -0.132539E+02
 ===== Nodal stresses by extrapolation =====
    1      1.5000   -0.0000  0.196377E+02 -0.235943E+02 -0.247011E+02
    2      1.5000    0.5000  0.464417E+02 -0.155531E+02 -0.195680E+02
    3      2.0000   -0.0000  0.240375E+02 -0.892841E+01 -0.153197E+02
    4      2.0000    0.5000  0.508414E+02 -0.887174E+00 -0.101866E+02
 ===== Nodal stresses by shape function =====
    1      1.5000    0.0000  0.196377E+02 -0.235943E+02 -0.247011E+02
    2      1.5000    0.5000  0.464417E+02 -0.155531E+02 -0.195680E+02
    3      2.0000    0.0000  0.240375E+02 -0.892838E+01 -0.153197E+02
    4      2.0000    0.5000  0.508415E+02 -0.887177E+00 -0.101866E+02

     Element No. =    3
 ===== Gaussian stresses by shape function =====
    1      1.3943    0.8943  0.105703E+03 -0.230168E+02 -0.304134E+02
    2      1.3943    0.6057  0.315567E+02 -0.452607E+02 -0.340109E+02
    3      1.1057    0.8943  0.102619E+03 -0.332952E+02 -0.563646E+02
    4      1.1057    0.6057  0.284731E+02 -0.555391E+02 -0.599621E+02
 ===== Nodal stresses by extrapolation =====
    1      1.5000    1.0000  0.133971E+03 -0.111127E+02 -0.195979E+02
    2      1.5000    0.5000  0.554597E+01 -0.496403E+02 -0.258289E+02
    3      1.0000    1.0000  0.128630E+03 -0.289156E+02 -0.645466E+02
    4      1.0000    0.5000  0.204998E+00 -0.674431E+02 -0.707776E+02
 ===== Nodal stresses by shape function =====
    1      1.5000    1.0000  0.133971E+03 -0.111127E+02 -0.195979E+02
    2      1.5000    0.5000  0.554592E+01 -0.496403E+02 -0.258288E+02
    3      1.0000    1.0000  0.128630E+03 -0.289155E+02 -0.645467E+02
    4      1.0000    0.5000  0.205078E+00 -0.674431E+02 -0.707776E+02

     Element No. =    4
 ===== Gaussian stresses by shape function =====
    1      1.8943    0.6057  0.573937E+02 -0.205735E+02 -0.353487E+02
    2      1.6057    0.6057  0.541327E+02 -0.314436E+02 -0.484396E+02
    3      1.8943    0.8943  0.947963E+02 -0.935271E+01 -0.315442E+02
    4      1.6057    0.8943  0.915354E+02 -0.202228E+02 -0.446351E+02
 ===== Nodal stresses by extrapolation =====
    1      2.0000    0.5000  0.448970E+02 -0.207019E+02 -0.319497E+02
    2      1.5000    0.5000  0.392488E+02 -0.395294E+02 -0.546238E+02
    3      2.0000    1.0000  0.109680E+03 -0.126688E+01 -0.253600E+02
    4      1.5000    1.0000  0.104032E+03 -0.200945E+02 -0.480342E+02
 ===== Nodal stresses by shape function =====
    1      2.0000    0.5000  0.448970E+02 -0.207018E+02 -0.319497E+02
    2      1.5000    0.5000  0.392488E+02 -0.395294E+02 -0.546238E+02
    3      2.0000    1.0000  0.109680E+03 -0.126688E+01 -0.253600E+02
    4      1.5000    1.0000  0.104032E+03 -0.200945E+02 -0.480341E+02

     Element No. =    5
 ===== Gaussian stresses by shape function =====
    1      2.1057    0.1057  0.573551E+02  0.177045E+01 -0.139149E+02
    2      2.1057    0.3943  0.662088E+02  0.442654E+01 -0.131756E+02
    3      2.3943    0.1057  0.579888E+02  0.388266E+01 -0.108161E+02
    4      2.3943    0.3943  0.668425E+02  0.653875E+01 -0.100768E+02
 ===== Nodal stresses by extrapolation =====
    1      2.0000   -0.0000  0.538825E+02  0.251287E-01 -0.153197E+02
    2      2.0000    0.5000  0.692175E+02  0.462562E+01 -0.140392E+02
    3      2.5000   -0.0000  0.549801E+02  0.368358E+01 -0.995251E+01
    4      2.5000    0.5000  0.703150E+02  0.828406E+01 -0.867202E+01
 ===== Nodal stresses by shape function =====
    1      2.0000    0.0000  0.538826E+02  0.251160E-01 -0.153197E+02
    2      2.0000    0.5000  0.692174E+02  0.462558E+01 -0.140392E+02
    3      2.5000    0.0000  0.549801E+02  0.368357E+01 -0.995248E+01
    4      2.5000    0.5000  0.703150E+02  0.828403E+01 -0.867203E+01

     Element No. =    6
 ===== Gaussian stresses by shape function =====
    1      2.3943    0.8943  0.920020E+02  0.211351E+01 -0.234092E+02
    2      2.3943    0.6057  0.730667E+02 -0.356707E+01 -0.258542E+02
    3      2.1057    0.8943  0.899063E+02 -0.487226E+01 -0.300365E+02
    4      2.1057    0.6057  0.709710E+02 -0.105528E+02 -0.324816E+02
 ===== Nodal stresses by extrapolation =====
    1      2.5000    1.0000  0.997000E+02  0.674972E+01 -0.200885E+02
    2      2.5000    0.5000  0.669029E+02 -0.308934E+01 -0.243233E+02
    3      2.0000    1.0000  0.960700E+02 -0.535000E+01 -0.315673E+02
    4      2.0000    0.5000  0.632731E+02 -0.151891E+02 -0.358023E+02
 ===== Nodal stresses by shape function =====
    1      2.5000    1.0000  0.996999E+02  0.674974E+01 -0.200884E+02
    2      2.5000    0.5000  0.669030E+02 -0.308936E+01 -0.243233E+02
    3      2.0000    1.0000  0.960700E+02 -0.534999E+01 -0.315674E+02
    4      2.0000    0.5000  0.632730E+02 -0.151891E+02 -0.358023E+02

     Element No. =    7
 ===== Gaussian stresses by shape function =====
    1      2.6057    0.1057  0.774537E+02  0.114686E+02 -0.901701E+01
    2      2.6057    0.3943  0.816246E+02  0.127199E+02 -0.792107E+01
    3      2.8943    0.1057  0.783931E+02  0.145999E+02 -0.755720E+01
    4      2.8943    0.3943  0.825639E+02  0.158512E+02 -0.646127E+01
 ===== Nodal stresses by extrapolation =====
    1      2.5000   -0.0000  0.755832E+02  0.986449E+01 -0.995248E+01
    2      2.5000    0.5000  0.828074E+02  0.120318E+02 -0.805425E+01
    3      3.0000   -0.0000  0.772103E+02  0.152880E+02 -0.742401E+01
    4      3.0000    0.5000  0.844344E+02  0.174553E+02 -0.552580E+01
 ===== Nodal stresses by shape function =====
    1      2.5000    0.0000  0.755832E+02  0.986454E+01 -0.995248E+01
    2      2.5000    0.5000  0.828075E+02  0.120318E+02 -0.805426E+01
    3      3.0000    0.0000  0.772102E+02  0.152880E+02 -0.742401E+01
    4      3.0000    0.5000  0.844345E+02  0.174552E+02 -0.552580E+01

     Element No. =    8
 ===== Gaussian stresses by shape function =====
    1      2.8943    0.6057  0.851833E+02  0.954820E+01 -0.184885E+02
    2      2.6057    0.6057  0.834569E+02  0.379361E+01 -0.217680E+02
    3      2.8943    0.8943  0.945532E+02  0.123592E+02 -0.164744E+02
    4      2.6057    0.8943  0.928268E+02  0.660456E+01 -0.197539E+02
 ===== Nodal stresses by extrapolation =====
    1      3.0000    0.5000  0.823856E+02  0.106256E+02 -0.180254E+02
    2      2.5000    0.5000  0.793954E+02  0.658413E+00 -0.237056E+02
    3      3.0000    1.0000  0.986147E+02  0.154944E+02 -0.145369E+02
    4      2.5000    1.0000  0.956245E+02  0.552711E+01 -0.202171E+02
 ===== Nodal stresses by shape function =====
    1      3.0000    0.5000  0.823857E+02  0.106256E+02 -0.180254E+02
    2      2.5000    0.5000  0.793954E+02  0.658382E+00 -0.237056E+02
    3      3.0000    1.0000  0.986147E+02  0.154944E+02 -0.145369E+02
    4      2.5000    1.0000  0.956245E+02  0.552713E+01 -0.202170E+02

     Element No. =    9
 ===== Gaussian stresses by shape function =====
    1      3.1057    0.1057  0.898421E+02  0.212412E+02 -0.635611E+01
    2      3.1057    0.3943  0.916823E+02  0.217932E+02 -0.408257E+01
    3      3.3943    0.1057  0.917909E+02  0.277370E+02 -0.571206E+01
    4      3.3943    0.3943  0.936311E+02  0.282890E+02 -0.343851E+01
 ===== Nodal stresses by extrapolation =====
    1      3.0000   -0.0000  0.884553E+02  0.186615E+02 -0.742401E+01
    2      3.0000    0.5000  0.916426E+02  0.196177E+02 -0.348614E+01
    3      3.5000   -0.0000  0.918306E+02  0.299126E+02 -0.630851E+01
    4      3.5000    0.5000  0.950179E+02  0.308687E+02 -0.237059E+01
 ===== Nodal stresses by shape function =====
    1      3.0000    0.0000  0.884553E+02  0.186615E+02 -0.742401E+01
    2      3.0000    0.5000  0.916425E+02  0.196177E+02 -0.348613E+01
    3      3.5000    0.0000  0.918306E+02  0.299125E+02 -0.630850E+01
    4      3.5000    0.5000  0.950178E+02  0.308687E+02 -0.237064E+01

     Element No. =   10
 ===== Gaussian stresses by shape function =====
    1      3.3943    0.8943  0.984408E+02  0.243675E+02 -0.104863E+02
    2      3.3943    0.6057  0.941182E+02  0.230707E+02 -0.129993E+02
    3      3.1057    0.8943  0.962868E+02  0.171875E+02 -0.119992E+02
    4      3.1057    0.6057  0.919643E+02  0.158908E+02 -0.145121E+02
 ===== Nodal stresses by extrapolation =====
    1      3.5000    1.0000  0.100811E+03  0.274702E+02 -0.901264E+01
    2      3.5000    0.5000  0.933245E+02  0.252242E+02 -0.133654E+02
    3      3.0000    1.0000  0.970805E+02  0.150341E+02 -0.116331E+02
    4      3.0000    0.5000  0.895937E+02  0.127881E+02 -0.159857E+02
 ===== Nodal stresses by shape function =====
    1      3.5000    1.0000  0.100811E+03  0.274702E+02 -0.901273E+01
    2      3.5000    0.5000  0.933244E+02  0.252241E+02 -0.133654E+02
    3      3.0000    1.0000  0.970805E+02  0.150341E+02 -0.116331E+02
    4      3.0000    0.5000  0.895936E+02  0.127881E+02 -0.159857E+02

     Element No. =   11
 ===== Gaussian stresses by shape function =====
    1      3.6057    0.1057  0.958847E+02  0.354993E+02 -0.450508E+01
    2      3.6057    0.3943  0.968407E+02  0.357860E+02  0.874271E-01
    3      3.8943    0.1057  0.998212E+02  0.486207E+02 -0.417052E+01
    4      3.8943    0.3943  0.100777E+03  0.489074E+02  0.421961E+00
 ===== Nodal stresses by extrapolation =====
    1      3.5000   -0.0000  0.940940E+02  0.305916E+02 -0.630851E+01
    2      3.5000    0.5000  0.957498E+02  0.310882E+02  0.164596E+01
    3      4.0000   -0.0000  0.100912E+03  0.533185E+02 -0.572903E+01
    4      4.0000    0.5000  0.102568E+03  0.538151E+02  0.222537E+01
 ===== Nodal stresses by shape function =====
    1      3.5000    0.0000  0.940941E+02  0.305916E+02 -0.630850E+01
    2      3.5000    0.5000  0.957497E+02  0.310883E+02  0.164592E+01
    3      4.0000    0.0000  0.100912E+03  0.533185E+02 -0.572906E+01
    4      4.0000    0.5000  0.102568E+03  0.538152E+02  0.222535E+01

     Element No. =   12
 ===== Gaussian stresses by shape function =====
    1      3.8943    0.6057  0.994868E+02  0.408873E+02 -0.678057E+01
    2      3.6057    0.6057  0.961529E+02  0.297742E+02 -0.761841E+01
    3      3.8943    0.8943  0.101881E+03  0.416055E+02 -0.289101E+01
    4      3.6057    0.8943  0.985467E+02  0.304924E+02 -0.372883E+01
 ===== Nodal stresses by extrapolation =====
    1      4.0000    0.5000  0.998309E+02  0.446921E+02 -0.789757E+01
    2      3.5000    0.5000  0.940563E+02  0.254436E+02 -0.934877E+01
    3      4.0000    1.0000  0.103977E+03  0.459360E+02 -0.116067E+01
    4      3.5000    1.0000  0.982026E+02  0.266876E+02 -0.261181E+01
 ===== Nodal stresses by shape function =====
    1      4.0000    0.5000  0.998309E+02  0.446921E+02 -0.789757E+01
    2      3.5000    0.5000  0.940563E+02  0.254437E+02 -0.934881E+01
    3      4.0000    1.0000  0.103977E+03  0.459360E+02 -0.116063E+01
    4      3.5000    1.0000  0.982026E+02  0.266876E+02 -0.261188E+01

     Element No. =   13
 ===== Gaussian stresses by shape function =====
    1      3.6057    1.1057  0.974136E+02  0.209919E+02 -0.826548E+01
    2      3.6057    1.3943  0.100174E+03  0.218202E+02 -0.553400E+01
    3      3.8943    1.1057  0.997548E+02  0.287961E+02 -0.729914E+01
    4      3.8943    1.3943  0.102516E+03  0.296244E+02 -0.456768E+01
 ===== Nodal stresses by extrapolation =====
    1      3.5000    1.0000  0.955460E+02  0.178322E+02 -0.961897E+01
    2      3.5000    1.5000  0.100328E+03  0.192668E+02 -0.488791E+01
    3      4.0000    1.0000  0.996013E+02  0.313495E+02 -0.794522E+01
    4      4.0000    1.5000  0.104383E+03  0.327841E+02 -0.321420E+01
 ===== Nodal stresses by shape function =====
    1      3.5000    1.0000  0.955460E+02  0.178322E+02 -0.961896E+01
    2      3.5000    1.5000  0.100328E+03  0.192668E+02 -0.488792E+01
    3      4.0000    1.0000  0.996011E+02  0.313494E+02 -0.794525E+01
    4      4.0000    1.5000  0.104383E+03  0.327841E+02 -0.321421E+01

     Element No. =   14
 ===== Gaussian stresses by shape function =====
    1      3.1057    1.1057  0.966451E+02  0.881628E+01 -0.171092E+02
    2      3.1057    1.3943  0.100938E+03  0.101042E+02 -0.144778E+02
    3      3.3943    1.1057  0.989006E+02  0.163344E+02 -0.156066E+02
    4      3.3943    1.3943  0.103193E+03  0.176223E+02 -0.129753E+02
 ===== Nodal stresses by extrapolation =====
    1      3.0000    1.0000  0.942482E+02  0.559306E+01 -0.186223E+02
    2      3.0000    1.5000  0.101684E+03  0.782375E+01 -0.140647E+02
    3      3.5000    1.0000  0.981548E+02  0.186148E+02 -0.160198E+02
    4      3.5000    1.5000  0.105590E+03  0.208455E+02 -0.114622E+02
 ===== Nodal stresses by shape function =====
    1      3.0000    1.0000  0.942482E+02  0.559304E+01 -0.186223E+02
    2      3.0000    1.5000  0.101684E+03  0.782375E+01 -0.140646E+02
    3      3.5000    1.0000  0.981547E+02  0.186148E+02 -0.160198E+02
    4      3.5000    1.5000  0.105590E+03  0.208456E+02 -0.114622E+02

     Element No. =   15
 ===== Gaussian stresses by shape function =====
    1      2.6057    1.1057  0.954090E+02 -0.425946E+01 -0.243797E+02
    2      2.6057    1.3943  0.103576E+03 -0.180929E+01 -0.215075E+02
    3      2.8943    1.1057  0.978708E+02  0.394655E+01 -0.215211E+02
    4      2.8943    1.3943  0.106038E+03  0.639675E+01 -0.186490E+02
 ===== Nodal stresses by extrapolation =====
    1      2.5000    1.0000  0.915184E+02 -0.815989E+01 -0.264772E+02
    2      2.5000    1.5000  0.105665E+03 -0.391609E+01 -0.215026E+02
    3      3.0000    1.0000  0.957824E+02  0.605331E+01 -0.215261E+02
    4      3.0000    1.5000  0.109929E+03  0.102972E+02 -0.165514E+02
 ===== Nodal stresses by shape function =====
    1      2.5000    1.0000  0.915184E+02 -0.815990E+01 -0.264772E+02
    2      2.5000    1.5000  0.105665E+03 -0.391604E+01 -0.215026E+02
    3      3.0000    1.0000  0.957824E+02  0.605331E+01 -0.215260E+02
    4      3.0000    1.5000  0.109929E+03  0.102972E+02 -0.165514E+02

     Element No. =   16
 ===== Gaussian stresses by shape function =====
    1      2.1057    1.1057  0.964227E+02 -0.194377E+02 -0.316073E+02
    2      2.1057    1.3943  0.110170E+03 -0.153135E+02 -0.280177E+02
    3      2.3943    1.1057  0.994994E+02 -0.918170E+01 -0.267959E+02
    4      2.3943    1.3943  0.113246E+03 -0.505758E+01 -0.232062E+02
 ===== Nodal stresses by extrapolation =====
    1      2.0000    1.0000  0.902647E+02 -0.247012E+02 -0.346823E+02
    2      2.0000    1.5000  0.114075E+03 -0.175579E+02 -0.284650E+02
    3      2.5000    1.0000  0.955938E+02 -0.693728E+01 -0.263486E+02
    4      2.5000    1.5000  0.119404E+03  0.205891E+00 -0.201312E+02
 ===== Nodal stresses by shape function =====
    1      2.0000    1.0000  0.902646E+02 -0.247011E+02 -0.346823E+02
    2      2.0000    1.5000  0.114075E+03 -0.175580E+02 -0.284649E+02
    3      2.5000    1.0000  0.955938E+02 -0.693730E+01 -0.263486E+02
    4      2.5000    1.5000  0.119404E+03  0.205856E+00 -0.201313E+02

     Element No. =   17
 ===== Gaussian stresses by shape function =====
    1      1.6057    1.1057  0.105532E+03 -0.359906E+02 -0.358375E+02
    2      1.6057    1.3943  0.124352E+03 -0.303446E+02 -0.313693E+02
    3      1.8943    1.1057  0.109362E+03 -0.232243E+02 -0.292505E+02
    4      1.8943    1.3943  0.128182E+03 -0.175782E+02 -0.247823E+02
 ===== Nodal stresses by extrapolation =====
    1      1.5000    1.0000  0.972415E+02 -0.427299E+02 -0.398840E+02
    2      1.5000    1.5000  0.129839E+03 -0.329508E+02 -0.321448E+02
    3      2.0000    1.0000  0.103875E+03 -0.206181E+02 -0.284749E+02
    4      2.0000    1.5000  0.136472E+03 -0.108388E+02 -0.207358E+02
 ===== Nodal stresses by shape function =====
    1      1.5000    1.0000  0.972414E+02 -0.427299E+02 -0.398840E+02
    2      1.5000    1.5000  0.129839E+03 -0.329508E+02 -0.321448E+02
    3      2.0000    1.0000  0.103875E+03 -0.206180E+02 -0.284749E+02
    4      2.0000    1.5000  0.136472E+03 -0.108388E+02 -0.207358E+02

     Element No. =   18
 ===== Gaussian stresses by shape function =====
    1      1.1057    1.1057  0.138233E+03 -0.115154E+02 -0.196876E+02
    2      1.1057    1.3943  0.151389E+03 -0.756831E+01 -0.250139E+02
    3      1.3943    1.1057  0.133667E+03 -0.267334E+02 -0.150827E+02
    4      1.3943    1.3943  0.146824E+03 -0.227863E+02 -0.204090E+02
 ===== Nodal stresses by extrapolation =====
    1      1.0000    1.0000  0.135088E+03 -0.738989E+01 -0.194235E+02
    2      1.0000    1.5000  0.157876E+03 -0.553412E+00 -0.286489E+02
    3      1.5000    1.0000  0.127180E+03 -0.337482E+02 -0.114477E+02
    4      1.5000    1.5000  0.149968E+03 -0.269118E+02 -0.206731E+02
 ===== Nodal stresses by shape function =====
    1      1.0000    1.0000  0.135088E+03 -0.738988E+01 -0.194235E+02
    2      1.0000    1.5000  0.157876E+03 -0.553497E+00 -0.286489E+02
    3      1.5000    1.0000  0.127180E+03 -0.337482E+02 -0.114477E+02
    4      1.5000    1.5000  0.149968E+03 -0.269118E+02 -0.206731E+02

     Element No. =   19
 ===== Gaussian stresses by shape function =====
    1      0.6057    1.1057  0.245824E+03  0.192610E+02 -0.843586E+01
    2      0.6057    1.3943  0.177890E+03 -0.111940E+01 -0.658601E+01
    3      0.8943    1.1057  0.247410E+03  0.245463E+02 -0.322130E+02
    4      0.8943    1.3943  0.179475E+03  0.416592E+01 -0.303632E+02
 ===== Nodal stresses by extrapolation =====
    1      0.5000    1.0000  0.270110E+03  0.247862E+02 -0.409909E+00
    2      0.5000    1.5000  0.152444E+03 -0.105137E+02  0.279412E+01
    3      1.0000    1.0000  0.272856E+03  0.339406E+02 -0.415931E+02
    4      1.0000    1.5000  0.155190E+03 -0.135926E+01 -0.383891E+02
 ===== Nodal stresses by shape function =====
    1      0.5000    1.0000  0.270110E+03  0.247862E+02 -0.409935E+00
    2      0.5000    1.5000  0.152444E+03 -0.105137E+02  0.279410E+01
    3      1.0000    1.0000  0.272856E+03  0.339406E+02 -0.415931E+02
    4      1.0000    1.5000  0.155190E+03 -0.135929E+01 -0.383891E+02

     Element No. =   20
 ===== Gaussian stresses by shape function =====
    1      0.1057    1.1057  0.218124E+03  0.958371E+01  0.370640E+00
    2      0.1057    1.3943  0.187773E+03  0.478424E+00  0.259918E+00
    3      0.3943    1.1057  0.218029E+03  0.926736E+01 -0.102522E+02
    4      0.3943    1.3943  0.187678E+03  0.162071E+00 -0.103629E+02
 ===== Nodal stresses by extrapolation =====
    1     -0.0000    1.0000  0.229268E+03  0.130323E+02  0.429940E+01
    2     -0.0000    1.5000  0.176699E+03 -0.273855E+01  0.410762E+01
    3      0.5000    1.0000  0.229104E+03  0.124843E+02 -0.140999E+02
    4      0.5000    1.5000  0.176534E+03 -0.328649E+01 -0.142917E+02
 ===== Nodal stresses by shape function =====
    1      0.0000    1.0000  0.229268E+03  0.130323E+02  0.429940E+01
    2      0.0000    1.5000  0.176699E+03 -0.273859E+01  0.410762E+01
    3      0.5000    1.0000  0.229104E+03  0.124843E+02 -0.140999E+02
    4      0.5000    1.5000  0.176534E+03 -0.328653E+01 -0.142917E+02

     Element No. =   21
 ===== Gaussian stresses by shape function =====
    1      0.3943    1.8943  0.150219E+03  0.118394E+02 -0.600294E+01
    2      0.3943    1.6057  0.175039E+03  0.192853E+02 -0.728844E+01
    3      0.1057    1.8943  0.149117E+03  0.816652E+01  0.268401E+01
    4      0.1057    1.6057  0.173937E+03  0.156125E+02  0.139851E+01
 ===== Nodal stresses by extrapolation =====
    1      0.5000    2.0000  0.141537E+03  0.104583E+02 -0.871206E+01
    2      0.5000    1.5000  0.184527E+03  0.233551E+02 -0.109386E+02
    3     -0.0000    2.0000  0.139629E+03  0.409676E+01  0.633418E+01
    4     -0.0000    1.5000  0.182618E+03  0.169935E+02  0.410763E+01
 ===== Nodal stresses by shape function =====
    1      0.5000    2.0000  0.141537E+03  0.104584E+02 -0.871205E+01
    2      0.5000    1.5000  0.184527E+03  0.233551E+02 -0.109386E+02
    3      0.0000    2.0000  0.139629E+03  0.409674E+01  0.633418E+01
    4      0.0000    1.5000  0.182618E+03  0.169935E+02  0.410762E+01

     Element No. =   22
 ===== Gaussian stresses by shape function =====
    1      0.8943    1.6057  0.153913E+03  0.670141E+01  0.738297E-01
    2      0.6057    1.6057  0.155716E+03  0.127104E+02  0.395629E+01
    3      0.8943    1.8943  0.142821E+03  0.337357E+01 -0.202933E+01
    4      0.6057    1.8943  0.144623E+03  0.938264E+01  0.185312E+01
 ===== Nodal stresses by extrapolation =====
    1      1.0000    1.5000  0.157314E+03  0.572003E+01 -0.577443E+00
    2      0.5000    1.5000  0.160436E+03  0.161280E+02  0.614719E+01
    3      1.0000    2.0000  0.138101E+03 -0.439782E-01 -0.422021E+01
    4      0.5000    2.0000  0.141223E+03  0.103641E+02  0.250437E+01
 ===== Nodal stresses by shape function =====
    1      1.0000    1.5000  0.157314E+03  0.571999E+01 -0.577438E+00
    2      0.5000    1.5000  0.160436E+03  0.161280E+02  0.614718E+01
    3      1.0000    2.0000  0.138101E+03 -0.439377E-01 -0.422023E+01
    4      0.5000    2.0000  0.141223E+03  0.103640E+02  0.250439E+01

     Element No. =   23
 ===== Gaussian stresses by shape function =====
    1      1.3943    1.8943  0.136527E+03 -0.158895E+02 -0.319167E+01
    2      1.3943    1.6057  0.150000E+03 -0.118477E+02  0.113690E+01
    3      1.1057    1.8943  0.140237E+03 -0.352221E+01  0.152381E+01
    4      1.1057    1.6057  0.153710E+03  0.519615E+00  0.585238E+01
 ===== Nodal stresses by extrapolation =====
    1      1.5000    2.0000  0.130238E+03 -0.218957E+02 -0.650201E+01
    2      1.5000    1.5000  0.153574E+03 -0.148950E+02  0.995283E+00
    3      1.0000    2.0000  0.136664E+03 -0.474850E+00  0.166542E+01
    4      1.0000    1.5000  0.160000E+03  0.652577E+01  0.916273E+01
 ===== Nodal stresses by shape function =====
    1      1.5000    2.0000  0.130238E+03 -0.218957E+02 -0.650201E+01
    2      1.5000    1.5000  0.153574E+03 -0.148950E+02  0.995270E+00
    3      1.0000    2.0000  0.136664E+03 -0.474884E+00  0.166545E+01
    4      1.0000    1.5000  0.160000E+03  0.652580E+01  0.916273E+01

     Element No. =   24
 ===== Gaussian stresses by shape function =====
    1      1.8943    1.6057  0.133549E+03 -0.167020E+02 -0.117148E+02
    2      1.6057    1.6057  0.132535E+03 -0.200810E+02 -0.104914E+02
    3      1.8943    1.8943  0.130053E+03 -0.177507E+02 -0.105322E+02
    4      1.6057    1.8943  0.129040E+03 -0.211297E+02 -0.930871E+01
 ===== Nodal stresses by extrapolation =====
    1      2.0000    1.5000  0.135199E+03 -0.150814E+02 -0.125955E+02
    2      1.5000    1.5000  0.133444E+03 -0.209340E+02 -0.104764E+02
    3      2.0000    2.0000  0.129145E+03 -0.168977E+02 -0.105471E+02
    4      1.5000    2.0000  0.127389E+03 -0.227504E+02 -0.842800E+01
 ===== Nodal stresses by shape function =====
    1      2.0000    1.5000  0.135199E+03 -0.150813E+02 -0.125955E+02
    2      1.5000    1.5000  0.133444E+03 -0.209339E+02 -0.104764E+02
    3      2.0000    2.0000  0.129145E+03 -0.168977E+02 -0.105471E+02
    4      1.5000    2.0000  0.127389E+03 -0.227503E+02 -0.842799E+01

     Element No. =   25
 ===== Gaussian stresses by shape function =====
    1      2.3943    1.8943  0.120045E+03 -0.889569E+01 -0.149005E+02
    2      2.3943    1.6057  0.117333E+03 -0.970926E+01 -0.179221E+02
    3      2.1057    1.8943  0.117455E+03 -0.175291E+02 -0.158496E+02
    4      2.1057    1.6057  0.114743E+03 -0.183426E+02 -0.188713E+02
 ===== Nodal stresses by extrapolation =====
    1      2.5000    2.0000  0.121985E+03 -0.543785E+01 -0.134471E+02
    2      2.5000    1.5000  0.117289E+03 -0.684703E+01 -0.186807E+02
    3      2.0000    2.0000  0.117500E+03 -0.203913E+02 -0.150910E+02
    4      2.0000    1.5000  0.112802E+03 -0.218004E+02 -0.203247E+02
 ===== Nodal stresses by shape function =====
    1      2.5000    2.0000  0.121986E+03 -0.543786E+01 -0.134470E+02
    2      2.5000    1.5000  0.117288E+03 -0.684696E+01 -0.186807E+02
    3      2.0000    2.0000  0.117499E+03 -0.203913E+02 -0.150910E+02
    4      2.0000    1.5000  0.112802E+03 -0.218005E+02 -0.203247E+02

     Element No. =   26
 ===== Gaussian stresses by shape function =====
    1      2.8943    1.6057  0.108047E+03  0.369614E+00 -0.174480E+02
    2      2.6057    1.6057  0.105637E+03 -0.766597E+01 -0.186007E+02
    3      2.8943    1.8943  0.111341E+03  0.135769E+01 -0.146356E+02
    4      2.6057    1.8943  0.108930E+03 -0.667790E+01 -0.157883E+02
 ===== Nodal stresses by extrapolation =====
    1      3.0000    1.5000  0.107724E+03  0.294918E+01 -0.180555E+02
    2      2.5000    1.5000  0.103549E+03 -0.109688E+02 -0.200521E+02
    3      3.0000    2.0000  0.113429E+03  0.466059E+01 -0.131842E+02
    4      2.5000    2.0000  0.109253E+03 -0.925747E+01 -0.151807E+02
 ===== Nodal stresses by shape function =====
    1      3.0000    1.5000  0.107724E+03  0.294922E+01 -0.180555E+02
    2      2.5000    1.5000  0.103549E+03 -0.109689E+02 -0.200521E+02
    3      3.0000    2.0000  0.113429E+03  0.466057E+01 -0.131842E+02
    4      2.5000    2.0000  0.109253E+03 -0.925753E+01 -0.151808E+02

     Element No. =   27
 ===== Gaussian stresses by shape function =====
    1      3.3943    1.8943  0.105571E+03  0.105921E+02 -0.112051E+02
    2      3.3943    1.6057  0.103112E+03  0.985434E+01 -0.135388E+02
    3      3.1057    1.8943  0.103571E+03  0.392422E+01 -0.120657E+02
    4      3.1057    1.6057  0.101112E+03  0.318644E+01 -0.143995E+02
 ===== Nodal stresses by extrapolation =====
    1      3.5000    2.0000  0.107204E+03  0.133027E+02 -0.100358E+02
    2      3.5000    1.5000  0.102944E+03  0.120249E+02 -0.140781E+02
    3      3.0000    2.0000  0.103739E+03  0.175365E+01 -0.115265E+02
    4      3.0000    1.5000  0.994794E+02  0.475766E+00 -0.155687E+02
 ===== Nodal stresses by shape function =====
    1      3.5000    2.0000  0.107204E+03  0.133027E+02 -0.100358E+02
    2      3.5000    1.5000  0.102944E+03  0.120249E+02 -0.140780E+02
    3      3.0000    2.0000  0.103739E+03  0.175360E+01 -0.115266E+02
    4      3.0000    1.5000  0.994794E+02  0.475800E+00 -0.155688E+02

     Element No. =   28
 ===== Gaussian stresses by shape function =====
    1      3.8943    1.6057  0.100230E+03  0.165309E+02 -0.591767E+01
    2      3.6057    1.6057  0.989464E+02  0.122511E+02 -0.667741E+01
    3      3.8943    1.8943  0.102401E+03  0.171820E+02 -0.441976E+01
    4      3.6057    1.8943  0.101117E+03  0.129023E+02 -0.517948E+01
 ===== Nodal stresses by extrapolation =====
    1      4.0000    1.5000  0.999057E+02  0.178590E+02 -0.618786E+01
    2      3.5000    1.5000  0.976819E+02  0.104462E+02 -0.750377E+01
    3      4.0000    2.0000  0.103665E+03  0.189868E+02 -0.359341E+01
    4      3.5000    2.0000  0.101442E+03  0.115741E+02 -0.490928E+01
 ===== Nodal stresses by shape function =====
    1      4.0000    1.5000  0.999058E+02  0.178590E+02 -0.618785E+01
    2      3.5000    1.5000  0.976819E+02  0.104462E+02 -0.750371E+01
    3      4.0000    2.0000  0.103665E+03  0.189869E+02 -0.359337E+01
    4      3.5000    2.0000  0.101441E+03  0.115741E+02 -0.490921E+01

     Element No. =   29
 ===== Gaussian stresses by shape function =====
    1      0.1057    2.1057  0.138758E+03  0.143688E+02  0.458791E+01
    2      0.1057    2.3943  0.126892E+03  0.108090E+02  0.397021E+01
    3      0.3943    2.1057  0.138229E+03  0.126039E+02  0.434732E+00
    4      0.3943    2.3943  0.126362E+03  0.904409E+01 -0.182968E+00
 ===== Nodal stresses by extrapolation =====
    1     -0.0000    2.0000  0.143295E+03  0.163178E+02  0.633417E+01
    2     -0.0000    2.5000  0.122742E+03  0.101519E+02  0.526428E+01
    3      0.5000    2.0000  0.142378E+03  0.132609E+02 -0.859340E+00
    4      0.5000    2.5000  0.121825E+03  0.709511E+01 -0.192923E+01
 ===== Nodal stresses by shape function =====
    1      0.0000    2.0000  0.143295E+03  0.163179E+02  0.633418E+01
    2      0.0000    2.5000  0.122742E+03  0.101520E+02  0.526427E+01
    3      0.5000    2.0000  0.142378E+03  0.132610E+02 -0.859325E+00
    4      0.5000    2.5000  0.121825E+03  0.709509E+01 -0.192924E+01

     Element No. =   30
 ===== Gaussian stresses by shape function =====
    1      0.6057    2.1057  0.137533E+03  0.101181E+02  0.831645E+01
    2      0.6057    2.3943  0.126675E+03  0.686078E+01  0.654153E+01
    3      0.8943    2.1057  0.136011E+03  0.504698E+01  0.451614E+01
    4      0.8943    2.3943  0.125153E+03  0.178957E+01  0.274124E+01
 ===== Nodal stresses by extrapolation =====
    1      0.5000    2.0000  0.142064E+03  0.131666E+02  0.103571E+02
    2      0.5000    2.5000  0.123257E+03  0.752470E+01  0.728287E+01
    3      1.0000    2.0000  0.139429E+03  0.438311E+01  0.377479E+01
    4      1.0000    2.5000  0.120622E+03 -0.125892E+01  0.700580E+00
 ===== Nodal stresses by shape function =====
    1      0.5000    2.0000  0.142064E+03  0.131666E+02  0.103571E+02
    2      0.5000    2.5000  0.123257E+03  0.752463E+01  0.728288E+01
    3      1.0000    2.0000  0.139429E+03  0.438312E+01  0.377480E+01
    4      1.0000    2.5000  0.120622E+03 -0.125887E+01  0.700562E+00

     Element No. =   31
 ===== Gaussian stresses by shape function =====
    1      1.1057    2.1057  0.134097E+03  0.817932E+00  0.776797E+01
    2      1.1057    2.3943  0.125226E+03 -0.184332E+01  0.570249E+01
    3      1.3943    2.1057  0.132327E+03 -0.508341E+01  0.466310E+01
    4      1.3943    2.3943  0.123456E+03 -0.774471E+01  0.259762E+01
 ===== Nodal stresses by extrapolation =====
    1      1.0000    2.0000  0.137992E+03  0.395205E+01  0.966046E+01
    2      1.0000    2.5000  0.122627E+03 -0.657344E+00  0.608293E+01
    3      1.5000    2.0000  0.134926E+03 -0.626934E+01  0.428265E+01
    4      1.5000    2.5000  0.119561E+03 -0.108789E+02  0.705139E+00
 ===== Nodal stresses by shape function =====
    1      1.0000    2.0000  0.137992E+03  0.395215E+01  0.966047E+01
    2      1.0000    2.5000  0.122627E+03 -0.657379E+00  0.608293E+01
    3      1.5000    2.0000  0.134926E+03 -0.626938E+01  0.428267E+01
    4      1.5000    2.5000  0.119561E+03 -0.108789E+02  0.705124E+00

     Element No. =   32
 ===== Gaussian stresses by shape function =====
    1      1.6057    2.1057  0.129128E+03 -0.836150E+01  0.122957E+01
    2      1.6057    2.3943  0.121389E+03 -0.106832E+02  0.858826E+00
    3      1.8943    2.1057  0.128810E+03 -0.942074E+01 -0.147903E+01
    4      1.8943    2.3943  0.121071E+03 -0.117424E+02 -0.184977E+01
 ===== Nodal stresses by extrapolation =====
    1      1.5000    2.0000  0.132077E+03 -0.712400E+01  0.235670E+01
    2      1.5000    2.5000  0.118673E+03 -0.111452E+02  0.171454E+01
    3      2.0000    2.0000  0.131527E+03 -0.895868E+01 -0.233475E+01
    4      2.0000    2.5000  0.118123E+03 -0.129798E+02 -0.297688E+01
 ===== Nodal stresses by shape function =====
    1      1.5000    2.0000  0.132077E+03 -0.712399E+01  0.235669E+01
    2      1.5000    2.5000  0.118673E+03 -0.111452E+02  0.171455E+01
    3      2.0000    2.0000  0.131527E+03 -0.895863E+01 -0.233475E+01
    4      2.0000    2.5000  0.118123E+03 -0.129799E+02 -0.297688E+01

     Element No. =   33
 ===== Gaussian stresses by shape function =====
    1      2.1057    2.1057  0.118973E+03 -0.112660E+02 -0.680382E+01
    2      2.1057    2.3943  0.115177E+03 -0.124047E+02 -0.527091E+01
    3      2.3943    2.1057  0.120287E+03 -0.688633E+01 -0.813224E+01
    4      2.3943    2.3943  0.116491E+03 -0.802500E+01 -0.659937E+01
 ===== Nodal stresses by extrapolation =====
    1      2.0000    2.0000  0.119881E+03 -0.124523E+02 -0.687866E+01
    2      2.0000    2.5000  0.113307E+03 -0.144246E+02 -0.422358E+01
    3      2.5000    2.0000  0.122157E+03 -0.486649E+01 -0.917954E+01
    4      2.5000    2.5000  0.115583E+03 -0.683869E+01 -0.652456E+01
 ===== Nodal stresses by shape function =====
    1      2.0000    2.0000  0.119881E+03 -0.124523E+02 -0.687863E+01
    2      2.0000    2.5000  0.113307E+03 -0.144245E+02 -0.422362E+01
    3      2.5000    2.0000  0.122157E+03 -0.486650E+01 -0.917958E+01
    4      2.5000    2.5000  0.115583E+03 -0.683875E+01 -0.652457E+01

     Element No. =   34
 ===== Gaussian stresses by shape function =====
    1      2.6057    2.1057  0.109736E+03 -0.665601E+01 -0.102830E+02
    2      2.6057    2.3943  0.108841E+03 -0.692448E+01 -0.824776E+01
    3      2.8943    2.1057  0.111480E+03 -0.841019E+00 -0.105962E+02
    4      2.8943    2.3943  0.110585E+03 -0.110952E+01 -0.856098E+01
 ===== Nodal stresses by extrapolation =====
    1      2.5000    2.0000  0.109425E+03 -0.868617E+01 -0.109133E+02
    2      2.5000    2.5000  0.107875E+03 -0.915118E+01 -0.738816E+01
    3      3.0000    2.0000  0.112446E+03  0.138569E+01 -0.114558E+02
    4      3.0000    2.5000  0.110896E+03  0.920631E+00 -0.793068E+01
 ===== Nodal stresses by shape function =====
    1      2.5000    2.0000  0.109425E+03 -0.868617E+01 -0.109133E+02
    2      2.5000    2.5000  0.107875E+03 -0.915118E+01 -0.738817E+01
    3      3.0000    2.0000  0.112446E+03  0.138567E+01 -0.114558E+02
    4      3.0000    2.5000  0.110896E+03  0.920654E+00 -0.793068E+01

     Element No. =   35
 ===== Gaussian stresses by shape function =====
    1      3.1057    2.1057  0.103438E+03  0.274963E+00 -0.913099E+01
    2      3.1057    2.3943  0.103868E+03  0.403877E+00 -0.745847E+01
    3      3.3943    2.1057  0.104872E+03  0.505349E+01 -0.898060E+01
    4      3.3943    2.3943  0.105302E+03  0.518238E+01 -0.730807E+01
 ===== Nodal stresses by extrapolation =====
    1      3.0000    2.0000  0.102756E+03 -0.152129E+01 -0.979822E+01
    2      3.0000    2.5000  0.103501E+03 -0.129799E+01 -0.690133E+01
    3      3.5000    2.0000  0.105239E+03  0.675537E+01 -0.953774E+01
    4      3.5000    2.5000  0.105984E+03  0.697861E+01 -0.664084E+01
 ===== Nodal stresses by shape function =====
    1      3.0000    2.0000  0.102756E+03 -0.152130E+01 -0.979822E+01
    2      3.0000    2.5000  0.103501E+03 -0.129800E+01 -0.690138E+01
    3      3.5000    2.0000  0.105239E+03  0.675534E+01 -0.953769E+01
    4      3.5000    2.5000  0.105984E+03  0.697864E+01 -0.664087E+01

     Element No. =   36
 ===== Gaussian stresses by shape function =====
    1      3.6057    2.1057  0.100081E+03  0.571451E+01 -0.406358E+01
    2      3.6057    2.3943  0.101272E+03  0.607196E+01 -0.353099E+01
    3      3.8943    2.1057  0.100537E+03  0.723621E+01 -0.364653E+01
    4      3.8943    2.3943  0.101729E+03  0.759364E+01 -0.311392E+01
 ===== Nodal stresses by extrapolation =====
    1      3.5000    2.0000  0.994773E+02  0.502670E+01 -0.441116E+01
    2      3.5000    2.5000  0.101541E+03  0.564582E+01 -0.348872E+01
    3      4.0000    2.0000  0.100268E+03  0.766236E+01 -0.368883E+01
    4      4.0000    2.5000  0.102332E+03  0.828144E+01 -0.276630E+01
 ===== Nodal stresses by shape function =====
    1      3.5000    2.0000  0.994772E+02  0.502670E+01 -0.441113E+01
    2      3.5000    2.5000  0.101541E+03  0.564587E+01 -0.348870E+01
    3      4.0000    2.0000  0.100268E+03  0.766231E+01 -0.368881E+01
    4      4.0000    2.5000  0.102332E+03  0.828149E+01 -0.276637E+01

     Element No. =   37
 ===== Gaussian stresses by shape function =====
    1      0.3943    2.8943  0.110899E+03  0.548221E+01  0.651690E+00
    2      0.3943    2.6057  0.119299E+03  0.800229E+01  0.108824E+01
    3      0.1057    2.8943  0.111273E+03  0.672953E+01  0.359178E+01
    4      0.1057    2.6057  0.119674E+03  0.924959E+01  0.402834E+01
 ===== Nodal stresses by extrapolation =====
    1      0.5000    3.0000  0.107688E+03  0.410324E+01 -0.584245E+00
    2      0.5000    2.5000  0.122237E+03  0.846816E+01  0.171880E+00
    3     -0.0000    3.0000  0.108336E+03  0.626368E+01  0.450813E+01
    4     -0.0000    2.5000  0.122885E+03  0.106285E+02  0.526428E+01
 ===== Nodal stresses by shape function =====
    1      0.5000    3.0000  0.107688E+03  0.410324E+01 -0.584255E+00
    2      0.5000    2.5000  0.122237E+03  0.846817E+01  0.171875E+00
    3      0.0000    3.0000  0.108336E+03  0.626361E+01  0.450813E+01
    4      0.0000    2.5000  0.122885E+03  0.106285E+02  0.526427E+01

     Element No. =   38
 ===== Gaussian stresses by shape function =====
    1      0.8943    2.6057  0.119306E+03  0.351775E+01  0.501794E+01
    2      0.6057    2.6057  0.120288E+03  0.679266E+01  0.790699E+01
    3      0.8943    2.8943  0.111051E+03  0.104144E+01  0.387174E+01
    4      0.6057    2.8943  0.112034E+03  0.431628E+01  0.676079E+01
 ===== Nodal stresses by extrapolation =====
    1      1.0000    2.5000  0.121967E+03  0.322543E+01  0.438001E+01
    2      0.5000    2.5000  0.123669E+03  0.889779E+01  0.938400E+01
    3      1.0000    3.0000  0.107670E+03 -0.106363E+01  0.239473E+01
    4      0.5000    3.0000  0.109372E+03  0.460854E+01  0.739871E+01
 ===== Nodal stresses by shape function =====
    1      1.0000    2.5000  0.121967E+03  0.322547E+01  0.438000E+01
    2      0.5000    2.5000  0.123669E+03  0.889771E+01  0.938400E+01
    3      1.0000    3.0000  0.107670E+03 -0.106367E+01  0.239473E+01
    4      0.5000    3.0000  0.109372E+03  0.460858E+01  0.739872E+01

     Element No. =   39
 ===== Gaussian stresses by shape function =====
    1      1.3943    2.8943  0.111451E+03 -0.404341E+01  0.427221E+01
    2      1.3943    2.6057  0.119624E+03 -0.159132E+01  0.543051E+01
    3      1.1057    2.8943  0.112444E+03 -0.733986E+00  0.713299E+01
    4      1.1057    2.6057  0.120617E+03  0.171810E+01  0.829128E+01
 ===== Nodal stresses by extrapolation =====
    1      1.5000    3.0000  0.108096E+03 -0.615227E+01  0.280113E+01
    2      1.5000    2.5000  0.122253E+03 -0.190513E+01  0.480736E+01
    3      1.0000    3.0000  0.109815E+03 -0.420178E+00  0.775614E+01
    4      1.0000    2.5000  0.123972E+03  0.382696E+01  0.976236E+01
 ===== Nodal stresses by shape function =====
    1      1.5000    3.0000  0.108096E+03 -0.615228E+01  0.280112E+01
    2      1.5000    2.5000  0.122253E+03 -0.190515E+01  0.480737E+01
    3      1.0000    3.0000  0.109815E+03 -0.420166E+00  0.775613E+01
    4      1.0000    2.5000  0.123972E+03  0.382697E+01  0.976237E+01

     Element No. =   40
 ===== Gaussian stresses by shape function =====
    1      1.8943    2.6057  0.118332E+03 -0.437783E+01  0.227934E+01
    2      1.6057    2.6057  0.118645E+03 -0.333496E+01  0.477114E+01
    3      1.8943    2.8943  0.111212E+03 -0.651363E+01  0.191434E+01
    4      1.6057    2.8943  0.111525E+03 -0.547076E+01  0.440613E+01
 ===== Nodal stresses by extrapolation =====
    1      2.0000    2.5000  0.120823E+03 -0.397780E+01  0.150088E+01
    2      1.5000    2.5000  0.121365E+03 -0.217148E+01  0.581681E+01
    3      2.0000    3.0000  0.108492E+03 -0.767710E+01  0.868686E+00
    4      1.5000    3.0000  0.109034E+03 -0.587081E+01  0.518459E+01
 ===== Nodal stresses by shape function =====
    1      2.0000    2.5000  0.120823E+03 -0.397779E+01  0.150090E+01
    2      1.5000    2.5000  0.121365E+03 -0.217145E+01  0.581680E+01
    3      2.0000    3.0000  0.108492E+03 -0.767713E+01  0.868683E+00
    4      1.5000    3.0000  0.109034E+03 -0.587082E+01  0.518460E+01

     Element No. =   41
 ===== Gaussian stresses by shape function =====
    1      2.3943    2.8943  0.109612E+03 -0.519907E+01 -0.140779E+01
    2      2.3943    2.6057  0.114811E+03 -0.363927E+01 -0.201094E+01
    3      2.1057    2.8943  0.109095E+03 -0.692234E+01  0.412000E+00
    4      2.1057    2.6057  0.114294E+03 -0.536255E+01 -0.191139E+00
 ===== Nodal stresses by extrapolation =====
    1      2.5000    3.0000  0.107898E+03 -0.513923E+01 -0.185312E+01
    2      2.5000    2.5000  0.116903E+03 -0.243757E+01 -0.289779E+01
    3      2.0000    3.0000  0.107002E+03 -0.812402E+01  0.129885E+01
    4      2.0000    2.5000  0.116008E+03 -0.542239E+01  0.254189E+00
 ===== Nodal stresses by shape function =====
    1      2.5000    3.0000  0.107898E+03 -0.513921E+01 -0.185309E+01
    2      2.5000    2.5000  0.116903E+03 -0.243756E+01 -0.289778E+01
    3      2.0000    3.0000  0.107002E+03 -0.812405E+01  0.129884E+01
    4      2.0000    2.5000  0.116008E+03 -0.542241E+01  0.254150E+00

     Element No. =   42
 ===== Gaussian stresses by shape function =====
    1      2.8943    2.6057  0.109504E+03 -0.664135E+00 -0.466613E+01
    2      2.6057    2.6057  0.108540E+03 -0.387651E+01 -0.370253E+01
    3      2.8943    2.8943  0.106751E+03 -0.149007E+01 -0.354180E+01
    4      2.6057    2.8943  0.105787E+03 -0.470242E+01 -0.257820E+01
 ===== Nodal stresses by extrapolation =====
    1      3.0000    2.5000  0.110864E+03  0.813991E+00 -0.543037E+01
    2      2.5000    2.5000  0.109195E+03 -0.475002E+01 -0.376137E+01
    3      3.0000    3.0000  0.106096E+03 -0.616577E+00 -0.348297E+01
    4      2.5000    3.0000  0.104426E+03 -0.618053E+01 -0.181396E+01
 ===== Nodal stresses by shape function =====
    1      3.0000    2.5000  0.110864E+03  0.813965E+00 -0.543037E+01
    2      2.5000    2.5000  0.109195E+03 -0.475000E+01 -0.376137E+01
    3      3.0000    3.0000  0.106096E+03 -0.616608E+00 -0.348297E+01
    4      2.5000    3.0000  0.104426E+03 -0.618057E+01 -0.181398E+01

     Element No. =   43
 ===== Gaussian stresses by shape function =====
    1      3.3943    2.8943  0.103496E+03  0.196478E+01 -0.348643E+01
    2      3.3943    2.6057  0.104287E+03  0.220200E+01 -0.443277E+01
    3      3.1057    2.8943  0.102685E+03 -0.739063E+00 -0.320962E+01
    4      3.1057    2.6057  0.103476E+03 -0.501844E+00 -0.415597E+01
 ===== Nodal stresses by extrapolation =====
    1      3.5000    3.0000  0.103504E+03  0.286762E+01 -0.324137E+01
    2      3.5000    2.5000  0.104874E+03  0.327850E+01 -0.488046E+01
    3      3.0000    3.0000  0.102099E+03 -0.181557E+01 -0.276191E+01
    4      3.0000    2.5000  0.103469E+03 -0.140469E+01 -0.440105E+01
 ===== Nodal stresses by shape function =====
    1      3.5000    3.0000  0.103504E+03  0.286758E+01 -0.324139E+01
    2      3.5000    2.5000  0.104874E+03  0.327853E+01 -0.488051E+01
    3      3.0000    3.0000  0.102099E+03 -0.181563E+01 -0.276193E+01
    4      3.0000    2.5000  0.103469E+03 -0.140469E+01 -0.440107E+01

     Element No. =   44
 ===== Gaussian stresses by shape function =====
    1      3.8943    2.6057  0.100559E+03  0.198367E+01 -0.156042E+01
    2      3.6057    2.6057  0.100560E+03  0.198415E+01 -0.168338E+01
    3      3.8943    2.8943  0.100911E+03  0.208907E+01 -0.156057E+01
    4      3.6057    2.8943  0.100911E+03  0.208954E+01 -0.168354E+01
 ===== Nodal stresses by extrapolation =====
    1      4.0000    2.5000  0.100431E+03  0.194492E+01 -0.151536E+01
    2      3.5000    2.5000  0.100431E+03  0.194575E+01 -0.172833E+01
    3      4.0000    3.0000  0.101039E+03  0.212748E+01 -0.151561E+01
    4      3.5000    3.0000  0.101040E+03  0.212829E+01 -0.172861E+01
 ===== Nodal stresses by shape function =====
    1      4.0000    2.5000  0.100431E+03  0.194495E+01 -0.151534E+01
    2      3.5000    2.5000  0.100431E+03  0.194577E+01 -0.172835E+01
    3      4.0000    3.0000  0.101039E+03  0.212749E+01 -0.151561E+01
    4      3.5000    3.0000  0.101040E+03  0.212830E+01 -0.172864E+01

     Element No. =   45
 ===== Gaussian stresses by shape function =====
    1      0.1057    3.1057  0.105264E+03  0.491312E+01  0.339519E+01
    2      0.1057    3.3943  0.972585E+02  0.251147E+01  0.315647E+01
    3      0.3943    3.1057  0.105059E+03  0.423107E+01  0.593266E+00
    4      0.3943    3.3943  0.970539E+02  0.182943E+01  0.354546E+00
 ===== Nodal stresses by extrapolation =====
    1     -0.0000    3.0000  0.108269E+03  0.604182E+01  0.450813E+01
    2     -0.0000    3.5000  0.944032E+02  0.188206E+01  0.409467E+01
    3      0.5000    3.0000  0.107915E+03  0.486049E+01 -0.344930E+00
    4      0.5000    3.5000  0.940488E+02  0.700722E+00 -0.758409E+00
 ===== Nodal stresses by shape function =====
    1      0.0000    3.0000  0.108269E+03  0.604184E+01  0.450813E+01
    2      0.0000    3.5000  0.944032E+02  0.188208E+01  0.409467E+01
    3      0.5000    3.0000  0.107915E+03  0.486047E+01 -0.344940E+00
    4      0.5000    3.5000  0.940488E+02  0.700714E+00 -0.758408E+00

     Element No. =   46
 ===== Gaussian stresses by shape function =====
    1      0.6057    3.1057  0.106550E+03  0.389404E+01  0.642076E+01
    2      0.6057    3.3943  0.987198E+02  0.154510E+01  0.583555E+01
    3      0.8943    3.1057  0.106048E+03  0.222198E+01  0.368032E+01
    4      0.8943    3.3943  0.982182E+02 -0.126953E+00  0.309512E+01
 ===== Nodal stresses by extrapolation =====
    1      0.5000    3.0000  0.109599E+03  0.536583E+01  0.763804E+01
    2      0.5000    3.5000  0.960375E+02  0.129735E+01  0.662441E+01
    3      1.0000    3.0000  0.108730E+03  0.246974E+01  0.289145E+01
    4      1.0000    3.5000  0.951687E+02 -0.159874E+01  0.187786E+01
 ===== Nodal stresses by shape function =====
    1      0.5000    3.0000  0.109599E+03  0.536581E+01  0.763803E+01
    2      0.5000    3.5000  0.960375E+02  0.129733E+01  0.662440E+01
    3      1.0000    3.0000  0.108730E+03  0.246976E+01  0.289147E+01
    4      1.0000    3.5000  0.951687E+02 -0.159872E+01  0.187785E+01

     Element No. =   47
 ===== Gaussian stresses by shape function =====
    1      1.1057    3.1057  0.108007E+03  0.167798E+01  0.709424E+01
    2      1.1057    3.3943  0.100688E+03 -0.517548E+00  0.649033E+01
    3      1.3943    3.1057  0.107489E+03 -0.474701E-01  0.453271E+01
    4      1.3943    3.3943  0.100171E+03 -0.224301E+01  0.392880E+01
 ===== Nodal stresses by extrapolation =====
    1      1.0000    3.0000  0.110875E+03  0.311315E+01  0.825288E+01
    2      1.0000    3.5000  0.981990E+02 -0.689600E+00  0.720686E+01
    3      1.5000    3.0000  0.109979E+03  0.124598E+00  0.381617E+01
    4      1.5000    3.5000  0.973024E+02 -0.367820E+01  0.277017E+01
 ===== Nodal stresses by shape function =====
    1      1.0000    3.0000  0.110875E+03  0.311325E+01  0.825288E+01
    2      1.0000    3.5000  0.981990E+02 -0.689636E+00  0.720686E+01
    3      1.5000    3.0000  0.109979E+03  0.124664E+00  0.381618E+01
    4      1.5000    3.5000  0.973024E+02 -0.367821E+01  0.277019E+01

     Element No. =   48
 ===== Gaussian stresses by shape function =====
    1      1.6057    3.1057  0.108518E+03 -0.576080E+00  0.528929E+01
    2      1.6057    3.3943  0.102200E+03 -0.247150E+01  0.501348E+01
    3      1.8943    3.1057  0.108281E+03 -0.136407E+01  0.307798E+01
    4      1.8943    3.3943  0.101963E+03 -0.325951E+01  0.280218E+01
 ===== Nodal stresses by extrapolation =====
    1      1.5000    3.0000  0.110917E+03  0.406114E+00  0.619963E+01
    2      1.5000    3.5000  0.999738E+02 -0.287683E+01  0.572192E+01
    3      2.0000    3.0000  0.110508E+03 -0.958722E+00  0.236954E+01
    4      2.0000    3.5000  0.995644E+02 -0.424172E+01  0.189183E+01
 ===== Nodal stresses by shape function =====
    1      1.5000    3.0000  0.110917E+03  0.406128E+00  0.619965E+01
    2      1.5000    3.5000  0.999738E+02 -0.287680E+01  0.572195E+01
    3      2.0000    3.0000  0.110507E+03 -0.958771E+00  0.236955E+01
    4      2.0000    3.5000  0.995643E+02 -0.424169E+01  0.189185E+01

     Element No. =   49
 ===== Gaussian stresses by shape function =====
    1      2.1057    3.1057  0.107350E+03 -0.174188E+01  0.226009E+01
    2      2.1057    3.3943  0.102645E+03 -0.315340E+01  0.243266E+01
    3      2.3943    3.1057  0.107498E+03 -0.124892E+01  0.613344E+00
    4      2.3943    3.3943  0.102793E+03 -0.266041E+01  0.785912E+00
 ===== Nodal stresses by extrapolation =====
    1      2.0000    3.0000  0.109018E+03 -0.140566E+01  0.279968E+01
    2      2.0000    3.5000  0.100868E+03 -0.385050E+01  0.309857E+01
    3      2.5000    3.0000  0.109274E+03 -0.551854E+00 -0.525710E-01
    4      2.5000    3.5000  0.101125E+03 -0.299660E+01  0.246326E+00
 ===== Nodal stresses by shape function =====
    1      2.0000    3.0000  0.109018E+03 -0.140567E+01  0.279971E+01
    2      2.0000    3.5000  0.100868E+03 -0.385052E+01  0.309857E+01
    3      2.5000    3.0000  0.109274E+03 -0.551804E+00 -0.525665E-01
    4      2.5000    3.5000  0.101124E+03 -0.299661E+01  0.246292E+00

     Element No. =   50
 ===== Gaussian stresses by shape function =====
    1      2.6057    3.1057  0.104910E+03 -0.143021E+01 -0.209932E+00
    2      2.6057    3.3943  0.102083E+03 -0.227821E+01  0.242699E+00
    3      2.8943    3.1057  0.105298E+03 -0.136978E+00 -0.119928E+01
    4      2.8943    3.3943  0.102471E+03 -0.984985E+00 -0.746635E+00
 ===== Nodal stresses by extrapolation =====
    1      2.5000    3.0000  0.105803E+03 -0.159317E+01 -0.134777E-01
    2      2.5000    3.5000  0.100907E+03 -0.306196E+01  0.770493E+00
    3      3.0000    3.0000  0.106475E+03  0.646768E+00 -0.172709E+01
    4      3.0000    3.5000  0.101579E+03 -0.822023E+00 -0.943075E+00
 ===== Nodal stresses by shape function =====
    1      2.5000    3.0000  0.105803E+03 -0.159317E+01 -0.134583E-01
    2      2.5000    3.5000  0.100907E+03 -0.306200E+01  0.770508E+00
    3      3.0000    3.0000  0.106475E+03  0.646759E+00 -0.172707E+01
    4      3.0000    3.5000  0.101579E+03 -0.822067E+00 -0.943100E+00

     Element No. =   51
 ===== Gaussian stresses by shape function =====
    1      3.1057    3.1057  0.102191E+03 -0.272446E+00 -0.100809E+01
    2      3.1057    3.3943  0.101076E+03 -0.606857E+00 -0.623505E+00
    3      3.3943    3.1057  0.102520E+03  0.826374E+00 -0.139825E+01
    4      3.3943    3.3943  0.101406E+03  0.491936E+00 -0.101361E+01
 ===== Nodal stresses by extrapolation =====
    1      3.0000    3.0000  0.102478E+03 -0.552242E+00 -0.100604E+01
    2      3.0000    3.5000  0.100547E+03 -0.113144E+01 -0.339956E+00
    3      3.5000    3.0000  0.103049E+03  0.135099E+01 -0.168186E+01
    4      3.5000    3.5000  0.101118E+03  0.771705E+00 -0.101560E+01
 ===== Nodal stresses by shape function =====
    1      3.0000    3.0000  0.102478E+03 -0.552261E+00 -0.100604E+01
    2      3.0000    3.5000  0.100547E+03 -0.113148E+01 -0.339905E+00
    3      3.5000    3.0000  0.103049E+03  0.135097E+01 -0.168179E+01
    4      3.5000    3.5000  0.101118E+03  0.771744E+00 -0.101566E+01

     Element No. =   52
 ===== Gaussian stresses by shape function =====
    1      3.6057    3.1057  0.100500E+03  0.456352E+00 -0.233748E+00
    2      3.6057    3.3943  0.100384E+03  0.421730E+00 -0.370178E+00
    3      3.8943    3.1057  0.100383E+03  0.666428E-01 -0.274123E+00
    4      3.8943    3.3943  0.100267E+03  0.320206E-01 -0.410503E+00
 ===== Nodal stresses by extrapolation =====
    1      3.5000    3.0000  0.100585E+03  0.611668E+00 -0.169027E+00
    2      3.5000    3.5000  0.100385E+03  0.551701E+00 -0.405362E+00
    3      4.0000    3.0000  0.100382E+03 -0.633282E-01 -0.238989E+00
    4      4.0000    3.5000  0.100182E+03 -0.123296E+00 -0.475175E+00
 ===== Nodal stresses by shape function =====
    1      3.5000    3.0000  0.100585E+03  0.611687E+00 -0.169037E+00
    2      3.5000    3.5000  0.100385E+03  0.551720E+00 -0.405285E+00
    3      4.0000    3.0000  0.100382E+03 -0.633278E-01 -0.238983E+00
    4      4.0000    3.5000  0.100182E+03 -0.123291E+00 -0.475224E+00

     Element No. =   53
 ===== Gaussian stresses by shape function =====
    1      0.3943    3.8943  0.808543E+02 -0.100458E+01 -0.974274E+00
    2      0.3943    3.6057  0.910571E+02  0.205624E+01 -0.834511E+00
    3      0.1057    3.8943  0.809741E+02 -0.605301E+00  0.259669E+01
    4      0.1057    3.6057  0.911768E+02  0.245553E+01  0.273646E+01
 ===== Nodal stresses by extrapolation =====
    1      0.5000    4.0000  0.770760E+02 -0.227106E+01 -0.233249E+01
    2      0.5000    3.5000  0.947477E+02  0.303043E+01 -0.209042E+01
    3     -0.0000    4.0000  0.772834E+02 -0.157950E+01  0.385259E+01
    4     -0.0000    3.5000  0.949552E+02  0.372202E+01  0.409468E+01
 ===== Nodal stresses by shape function =====
    1      0.5000    4.0000  0.770760E+02 -0.227106E+01 -0.233250E+01
    2      0.5000    3.5000  0.947477E+02  0.303046E+01 -0.209044E+01
    3      0.0000    4.0000  0.772835E+02 -0.157947E+01  0.385260E+01
    4      0.0000    3.5000  0.949552E+02  0.372205E+01  0.409467E+01

     Element No. =   54
 ===== Gaussian stresses by shape function =====
    1      0.8943    3.6057  0.930303E+02  0.125829E+01  0.863098E+00
    2      0.6057    3.6057  0.933336E+02  0.226947E+01  0.401073E+01
    3      0.8943    3.8943  0.840370E+02 -0.143970E+01  0.509186E+00
    4      0.6057    3.8943  0.843403E+02 -0.428558E+00  0.365684E+01
 ===== Nodal stresses by extrapolation =====
    1      1.0000    3.5000  0.962110E+02  0.187569E+01 -0.159470E+00
    2      0.5000    3.5000  0.967364E+02  0.362714E+01  0.529237E+01
    3      1.0000    4.0000  0.806342E+02 -0.279732E+01 -0.772479E+00
    4      0.5000    4.0000  0.811596E+02 -0.104601E+01  0.467943E+01
 ===== Nodal stresses by shape function =====
    1      1.0000    3.5000  0.962110E+02  0.187570E+01 -0.159500E+00
    2      0.5000    3.5000  0.967364E+02  0.362708E+01  0.529237E+01
    3      1.0000    4.0000  0.806342E+02 -0.279736E+01 -0.772461E+00
    4      0.5000    4.0000  0.811596E+02 -0.104596E+01  0.467942E+01

     Element No. =   55
 ===== Gaussian stresses by shape function =====
    1      1.3943    3.8943  0.891883E+02 -0.166422E+01  0.126512E+01
    2      1.3943    3.6057  0.962018E+02  0.439789E+00  0.166864E+01
    3      1.1057    3.8943  0.895342E+02 -0.511375E+00  0.371982E+01
    4      1.1057    3.6057  0.965476E+02  0.159270E+01  0.412335E+01
 ===== Nodal stresses by extrapolation =====
    1      1.5000    4.0000  0.864946E+02 -0.285629E+01  0.218938E+00
    2      1.5000    3.5000  0.986423E+02  0.787905E+00  0.917851E+00
    3      1.0000    4.0000  0.870936E+02 -0.859560E+00  0.447060E+01
    4      1.0000    3.5000  0.992413E+02  0.278484E+01  0.516954E+01
 ===== Nodal stresses by shape function =====
    1      1.5000    4.0000  0.864946E+02 -0.285638E+01  0.218910E+00
    2      1.5000    3.5000  0.986423E+02  0.787903E+00  0.917847E+00
    3      1.0000    4.0000  0.870937E+02 -0.859497E+00  0.447060E+01
    4      1.0000    3.5000  0.992413E+02  0.278478E+01  0.516953E+01

     Element No. =   56
 ===== Gaussian stresses by shape function =====
    1      1.8943    3.6057  0.991949E+02 -0.537033E-01  0.143196E+01
    2      1.6057    3.6057  0.994380E+02  0.756714E+00  0.314044E+01
    3      1.8943    3.8943  0.943135E+02 -0.151814E+01  0.114833E+01
    4      1.6057    3.8943  0.945566E+02 -0.707703E+00  0.285681E+01
 ===== Nodal stresses by extrapolation =====
    1      2.0000    3.5000  0.100893E+03  0.185689E+00  0.910430E+00
    2      1.5000    3.5000  0.101314E+03  0.158936E+01  0.386960E+01
    3      2.0000    4.0000  0.924378E+02 -0.235081E+01  0.419166E+00
    4      1.5000    4.0000  0.928589E+02 -0.947071E+00  0.337835E+01
 ===== Nodal stresses by shape function =====
    1      2.0000    3.5000  0.100893E+03  0.185677E+00  0.910446E+00
    2      1.5000    3.5000  0.101314E+03  0.158932E+01  0.386961E+01
    3      2.0000    4.0000  0.924377E+02 -0.235078E+01  0.419159E+00
    4      1.5000    4.0000  0.928588E+02 -0.947113E+00  0.337833E+01

     Element No. =   57
 ===== Gaussian stresses by shape function =====
    1      2.3943    3.8943  0.978333E+02 -0.103854E+01  0.507509E+00
    2      2.3943    3.6057  0.100953E+03 -0.102509E+00  0.593803E+00
    3      2.1057    3.8943  0.979073E+02 -0.792027E+00  0.159958E+01
    4      2.1057    3.6057  0.101027E+03  0.144077E+00  0.168587E+01
 ===== Nodal stresses by extrapolation =====
    1      2.5000    4.0000  0.966641E+02 -0.147138E+01  0.761973E-01
    2      2.5000    3.5000  0.102068E+03  0.149838E+00  0.225663E+00
    3      2.0000    4.0000  0.967923E+02 -0.104444E+01  0.196772E+01
    4      2.0000    3.5000  0.102197E+03  0.576981E+00  0.211719E+01
 ===== Nodal stresses by shape function =====
    1      2.5000    4.0000  0.966642E+02 -0.147144E+01  0.762024E-01
    2      2.5000    3.5000  0.102068E+03  0.149857E+00  0.225677E+00
    3      2.0000    4.0000  0.967923E+02 -0.104443E+01  0.196770E+01
    4      2.0000    3.5000  0.102197E+03  0.576859E+00  0.211716E+01

     Element No. =   58
 ===== Gaussian stresses by shape function =====
    1      2.8943    3.6057  0.101239E+03  0.123199E+00 -0.121475E+00
    2      2.6057    3.6057  0.101186E+03 -0.554352E-01  0.533157E+00
    3      2.8943    3.8943  0.993688E+02 -0.437935E+00 -0.589504E-01
    4      2.6057    3.8943  0.993152E+02 -0.616577E+00  0.595684E+00
 ===== Nodal stresses by extrapolation =====
    1      3.0000    3.5000  0.101943E+03  0.393973E+00 -0.383973E+00
    2      2.5000    3.5000  0.101850E+03  0.845732E-01  0.749883E+00
    3      3.0000    4.0000  0.987038E+02 -0.577936E+00 -0.275678E+00
    4      2.5000    4.0000  0.986109E+02 -0.887358E+00  0.858184E+00
 ===== Nodal stresses by shape function =====
    1      3.0000    3.5000  0.101943E+03  0.393936E+00 -0.384003E+00
    2      2.5000    3.5000  0.101851E+03  0.845032E-01  0.749878E+00
    3      3.0000    4.0000  0.987038E+02 -0.577957E+00 -0.275688E+00
    4      2.5000    4.0000  0.986109E+02 -0.887390E+00  0.858185E+00

     Element No. =   59
 ===== Gaussian stresses by shape function =====
    1      3.3943    3.8943  0.997028E+02 -0.354309E-01 -0.138647E+00
    2      3.3943    3.6057  0.100647E+03  0.247696E+00 -0.207020E+00
    3      3.1057    3.8943  0.996442E+02 -0.230743E+00  0.191671E+00
    4      3.1057    3.6057  0.100588E+03  0.523949E-01  0.123318E+00
 ===== Nodal stresses by extrapolation =====
    1      3.5000    4.0000  0.993788E+02 -0.675717E-01 -0.234523E+00
    2      3.5000    3.5000  0.101013E+03  0.422811E+00 -0.352960E+00
    3      3.0000    4.0000  0.992773E+02 -0.405870E+00  0.337593E+00
    4      3.0000    3.5000  0.100912E+03  0.845471E-01  0.219213E+00
 ===== Nodal stresses by shape function =====
    1      3.5000    4.0000  0.993788E+02 -0.676346E-01 -0.234589E+00
    2      3.5000    3.5000  0.101013E+03  0.422768E+00 -0.352955E+00
    3      3.0000    4.0000  0.992773E+02 -0.405884E+00  0.337570E+00
    4      3.0000    3.5000  0.100912E+03  0.845337E-01  0.219189E+00

     Element No. =   60
 ===== Gaussian stresses by shape function =====
    1      3.8943    3.6057  0.100099E+03 -0.953922E-01  0.101299E+00
    2      3.6057    3.6057  0.100158E+03  0.100807E+00  0.197189E+00
    3      3.8943    3.8943  0.998254E+02 -0.177618E+00  0.326109E-01
    4      3.6057    3.8943  0.998842E+02  0.186310E-01  0.128502E+00
 ===== Nodal stresses by extrapolation =====
    1      4.0000    3.5000  0.100178E+03 -0.137103E+00  0.913429E-01
    2      3.5000    3.5000  0.100280E+03  0.202693E+00  0.257429E+00
    3      4.0000    4.0000  0.997036E+02 -0.279554E+00 -0.276295E-01
    4      3.5000    4.0000  0.998054E+02  0.603912E-01  0.138459E+00
 ===== Nodal stresses by shape function =====
    1      4.0000    3.5000  0.100178E+03 -0.137146E+00  0.912971E-01
    2      3.5000    3.5000  0.100280E+03  0.202751E+00  0.257420E+00
    3      4.0000    4.0000  0.997036E+02 -0.279526E+00 -0.276642E-01
    4      3.5000    4.0000  0.998055E+02  0.603867E-01  0.138458E+00
