
            P L A N E   S T R E S S                           



xzy 18/12/06                                                                    


 npoin =  62     nelem =  15     nvfix =  14     ntype =   1

 nnode =   8     nmats =   1     ngaus =   2     nevab =  16

 nstre =   3     ndofn =   2     noutp = 333


 Element   Property      Node Numbers
     1        1          1    2    4    5   13   12   24    3
     2        1          4    6    7    8   19   14   13    5
     3        1          7    9   10   11   16   18   19    8
     4        1         24   12   13   15   33   30   31   25
     5        1         13   14   19   20   39   32   33   15
     6        1         19   18   16   17   38   36   39   20
     7        1         22   23   24   25   31   26   28   21
     8        1         28   26   31   29   49   43   42   27
     9        1         31   30   33   34   54   45   49   29
    10        1         33   32   39   35   58   53   54   34
    11        1         39   36   38   37   61   55   58   35
    12        1         42   43   49   46   47   44   41   40
    13        1         49   45   54   52   51   48   47   46
    14        1         54   53   58   56   60   50   51   52
    15        1         58   55   61   62   57   59   60   56


 Node          X          Y
     1   1.000000E+00   0.000000E+00
     2   1.500000E+00   0.000000E+00
     3   1.000000E+00   5.000000E-01
     4   2.000000E+00   0.000000E+00
     5   2.000000E+00   5.000000E-01
     6   2.500000E+00   0.000000E+00
     7   3.000000E+00   0.000000E+00
     8   3.000000E+00   5.000000E-01
     9   3.500000E+00   0.000000E+00
    10   4.000000E+00   0.000000E+00
    11   4.000000E+00   5.000000E-01
    12   1.500000E+00   1.000000E+00
    13   2.000000E+00   1.000000E+00
    14   2.500000E+00   1.000000E+00
    15   2.000000E+00   1.500000E+00
    16   4.000000E+00   1.000000E+00
    17   4.000000E+00   1.500000E+00
    18   3.500000E+00   1.000000E+00
    19   3.000000E+00   1.000000E+00
    20   3.000000E+00   1.500000E+00
    21   0.000000E+00   1.500000E+00
    22   0.000000E+00   1.000000E+00
    23   5.000000E-01   1.000000E+00
    24   1.000000E+00   1.000000E+00
    25   1.000000E+00   1.500000E+00
    26   5.000000E-01   2.000000E+00
    27   0.000000E+00   2.500000E+00
    28   0.000000E+00   2.000000E+00
    29   1.000000E+00   2.500000E+00
    30   1.500000E+00   2.000000E+00
    31   1.000000E+00   2.000000E+00
    32   2.500000E+00   2.000000E+00
    33   2.000000E+00   2.000000E+00
    34   2.000000E+00   2.500000E+00
    35   3.000000E+00   2.500000E+00
    36   3.500000E+00   2.000000E+00
    37   4.000000E+00   2.500000E+00
    38   4.000000E+00   2.000000E+00
    39   3.000000E+00   2.000000E+00
    40   0.000000E+00   3.500000E+00
    41   0.000000E+00   4.000000E+00
    42   0.000000E+00   3.000000E+00
    43   5.000000E-01   3.000000E+00
    44   5.000000E-01   4.000000E+00
    45   1.500000E+00   3.000000E+00
    46   1.000000E+00   3.500000E+00
    47   1.000000E+00   4.000000E+00
    48   1.500000E+00   4.000000E+00
    49   1.000000E+00   3.000000E+00
    50   2.500000E+00   4.000000E+00
    51   2.000000E+00   4.000000E+00
    52   2.000000E+00   3.500000E+00
    53   2.500000E+00   3.000000E+00
    54   2.000000E+00   3.000000E+00
    55   3.500000E+00   3.000000E+00
    56   3.000000E+00   3.500000E+00
    57   4.000000E+00   4.000000E+00
    58   3.000000E+00   3.000000E+00
    59   3.500000E+00   4.000000E+00
    60   3.000000E+00   4.000000E+00
    61   4.000000E+00   3.000000E+00
    62   4.000000E+00   3.500000E+00


  Node      Code        Fixed Values
   21        10       0.000000  0.000000
   22        10       0.000000  0.000000
   27        10       0.000000  0.000000
   28        10       0.000000  0.000000
   40        10       0.000000  0.000000
   41        10       0.000000  0.000000
   42        10       0.000000  0.000000
    1        01       0.000000  0.000000
    2        01       0.000000  0.000000
    4        01       0.000000  0.000000
    6        01       0.000000  0.000000
    7        01       0.000000  0.000000
    9        01       0.000000  0.000000
   10        01       0.000000  0.000000


=============Element Properties=============

 Material No. =    1   Element Model:Q8                  

 Young Modulus =   1.000000E+00    Poiss Ratio =   3.000000E-01
 Thickness     =   1.000000E+00    Density     =   0.000000E+00
Loads                                                                                      1           0           0
    1     0.000     0.000
   57    16.667     0.000
   10    16.667     0.000
   61    33.333     0.000
   38    33.333     0.000
   16    33.333     0.000
   62    66.667     0.000
      Total nodal forces for each element

    1       0.00E+00  0.00E+00  0.00E+00  0.00E+00  0.00E+00  0.00E+00
            0.00E+00  0.00E+00  0.00E+00  0.00E+00  0.00E+00  0.00E+00
            0.00E+00  0.00E+00  0.00E+00  0.00E+00
    2       0.00E+00  0.00E+00  0.00E+00  0.00E+00  0.00E+00  0.00E+00
            0.00E+00  0.00E+00  0.00E+00  0.00E+00  0.00E+00  0.00E+00
            0.00E+00  0.00E+00  0.00E+00  0.00E+00
    3       0.00E+00  0.00E+00  0.00E+00  0.00E+00  0.17E+02  0.00E+00
            0.00E+00  0.00E+00  0.33E+02  0.00E+00  0.00E+00  0.00E+00
            0.00E+00  0.00E+00  0.00E+00  0.00E+00
    4       0.00E+00  0.00E+00  0.00E+00  0.00E+00  0.00E+00  0.00E+00
            0.00E+00  0.00E+00  0.00E+00  0.00E+00  0.00E+00  0.00E+00
            0.00E+00  0.00E+00  0.00E+00  0.00E+00
    5       0.00E+00  0.00E+00  0.00E+00  0.00E+00  0.00E+00  0.00E+00
            0.00E+00  0.00E+00  0.00E+00  0.00E+00  0.00E+00  0.00E+00
            0.00E+00  0.00E+00  0.00E+00  0.00E+00
    6       0.00E+00  0.00E+00  0.00E+00  0.00E+00  0.00E+00  0.00E+00
            0.00E+00  0.00E+00  0.33E+02  0.00E+00  0.00E+00  0.00E+00
            0.00E+00  0.00E+00  0.00E+00  0.00E+00
    7       0.00E+00  0.00E+00  0.00E+00  0.00E+00  0.00E+00  0.00E+00
            0.00E+00  0.00E+00  0.00E+00  0.00E+00  0.00E+00  0.00E+00
            0.00E+00  0.00E+00  0.00E+00  0.00E+00
    8       0.00E+00  0.00E+00  0.00E+00  0.00E+00  0.00E+00  0.00E+00
            0.00E+00  0.00E+00  0.00E+00  0.00E+00  0.00E+00  0.00E+00
            0.00E+00  0.00E+00  0.00E+00  0.00E+00
    9       0.00E+00  0.00E+00  0.00E+00  0.00E+00  0.00E+00  0.00E+00
            0.00E+00  0.00E+00  0.00E+00  0.00E+00  0.00E+00  0.00E+00
            0.00E+00  0.00E+00  0.00E+00  0.00E+00
   10       0.00E+00  0.00E+00  0.00E+00  0.00E+00  0.00E+00  0.00E+00
            0.00E+00  0.00E+00  0.00E+00  0.00E+00  0.00E+00  0.00E+00
            0.00E+00  0.00E+00  0.00E+00  0.00E+00
   11       0.00E+00  0.00E+00  0.00E+00  0.00E+00  0.00E+00  0.00E+00
            0.00E+00  0.00E+00  0.33E+02  0.00E+00  0.00E+00  0.00E+00
            0.00E+00  0.00E+00  0.00E+00  0.00E+00
   12       0.00E+00  0.00E+00  0.00E+00  0.00E+00  0.00E+00  0.00E+00
            0.00E+00  0.00E+00  0.00E+00  0.00E+00  0.00E+00  0.00E+00
            0.00E+00  0.00E+00  0.00E+00  0.00E+00
   13       0.00E+00  0.00E+00  0.00E+00  0.00E+00  0.00E+00  0.00E+00
            0.00E+00  0.00E+00  0.00E+00  0.00E+00  0.00E+00  0.00E+00
            0.00E+00  0.00E+00  0.00E+00  0.00E+00
   14       0.00E+00  0.00E+00  0.00E+00  0.00E+00  0.00E+00  0.00E+00
            0.00E+00  0.00E+00  0.00E+00  0.00E+00  0.00E+00  0.00E+00
            0.00E+00  0.00E+00  0.00E+00  0.00E+00
   15       0.00E+00  0.00E+00  0.00E+00  0.00E+00  0.00E+00  0.00E+00
            0.67E+02  0.00E+00  0.17E+02  0.00E+00  0.00E+00  0.00E+00
            0.00E+00  0.00E+00  0.00E+00  0.00E+00
 Maximum frontwidth encountered =          28
     Displacements

      Node      X-disp.       Y-disp.

         1  0.129584E+03  0.000000E+00
         2  0.133251E+03  0.000000E+00
         3  0.124448E+03 -0.744736E+01
         4  0.142531E+03  0.000000E+00
         5  0.130873E+03  0.165089E+01
         6  0.144206E+03  0.000000E+00
         7  0.151188E+03  0.000000E+00
         8  0.160544E+03 -0.494475E+01
         9  0.182742E+03  0.000000E+00
        10  0.216033E+03  0.000000E+00
        11  0.177679E+03 -0.844218E+01
        12  0.104195E+03  0.827995E+00
        13  0.124991E+03 -0.113686E+01
        14  0.136435E+03 -0.471034E+01
        15  0.114022E+03 -0.601609E+01
        16  0.214855E+03 -0.185158E+02
        17  0.178613E+03 -0.312773E+02
        18  0.180565E+03 -0.156060E+02
        19  0.147598E+03 -0.102347E+02
        20  0.156726E+03 -0.163846E+02
        21  0.000000E+00 -0.134578E+02
        22  0.000000E+00 -0.417130E+01
        23  0.390143E+02 -0.473723E+01
        24  0.806653E+02 -0.108568E+02
        25  0.635451E+02 -0.133119E+02
        26  0.312534E+02 -0.193742E+02
        27  0.000000E+00 -0.255563E+02
        28  0.000000E+00 -0.182354E+02
        29  0.615653E+02 -0.222943E+02
        30  0.883037E+02 -0.137849E+02
        31  0.594210E+02 -0.159538E+02
        32  0.135068E+03 -0.150633E+02
        33  0.115307E+03 -0.118920E+02
        34  0.119785E+03 -0.186758E+02
        35  0.176669E+03 -0.303832E+02
        36  0.186166E+03 -0.375490E+02
        37  0.199510E+03 -0.735258E+02
        38  0.221300E+03 -0.467715E+02
        39  0.151293E+03 -0.227225E+02
        40  0.000000E+00 -0.422712E+02
        41  0.000000E+00 -0.521039E+02
        42  0.000000E+00 -0.337308E+02
        43  0.322528E+02 -0.321347E+02
        44  0.340745E+02 -0.516994E+02
        45  0.984510E+02 -0.277205E+02
        46  0.687825E+02 -0.396781E+02
        47  0.691629E+02 -0.498777E+02
        48  0.107127E+03 -0.488368E+02
        49  0.650979E+02 -0.301540E+02
        50  0.194868E+03 -0.530613E+02
        51  0.148600E+03 -0.492754E+02
        52  0.142189E+03 -0.367799E+02
        53  0.163125E+03 -0.298618E+02
        54  0.131812E+03 -0.273690E+02
        55  0.235654E+03 -0.534287E+02
        56  0.223336E+03 -0.512589E+02
        57  0.348047E+03 -0.111949E+03
        58  0.194081E+03 -0.386606E+02
        59  0.297593E+03 -0.918271E+02
        60  0.246531E+03 -0.649603E+02
        61  0.278604E+03 -0.999317E+02
        62  0.322807E+03 -0.106242E+03
     Reactions

      Node      X-reac.       Y-reac.

         1  0.000000E+00  0.208145E+01
         2  0.000000E+00  0.127964E+00
         4  0.000000E+00 -0.279900E+01
         6  0.000000E+00 -0.565843E+01
         7  0.000000E+00  0.140570E+01
         9  0.000000E+00  0.114146E+02
        10  0.000000E+00 -0.657208E+01
        21 -0.478003E+02  0.000000E+00
        22 -0.107243E+02  0.000000E+00
        27 -0.430750E+02  0.000000E+00
        28 -0.196420E+02  0.000000E+00
        40 -0.448984E+02  0.000000E+00
        41 -0.114719E+02  0.000000E+00
        42 -0.223876E+02  0.000000E+00
     Stresses


 No.       X-coord   Y-coord   XX-stress     YY-stress    XY-stress

     Element No. =    1
 ===== Gaussian stresses by shape function =====
    1      1.2113    0.2113 -0.189934E+01 -0.741686E+01  0.958165E+00
    2      1.2113    0.7887  0.258350E+02  0.609188E+01 -0.193729E+02
    3      1.7887    0.2113  0.115814E+02  0.789026E+01 -0.602646E+01
    4      1.7887    0.7887  0.233590E+02  0.530979E+01 -0.105763E+02
 ===== Nodal stresses by extrapolation =====
    1      1.0000   -0.0000 -0.191229E+02 -0.201197E+02  0.130707E+02
    2      1.0000    0.5000  0.995381E+01 -0.332075E+01 -0.953896E+01
    3      1.0000    1.0000  0.390306E+02  0.134782E+02 -0.321486E+02
    4      1.5000    0.0000 -0.239013E+01 -0.176331E+01  0.201938E+01
    5      1.5000    0.5000  0.147190E+02  0.296877E+01 -0.875438E+01
    6      1.5000    1.0000  0.318282E+02  0.770085E+01 -0.195281E+02
    7      2.0000    0.0000  0.143427E+02  0.165931E+02 -0.903192E+01
    8      2.0000    0.5000  0.194842E+02  0.925829E+01 -0.796979E+01
    9      2.0000    1.0000  0.246258E+02  0.192346E+01 -0.690766E+01
 ===== Nodal stresses by shape function =====
    1      1.0000    0.0000 -0.435083E+01 -0.202380E+02  0.109137E+02
    2      1.0000    0.5000  0.317719E+00 -0.107614E+02 -0.100658E+02
    3      1.0000    1.0000  0.538027E+02  0.133600E+02 -0.343055E+02
    4      1.5000    0.0000  0.146320E+02  0.561825E+01  0.146770E+01
    5      1.5000    0.5000  0.733292E+01  0.302787E+01 -0.767591E+01
    6      1.5000    1.0000  0.488503E+02  0.150824E+02 -0.200798E+02
    7      2.0000    0.0000  0.291149E+02  0.164749E+02 -0.111889E+02
    8      2.0000    0.5000  0.984825E+01  0.181761E+01 -0.849662E+01
    9      2.0000    1.0000  0.393979E+02  0.180525E+01 -0.906459E+01

     Element No. =    2
 ===== Gaussian stresses by shape function =====
    1      2.2113    0.2113  0.183682E+02  0.722771E+01 -0.590682E+01
    2      2.2113    0.7887  0.285923E+02  0.204208E+01 -0.756706E+01
    3      2.7887    0.2113  0.262094E+02  0.159847E+01  0.402398E+01
    4      2.7887    0.7887  0.300441E+02 -0.460560E-01 -0.130354E+02
 ===== Nodal stresses by extrapolation =====
    1      2.0000   -0.0000  0.108998E+02  0.116606E+02 -0.109971E+02
    2      2.0000    0.5000  0.217795E+02  0.604728E+01 -0.755363E+01
    3      2.0000    1.0000  0.326592E+02  0.433908E+00 -0.411011E+01
    4      2.5000    0.0000  0.197158E+02  0.566310E+01  0.248451E+01
    5      2.5000    0.5000  0.258035E+02  0.270555E+01 -0.562132E+01
    6      2.5000    1.0000  0.318911E+02 -0.251991E+00 -0.137271E+02
    7      3.0000    0.0000  0.285319E+02 -0.334448E+00  0.159662E+02
    8      3.0000    0.5000  0.298275E+02 -0.636170E+00 -0.368901E+01
    9      3.0000    1.0000  0.311231E+02 -0.937891E+00 -0.233442E+02
 ===== Nodal stresses by shape function =====
    1      2.0000    0.0000  0.400586E+00  0.786058E+01 -0.111889E+02
    2      2.0000    0.5000  0.267075E+02  0.687538E+01 -0.853255E+01
    3      2.0000    1.0000  0.221600E+02 -0.336613E+01 -0.430180E+01
    4      2.5000    0.0000  0.953825E+01  0.293497E+01  0.336756E+01
    5      2.5000    0.5000  0.310531E+02  0.460558E+01 -0.552546E+01
    6      2.5000    1.0000  0.217135E+02 -0.298012E+01 -0.128441E+02
    7      3.0000    0.0000  0.180328E+02 -0.413448E+01  0.157745E+02
    8      3.0000    0.5000  0.347555E+02  0.191952E+00 -0.466793E+01
    9      3.0000    1.0000  0.206238E+02 -0.473795E+01 -0.235359E+02

     Element No. =    3
 ===== Gaussian stresses by shape function =====
    1      3.2113    0.2113  0.299017E+02 -0.312219E+01 -0.114783E+01
    2      3.2113    0.7887  0.312666E+02 -0.413768E+01 -0.506361E+01
    3      3.7887    0.2113  0.327953E+02 -0.617771E+01 -0.252350E+02
    4      3.7887    0.7887  0.329868E+02 -0.926027E+01  0.222813E+02
 ===== Nodal stresses by extrapolation =====
    1      3.0000   -0.0000  0.281858E+02 -0.190902E+01  0.159926E+02
    2      3.0000    0.5000  0.297398E+02 -0.213324E+01 -0.370193E+01
    3      3.0000    1.0000  0.312938E+02 -0.235745E+01 -0.233964E+02
    4      3.5000    0.0000  0.310637E+02 -0.389996E+01 -0.211709E+02
    5      3.5000    0.5000  0.317376E+02 -0.567446E+01 -0.229128E+01
    6      3.5000    1.0000  0.324115E+02 -0.744897E+01  0.165883E+02
    7      4.0000    0.0000  0.339416E+02 -0.589089E+01 -0.583343E+02
    8      4.0000    0.5000  0.337354E+02 -0.921569E+01 -0.880630E+00
    9      4.0000    1.0000  0.335292E+02 -0.125405E+02  0.565731E+02
 ===== Nodal stresses by shape function =====
    1      3.0000    0.0000  0.642920E+02  0.974328E+01  0.157745E+02
    2      3.0000    0.5000  0.120924E+02 -0.660696E+01 -0.367267E+01
    3      3.0000    1.0000  0.673998E+02  0.929487E+01 -0.236145E+02
    4      3.5000    0.0000  0.667641E+02  0.639992E+01 -0.213092E+02
    5      3.5000    0.5000  0.136845E+02 -0.115006E+02 -0.218223E+01
    6      3.5000    1.0000  0.681119E+02  0.285092E+01  0.164500E+02
    7      4.0000    0.0000  0.700476E+02  0.576143E+01 -0.585525E+02
    8      4.0000    0.5000  0.160881E+02 -0.136894E+02 -0.851383E+00
    9      4.0000    1.0000  0.696354E+02 -0.888187E+00  0.563550E+02

     Element No. =    4
 ===== Gaussian stresses by shape function =====
    1      1.2113    1.2113  0.514983E+02  0.511227E+01 -0.485386E+01
    2      1.2113    1.7887  0.579339E+02  0.621621E+01  0.186498E+01
    3      1.7887    1.2113  0.441183E+02  0.171434E+00 -0.117103E+02
    4      1.7887    1.7887  0.514511E+02  0.464783E+00  0.148655E+01
 ===== Nodal stresses by extrapolation =====
    1      1.0000    1.0000  0.519643E+02  0.640807E+01 -0.393561E+01
    2      1.0000    1.5000  0.572532E+02  0.762106E+01 -0.170373E+00
    3      1.0000    2.0000  0.625422E+02  0.883405E+01  0.359487E+01
    4      1.5000    1.0000  0.452885E+02  0.238613E+01 -0.119269E+02
    5      1.5000    1.5000  0.512504E+02  0.299117E+01 -0.330316E+01
    6      1.5000    2.0000  0.572123E+02  0.359622E+01  0.532059E+01
    7      2.0000    1.0000  0.386128E+02 -0.163581E+01 -0.199182E+02
    8      2.0000    1.5000  0.452476E+02 -0.163871E+01 -0.643594E+01
    9      2.0000    2.0000  0.518824E+02 -0.164161E+01  0.704631E+01
 ===== Nodal stresses by shape function =====
    1      1.0000    1.0000  0.531623E+02  0.112253E+02 -0.392977E+01
    2      1.0000    1.5000  0.588587E+02  0.125605E+02 -0.879717E-02
    3      1.0000    2.0000  0.637402E+02  0.136513E+02  0.360070E+01
    4      1.5000    1.0000  0.442821E+02 -0.144722E+00 -0.120856E+02
    5      1.5000    1.5000  0.506514E+02  0.582535E+00 -0.330607E+01
    6      1.5000    2.0000  0.562059E+02  0.106536E+01  0.516194E+01
    7      2.0000    1.0000  0.398108E+02  0.318147E+01 -0.199124E+02
    8      2.0000    1.5000  0.468530E+02  0.330078E+01 -0.627439E+01
    9      2.0000    2.0000  0.530804E+02  0.317566E+01  0.705214E+01

     Element No. =    5
 ===== Gaussian stresses by shape function =====
    1      2.2113    1.2113  0.359295E+02  0.145675E+01 -0.778458E+01
    2      2.2113    1.7887  0.461734E+02  0.262285E+01 -0.166742E+01
    3      2.7887    1.2113  0.329626E+02 -0.972770E+00 -0.146931E+00
    4      2.7887    1.7887  0.387923E+02 -0.526955E-01 -0.908275E+01
 ===== Nodal stresses by extrapolation =====
    1      2.0000    1.0000  0.326744E+02  0.188623E+01 -0.148359E+02
    2      2.0000    1.5000  0.429452E+02  0.297409E+01 -0.476668E+01
    3      2.0000    2.0000  0.532160E+02  0.406196E+01  0.530253E+01
    4      2.5000    1.0000  0.315044E+02 -0.139808E+00 -0.344990E+01
    5      2.5000    1.5000  0.384645E+02  0.763534E+00 -0.467042E+01
    6      2.5000    2.0000  0.454245E+02  0.166688E+01 -0.589094E+01
    7      3.0000    1.0000  0.303343E+02 -0.216584E+01  0.793610E+01
    8      3.0000    1.5000  0.339837E+02 -0.144702E+01 -0.457416E+01
    9      3.0000    2.0000  0.376330E+02 -0.728206E+00 -0.170844E+02
 ===== Nodal stresses by shape function =====
    1      2.0000    1.0000  0.225729E+02 -0.198991E+01 -0.151496E+02
    2      2.0000    1.5000  0.475778E+02  0.351822E+01 -0.523587E+01
    3      2.0000    2.0000  0.431143E+02  0.185804E+00  0.498886E+01
    4      2.5000    1.0000  0.218209E+02 -0.262201E+01 -0.313757E+01
    5      2.5000    1.5000  0.435152E+02  0.270161E+01 -0.451359E+01
    6      2.5000    2.0000  0.357411E+02 -0.815312E+00 -0.557858E+01
    7      3.0000    1.0000  0.202326E+02 -0.604202E+01  0.762243E+01
    8      3.0000    1.5000  0.386163E+02 -0.902924E+00 -0.504333E+01
    9      3.0000    2.0000  0.275315E+02 -0.460435E+01 -0.173981E+02

     Element No. =    6
 ===== Gaussian stresses by shape function =====
    1      3.2113    1.2113  0.336237E+02 -0.594231E+01 -0.605501E+01
    2      3.2113    1.7887  0.355943E+02 -0.702719E+01 -0.574771E+01
    3      3.7887    1.2113  0.339688E+02 -0.132459E+02 -0.266398E+02
    4      3.7887    1.7887  0.332647E+02 -0.185261E+02  0.232226E+02
 ===== Nodal stresses by extrapolation =====
    1      3.0000    1.0000  0.324177E+02 -0.343398E+01  0.800621E+01
    2      3.0000    1.5000  0.349722E+02 -0.304366E+01 -0.743602E+01
    3      3.0000    2.0000  0.375267E+02 -0.265334E+01 -0.228782E+02
    4      3.5000    1.0000  0.335645E+02 -0.842923E+01 -0.255291E+02
    5      3.5000    1.5000  0.341129E+02 -0.111854E+02 -0.380498E+01
    6      3.5000    2.0000  0.346613E+02 -0.139415E+02  0.179192E+02
    7      4.0000    1.0000  0.347112E+02 -0.134245E+02 -0.590645E+02
    8      4.0000    1.5000  0.332536E+02 -0.193271E+02 -0.173953E+00
    9      4.0000    2.0000  0.317959E+02 -0.252297E+02  0.587165E+02
 ===== Nodal stresses by shape function =====
    1      3.0000    1.0000  0.670086E+02  0.799079E+01  0.754382E+01
    2      3.0000    1.5000  0.181949E+02 -0.702933E+01 -0.740905E+01
    3      3.0000    2.0000  0.721174E+02  0.877143E+01 -0.233406E+02
    4      3.5000    1.0000  0.676373E+02  0.126886E+01 -0.257873E+02
    5      3.5000    1.5000  0.168176E+02 -0.168977E+02 -0.357378E+01
    6      3.5000    2.0000  0.687340E+02 -0.424347E+01  0.176610E+02
    7      4.0000    1.0000  0.693020E+02 -0.199971E+01 -0.595269E+02
    8      4.0000    1.5000  0.164762E+02 -0.233128E+02 -0.147007E+00
    9      4.0000    2.0000  0.663867E+02 -0.138050E+02  0.582542E+02

     Element No. =    7
 ===== Gaussian stresses by shape function =====
    1      0.2113    1.2113  0.706763E+02  0.160222E+01 -0.193591E+01
    2      0.2113    1.7887  0.640675E+02  0.774080E+01 -0.982933E-01
    3      0.7887    1.2113  0.770374E+02  0.118182E+02 -0.130204E+02
    4      0.7887    1.7887  0.599798E+02  0.856111E+01  0.667984E+00
 ===== Nodal stresses by extrapolation =====
    1     -0.0000    1.0000  0.693670E+02 -0.564274E+01  0.303636E+01
    2      0.0000    1.5000  0.669558E+02  0.265174E+01  0.871252E+00
    3     -0.0000    2.0000  0.645446E+02  0.109462E+02 -0.129385E+01
    4      0.5000    1.0000  0.781881E+02  0.618285E+01 -0.103196E+02
    5      0.5000    1.5000  0.679403E+02  0.743058E+01 -0.359665E+01
    6      0.5000    2.0000  0.576924E+02  0.867831E+01  0.312629E+01
    7      1.0000    1.0000  0.870091E+02  0.180084E+02 -0.236755E+02
    8      1.0000    1.5000  0.689247E+02  0.122094E+02 -0.806454E+01
    9      1.0000    2.0000  0.508403E+02  0.641041E+01  0.754644E+01
 ===== Nodal stresses by shape function =====
    1      0.0000    1.0000  0.752388E+02 -0.510281E+00  0.170067E+01
    2      0.0000    1.5000  0.656869E+02  0.564198E+01  0.438597E+00
    3      0.0000    2.0000  0.704164E+02  0.160787E+02 -0.262954E+01
    4      0.5000    1.0000  0.823929E+02  0.575884E+01 -0.105548E+02
    5      0.5000    1.5000  0.650044E+02  0.486435E+01 -0.292880E+01
    6      0.5000    2.0000  0.618973E+02  0.825429E+01  0.289111E+01
    7      1.0000    1.0000  0.928809E+02  0.231409E+02 -0.250112E+02
    8      1.0000    1.5000  0.676557E+02  0.151997E+02 -0.849720E+01
    9      1.0000    2.0000  0.567120E+02  0.115429E+02  0.621075E+01

     Element No. =    8
 ===== Gaussian stresses by shape function =====
    1      0.2113    2.2113  0.648561E+02  0.677470E+01 -0.705320E+00
    2      0.2113    2.7887  0.650062E+02  0.452362E+01  0.913288E+00
    3      0.7887    2.2113  0.593901E+02  0.632639E+01  0.346534E+01
    4      0.7887    2.7887  0.646369E+02  0.471692E+01  0.365506E+01
 ===== Nodal stresses by extrapolation =====
    1     -0.0000    2.0000  0.674847E+02  0.784871E+01 -0.301578E+01
    2      0.0000    2.5000  0.659991E+02  0.569583E+01 -0.116108E+01
    3     -0.0000    3.0000  0.645135E+02  0.354295E+01  0.693618E+00
    4      0.5000    2.0000  0.611354E+02  0.725708E+01  0.104907E+01
    5      0.5000    2.5000  0.634723E+02  0.558541E+01  0.183209E+01
    6      0.5000    3.0000  0.658093E+02  0.391374E+01  0.261512E+01
    7      1.0000    2.0000  0.547860E+02  0.666544E+01  0.511391E+01
    8      1.0000    2.5000  0.609455E+02  0.547498E+01  0.482526E+01
    9      1.0000    3.0000  0.671051E+02  0.428453E+01  0.453662E+01
 ===== Nodal stresses by shape function =====
    1      0.0000    2.0000  0.675345E+02  0.647214E+01 -0.262954E+01
    2      0.0000    2.5000  0.652861E+02  0.409040E+01 -0.646855E+00
    3      0.0000    3.0000  0.645633E+02  0.216634E+01  0.107985E+01
    4      0.5000    2.0000  0.618733E+02  0.817423E+01  0.727960E+00
    5      0.5000    2.5000  0.634474E+02  0.627371E+01  0.163897E+01
    6      0.5000    3.0000  0.665472E+02  0.483087E+01  0.229401E+01
    7      1.0000    2.0000  0.548358E+02  0.528883E+01  0.550014E+01
    8      1.0000    2.5000  0.602325E+02  0.386954E+01  0.533948E+01
    9      1.0000    3.0000  0.671548E+02  0.290791E+01  0.492285E+01

     Element No. =    9
 ===== Gaussian stresses by shape function =====
    1      1.2113    2.2113  0.595878E+02  0.585768E+01  0.342740E+01
    2      1.2113    2.7887  0.638556E+02  0.343931E+01  0.599637E+01
    3      1.7887    2.2113  0.556735E+02  0.420634E+01  0.366814E+01
    4      1.7887    2.7887  0.625353E+02  0.204598E+01  0.847006E+01
 ===== Nodal stresses by extrapolation =====
    1      1.0000    2.0000  0.598059E+02  0.738187E+01  0.269813E+01
    2      1.0000    2.5000  0.626797E+02  0.520571E+01  0.421511E+01
    3      1.0000    3.0000  0.655535E+02  0.302955E+01  0.573209E+01
    4      1.5000    2.0000  0.555938E+02  0.586998E+01  0.219880E+01
    5      1.5000    2.5000  0.604131E+02  0.388733E+01  0.539049E+01
    6      1.5000    3.0000  0.652323E+02  0.190468E+01  0.858219E+01
    7      2.0000    2.0000  0.513817E+02  0.435809E+01  0.169947E+01
    8      2.0000    2.5000  0.581464E+02  0.256895E+01  0.656588E+01
    9      2.0000    3.0000  0.649111E+02  0.779811E+00  0.114323E+02
 ===== Nodal stresses by shape function =====
    1      1.0000    2.0000  0.618640E+02  0.739728E+01  0.289009E+01
    2      1.0000    2.5000  0.613530E+02  0.420569E+01  0.448209E+01
    3      1.0000    3.0000  0.676116E+02  0.304495E+01  0.592404E+01
    4      1.5000    2.0000  0.579496E+02  0.687769E+01  0.202780E+01
    5      1.5000    2.5000  0.593840E+02  0.387962E+01  0.529451E+01
    6      1.5000    3.0000  0.675880E+02  0.291239E+01  0.841118E+01
    7      2.0000    2.0000  0.534398E+02  0.437350E+01  0.189143E+01
    8      2.0000    2.5000  0.568197E+02  0.156894E+01  0.683284E+01
    9      2.0000    3.0000  0.669691E+02  0.795246E+00  0.116242E+02

     Element No. =   10
 ===== Gaussian stresses by shape function =====
    1      2.2113    2.2113  0.506538E+02  0.211698E+01  0.397523E+01
    2      2.2113    2.7887  0.637542E+02  0.226862E+01  0.813192E+01
    3      2.7887    2.2113  0.430124E+02 -0.130332E+01  0.946185E+01
    4      2.7887    2.7887  0.613397E+02  0.213966E+01  0.473074E+01
 ===== Nodal stresses by extrapolation =====
    1      2.0000    2.0000  0.493560E+02  0.375435E+01 -0.745211E+00
    2      2.0000    2.5000  0.590443E+02  0.284236E+01  0.567191E+01
    3      2.0000    3.0000  0.687327E+02  0.193038E+01  0.120890E+02
    4      2.5000    2.0000  0.410814E+02 -0.251030E+00  0.682366E+01
    5      2.5000    2.5000  0.546900E+02  0.130549E+01  0.657493E+01
    6      2.5000    3.0000  0.682986E+02  0.286200E+01  0.632620E+01
    7      3.0000    2.0000  0.328069E+02 -0.425641E+01  0.143925E+02
    8      3.0000    2.5000  0.503357E+02 -0.231393E+00  0.747796E+01
    9      3.0000    3.0000  0.678645E+02  0.379362E+01  0.563375E+00
 ===== Nodal stresses by shape function =====
    1      2.0000    2.0000  0.434737E+02  0.138364E+01 -0.171844E+00
    2      2.0000    2.5000  0.616858E+02  0.302878E+01  0.599670E+01
    3      2.0000    3.0000  0.628505E+02 -0.440308E+00  0.126624E+02
    4      2.5000    2.0000  0.354988E+02 -0.162281E+01  0.678554E+01
    5      2.5000    2.5000  0.576312E+02  0.249082E+01  0.628826E+01
    6      2.5000    3.0000  0.627161E+02  0.149023E+01  0.628807E+01
    7      3.0000    2.0000  0.269247E+02 -0.662711E+01  0.149659E+02
    8      3.0000    2.5000  0.529772E+02 -0.449791E-01  0.780276E+01
    9      3.0000    3.0000  0.619823E+02  0.142294E+01  0.113672E+01

     Element No. =   11
 ===== Gaussian stresses by shape function =====
    1      3.2113    2.2113  0.362132E+02 -0.171509E-01 -0.567993E+00
    2      3.2113    2.7887  0.442908E+02  0.145274E+01  0.140977E+02
    3      3.7887    2.2113  0.301762E+02 -0.239618E+02 -0.272858E+02
    4      3.7887    2.7887  0.403137E+02 -0.205871E+02  0.240520E+02
 ===== Nodal stresses by extrapolation =====
    1      3.0000    2.0000  0.357422E+02  0.846439E+01  0.875649E+01
    2      3.0000    2.5000  0.420847E+02  0.913356E+01  0.983281E+01
    3      3.0000    3.0000  0.484271E+02  0.980272E+01  0.109091E+02
    4      3.5000    2.0000  0.298611E+02 -0.128761E+02 -0.260064E+02
    5      3.5000    2.5000  0.377485E+02 -0.107783E+02  0.257400E+01
    6      3.5000    3.0000  0.456358E+02 -0.868057E+01  0.311544E+02
    7      4.0000    2.0000  0.239800E+02 -0.342166E+02 -0.607693E+02
    8      4.0000    2.5000  0.334123E+02 -0.306902E+02 -0.468480E+01
    9      4.0000    3.0000  0.428445E+02 -0.271639E+02  0.513997E+02
 ===== Nodal stresses by shape function =====
    1      3.0000    2.0000  0.715106E+02  0.674867E+01  0.902332E+01
    2      3.0000    2.5000  0.180457E+02 -0.105244E+02  0.991402E+01
    3      3.0000    3.0000  0.841955E+02  0.808692E+01  0.111760E+02
    4      3.5000    2.0000  0.717843E+02  0.592396E+01 -0.259542E+02
    5      3.5000    2.5000  0.198643E+02 -0.992046E+01  0.244058E+01
    6      3.5000    3.0000  0.875590E+02  0.101195E+02  0.312066E+02
    7      4.0000    2.0000  0.597484E+02 -0.359324E+02 -0.605023E+02
    8      4.0000    2.5000  0.937343E+01 -0.503482E+02 -0.460353E+01
    9      4.0000    3.0000  0.786129E+02 -0.288795E+02  0.516665E+02

     Element No. =   12
 ===== Gaussian stresses by shape function =====
    1      0.2113    3.2113  0.670036E+02  0.244009E+01  0.150559E+01
    2      0.2113    3.7887  0.683892E+02  0.172409E+00  0.320693E+00
    3      0.7887    3.2113  0.683401E+02  0.165013E+01  0.379093E+01
    4      0.7887    3.7887  0.706146E+02  0.471432E+00  0.144112E+01
 ===== Nodal stresses by extrapolation =====
    1     -0.0000    3.0000  0.661263E+02  0.370516E+01  0.946727E+00
    2      0.0000    3.5000  0.670445E+02  0.139610E+01  0.289842E+00
    3     -0.0000    4.0000  0.679627E+02 -0.912965E+00 -0.367043E+00
    4      0.5000    3.0000  0.670021E+02  0.267584E+01  0.329515E+01
    5      0.5000    3.5000  0.685869E+02  0.118351E+01  0.176458E+01
    6      0.5000    4.0000  0.701717E+02 -0.308809E+00  0.234009E+00
    7      1.0000    3.0000  0.678778E+02  0.164652E+01  0.564358E+01
    8      1.0000    3.5000  0.701292E+02  0.970931E+00  0.323932E+01
    9      1.0000    4.0000  0.723807E+02  0.295346E+00  0.835061E+00
 ===== Nodal stresses by shape function =====
    1      0.0000    3.0000  0.650295E+02  0.372028E+01  0.107985E+01
    2      0.0000    3.5000  0.677632E+02  0.195588E+01  0.304359E+00
    3      0.0000    4.0000  0.668658E+02 -0.897827E+00 -0.233925E+00
    4      0.5000    3.0000  0.657350E+02  0.212359E+01  0.334720E+01
    5      0.5000    3.5000  0.691353E+02  0.117593E+01  0.169802E+01
    6      0.5000    4.0000  0.689046E+02 -0.861038E+00  0.286053E+00
    7      1.0000    3.0000  0.667809E+02  0.166165E+01  0.577670E+01
    8      1.0000    3.5000  0.708479E+02  0.153073E+01  0.325384E+01
    9      1.0000    4.0000  0.712838E+02  0.310520E+00  0.968180E+00

     Element No. =   13
 ===== Gaussian stresses by shape function =====
    1      1.2113    3.2113  0.692909E+02  0.176936E+01  0.574911E+01
    2      1.2113    3.7887  0.738967E+02  0.415421E+00  0.205079E+01
    3      1.7887    3.2113  0.713026E+02  0.271869E+01  0.700776E+01
    4      1.7887    3.7887  0.799780E+02 -0.626490E+00  0.327904E+01
 ===== Nodal stresses by extrapolation =====
    1      1.0000    3.0000  0.674139E+02  0.165069E+01  0.663801E+01
    2      1.0000    3.5000  0.701127E+02  0.110934E+01  0.344481E+01
    3      1.0000    4.0000  0.728115E+02  0.567984E+00  0.251609E+00
    4      1.5000    3.0000  0.678661E+02  0.310403E+01  0.773768E+01
    5      1.5000    3.5000  0.736171E+02  0.106925E+01  0.452167E+01
    6      1.5000    4.0000  0.793680E+02 -0.965535E+00  0.130567E+01
    7      2.0000    3.0000  0.683183E+02  0.455737E+01  0.883734E+01
    8      2.0000    3.5000  0.771214E+02  0.102916E+01  0.559854E+01
    9      2.0000    4.0000  0.859246E+02 -0.249905E+01  0.235974E+01
 ===== Nodal stresses by shape function =====
    1      1.0000    3.0000  0.672377E+02  0.179868E+01  0.677789E+01
    2      1.0000    3.5000  0.703001E+02  0.136638E+01  0.404798E+01
    3      1.0000    4.0000  0.726352E+02  0.715912E+00  0.391502E+00
    4      1.5000    3.0000  0.675906E+02  0.292097E+01  0.720446E+01
    5      1.5000    3.5000  0.737052E+02  0.995266E+00  0.445173E+01
    6      1.5000    4.0000  0.790925E+02 -0.114861E+01  0.772434E+00
    7      2.0000    3.0000  0.681421E+02  0.470531E+01  0.897728E+01
    8      2.0000    3.5000  0.773089E+02  0.128622E+01  0.620171E+01
    9      2.0000    4.0000  0.857483E+02 -0.235104E+01  0.249960E+01

     Element No. =   14
 ===== Gaussian stresses by shape function =====
    1      2.2113    3.2113  0.700726E+02  0.186765E+01  0.859221E+01
    2      2.2113    3.7887  0.864553E+02  0.625923E+00  0.416404E+01
    3      2.7887    3.2113  0.709796E+02 -0.171758E+01  0.111080E+02
    4      2.7887    3.7887  0.966596E+02  0.247166E+01  0.467863E+01
 ===== Nodal stresses by extrapolation =====
    1      2.0000    3.0000  0.649896E+02  0.436204E+01  0.902407E+01
    2      2.0000    3.5000  0.762304E+02  0.156513E+01  0.582353E+01
    3      2.0000    4.0000  0.874712E+02 -0.123178E+01  0.262298E+01
    4      2.5000    3.0000  0.628281E+02 -0.464400E+00  0.118372E+02
    5      2.5000    3.5000  0.810418E+02  0.811913E+00  0.713572E+01
    6      2.5000    4.0000  0.992555E+02  0.208823E+01  0.243427E+01
    7      3.0000    3.0000  0.606665E+02 -0.529084E+01  0.146503E+02
    8      3.0000    3.5000  0.858531E+02  0.586927E-01  0.844792E+01
    9      3.0000    4.0000  0.111040E+03  0.540823E+01  0.224556E+01
 ===== Nodal stresses by shape function =====
    1      2.0000    3.0000  0.640235E+02  0.346976E+01  0.100154E+02
    2      2.0000    3.5000  0.764154E+02  0.101820E+01  0.643383E+01
    3      2.0000    4.0000  0.865051E+02 -0.212404E+01  0.361432E+01
    4      2.5000    3.0000  0.621599E+02 -0.363647E+00  0.117225E+02
    5      2.5000    3.5000  0.815248E+02  0.125802E+01  0.664007E+01
    6      2.5000    4.0000  0.985874E+02  0.218900E+01  0.231964E+01
    7      3.0000    3.0000  0.597005E+02 -0.618309E+01  0.156416E+02
    8      3.0000    3.5000  0.860383E+02 -0.488205E+00  0.905822E+01
    9      3.0000    4.0000  0.110074E+03  0.451602E+01  0.323685E+01

     Element No. =   15
 ===== Gaussian stresses by shape function =====
    1      3.2113    3.2113  0.887195E+02 -0.863445E+01  0.135704E+02
    2      3.2113    3.7887  0.100390E+03 -0.684853E+01 -0.930312E+00
    3      3.7887    3.2113  0.934920E+02 -0.941277E-01 -0.312903E+00
    4      3.7887    3.7887  0.103002E+03  0.331807E+01 -0.169744E+01
 ===== Nodal stresses by extrapolation =====
    1      3.0000    3.0000  0.824114E+02 -0.121962E+02  0.257168E+02
    2      3.0000    3.5000  0.932035E+02 -0.111651E+02  0.900123E+01
    3      3.0000    4.0000  0.103996E+03 -0.101339E+02 -0.771437E+01
    4      3.5000    3.0000  0.872294E+02 -0.531561E+01  0.953592E+01
    5      3.5000    3.5000  0.964010E+02 -0.306476E+01  0.265743E+01
    6      3.5000    4.0000  0.105573E+03 -0.813907E+00 -0.422107E+01
    7      4.0000    3.0000  0.920474E+02  0.156502E+01 -0.664498E+01
    8      4.0000    3.5000  0.995985E+02  0.503557E+01 -0.368638E+01
    9      4.0000    4.0000  0.107150E+03  0.850613E+01 -0.727769E+00
 ===== Nodal stresses by shape function =====
    1      3.0000    3.0000  0.819137E+02  0.480881E+00  0.256809E+02
    2      3.0000    3.5000  0.997951E+02  0.363885E+01  0.863722E+01
    3      3.0000    4.0000  0.103498E+03  0.254314E+01 -0.775031E+01
    4      3.5000    3.0000  0.803888E+02 -0.137810E+02  0.988193E+01
    5      3.5000    3.5000  0.966499E+02 -0.940333E+01  0.267539E+01
    6      3.5000    4.0000  0.987321E+02 -0.927931E+01 -0.387508E+01
    7      4.0000    3.0000  0.915494E+02  0.142420E+02 -0.668091E+01
    8      4.0000    3.5000  0.106190E+03  0.198395E+02 -0.405035E+01
    9      4.0000    4.0000  0.106652E+03  0.211833E+02 -0.763712E+00
