
            P L A N E   S T R E S S                           



xzy 18/12/06                                                                    


 npoin =  62     nelem =  15     nvfix =  14     ntype =   1

 nnode =   8     nmats =   1     ngaus =   3     nevab =  16

 nstre =   3     ndofn =   2     noutp = 333


 Element   Property      Node Numbers
     1        1          1    2    4    5   13   12   24    3
     2        1          4    6    7    8   19   14   13    5
     3        1          7    9   10   11   16   18   19    8
     4        1         24   12   13   15   33   30   31   25
     5        1         13   14   19   20   39   32   33   15
     6        1         19   18   16   17   38   36   39   20
     7        1         22   23   24   25   31   26   28   21
     8        1         28   26   31   29   49   43   42   27
     9        1         31   30   33   34   54   45   49   29
    10        1         33   32   39   35   58   53   54   34
    11        1         39   36   38   37   61   55   58   35
    12        1         42   43   49   46   47   44   41   40
    13        1         49   45   54   52   51   48   47   46
    14        1         54   53   58   56   60   50   51   52
    15        1         58   55   61   62   57   59   60   56


 Node          X          Y
     1   1.000000E+00   0.000000E+00
     2   1.500000E+00   0.000000E+00
     3   1.000000E+00   5.000000E-01
     4   2.000000E+00   0.000000E+00
     5   2.000000E+00   5.000000E-01
     6   2.500000E+00   0.000000E+00
     7   3.000000E+00   0.000000E+00
     8   3.000000E+00   5.000000E-01
     9   3.500000E+00   0.000000E+00
    10   4.000000E+00   0.000000E+00
    11   4.000000E+00   5.000000E-01
    12   1.500000E+00   1.000000E+00
    13   2.000000E+00   1.000000E+00
    14   2.500000E+00   1.000000E+00
    15   2.000000E+00   1.500000E+00
    16   4.000000E+00   1.000000E+00
    17   4.000000E+00   1.500000E+00
    18   3.500000E+00   1.000000E+00
    19   3.000000E+00   1.000000E+00
    20   3.000000E+00   1.500000E+00
    21   0.000000E+00   1.500000E+00
    22   0.000000E+00   1.000000E+00
    23   5.000000E-01   1.000000E+00
    24   1.000000E+00   1.000000E+00
    25   1.000000E+00   1.500000E+00
    26   5.000000E-01   2.000000E+00
    27   0.000000E+00   2.500000E+00
    28   0.000000E+00   2.000000E+00
    29   1.000000E+00   2.500000E+00
    30   1.500000E+00   2.000000E+00
    31   1.000000E+00   2.000000E+00
    32   2.500000E+00   2.000000E+00
    33   2.000000E+00   2.000000E+00
    34   2.000000E+00   2.500000E+00
    35   3.000000E+00   2.500000E+00
    36   3.500000E+00   2.000000E+00
    37   4.000000E+00   2.500000E+00
    38   4.000000E+00   2.000000E+00
    39   3.000000E+00   2.000000E+00
    40   0.000000E+00   3.500000E+00
    41   0.000000E+00   4.000000E+00
    42   0.000000E+00   3.000000E+00
    43   5.000000E-01   3.000000E+00
    44   5.000000E-01   4.000000E+00
    45   1.500000E+00   3.000000E+00
    46   1.000000E+00   3.500000E+00
    47   1.000000E+00   4.000000E+00
    48   1.500000E+00   4.000000E+00
    49   1.000000E+00   3.000000E+00
    50   2.500000E+00   4.000000E+00
    51   2.000000E+00   4.000000E+00
    52   2.000000E+00   3.500000E+00
    53   2.500000E+00   3.000000E+00
    54   2.000000E+00   3.000000E+00
    55   3.500000E+00   3.000000E+00
    56   3.000000E+00   3.500000E+00
    57   4.000000E+00   4.000000E+00
    58   3.000000E+00   3.000000E+00
    59   3.500000E+00   4.000000E+00
    60   3.000000E+00   4.000000E+00
    61   4.000000E+00   3.000000E+00
    62   4.000000E+00   3.500000E+00


  Node      Code        Fixed Values
   21        10       0.000000  0.000000
   22        10       0.000000  0.000000
   27        10       0.000000  0.000000
   28        10       0.000000  0.000000
   40        10       0.000000  0.000000
   41        10       0.000000  0.000000
   42        10       0.000000  0.000000
    1        01       0.000000  0.000000
    2        01       0.000000  0.000000
    4        01       0.000000  0.000000
    6        01       0.000000  0.000000
    7        01       0.000000  0.000000
    9        01       0.000000  0.000000
   10        01       0.000000  0.000000


=============Element Properties=============

 Material No. =    1   Element Model:Q8                  

 Young Modulus =   1.000000E+00    Poiss Ratio =   3.000000E-01
 Thickness     =   1.000000E+00    Density     =   0.000000E+00
Loads                                                                                      1           0           0
    1     0.000     0.000
   57    16.667     0.000
   10    16.667     0.000
   61    33.333     0.000
   38    33.333     0.000
   16    33.333     0.000
   62    66.667     0.000
      Total nodal forces for each element

    1       0.00E+00  0.00E+00  0.00E+00  0.00E+00  0.00E+00  0.00E+00
            0.00E+00  0.00E+00  0.00E+00  0.00E+00  0.00E+00  0.00E+00
            0.00E+00  0.00E+00  0.00E+00  0.00E+00
    2       0.00E+00  0.00E+00  0.00E+00  0.00E+00  0.00E+00  0.00E+00
            0.00E+00  0.00E+00  0.00E+00  0.00E+00  0.00E+00  0.00E+00
            0.00E+00  0.00E+00  0.00E+00  0.00E+00
    3       0.00E+00  0.00E+00  0.00E+00  0.00E+00  0.17E+02  0.00E+00
            0.00E+00  0.00E+00  0.33E+02  0.00E+00  0.00E+00  0.00E+00
            0.00E+00  0.00E+00  0.00E+00  0.00E+00
    4       0.00E+00  0.00E+00  0.00E+00  0.00E+00  0.00E+00  0.00E+00
            0.00E+00  0.00E+00  0.00E+00  0.00E+00  0.00E+00  0.00E+00
            0.00E+00  0.00E+00  0.00E+00  0.00E+00
    5       0.00E+00  0.00E+00  0.00E+00  0.00E+00  0.00E+00  0.00E+00
            0.00E+00  0.00E+00  0.00E+00  0.00E+00  0.00E+00  0.00E+00
            0.00E+00  0.00E+00  0.00E+00  0.00E+00
    6       0.00E+00  0.00E+00  0.00E+00  0.00E+00  0.00E+00  0.00E+00
            0.00E+00  0.00E+00  0.33E+02  0.00E+00  0.00E+00  0.00E+00
            0.00E+00  0.00E+00  0.00E+00  0.00E+00
    7       0.00E+00  0.00E+00  0.00E+00  0.00E+00  0.00E+00  0.00E+00
            0.00E+00  0.00E+00  0.00E+00  0.00E+00  0.00E+00  0.00E+00
            0.00E+00  0.00E+00  0.00E+00  0.00E+00
    8       0.00E+00  0.00E+00  0.00E+00  0.00E+00  0.00E+00  0.00E+00
            0.00E+00  0.00E+00  0.00E+00  0.00E+00  0.00E+00  0.00E+00
            0.00E+00  0.00E+00  0.00E+00  0.00E+00
    9       0.00E+00  0.00E+00  0.00E+00  0.00E+00  0.00E+00  0.00E+00
            0.00E+00  0.00E+00  0.00E+00  0.00E+00  0.00E+00  0.00E+00
            0.00E+00  0.00E+00  0.00E+00  0.00E+00
   10       0.00E+00  0.00E+00  0.00E+00  0.00E+00  0.00E+00  0.00E+00
            0.00E+00  0.00E+00  0.00E+00  0.00E+00  0.00E+00  0.00E+00
            0.00E+00  0.00E+00  0.00E+00  0.00E+00
   11       0.00E+00  0.00E+00  0.00E+00  0.00E+00  0.00E+00  0.00E+00
            0.00E+00  0.00E+00  0.33E+02  0.00E+00  0.00E+00  0.00E+00
            0.00E+00  0.00E+00  0.00E+00  0.00E+00
   12       0.00E+00  0.00E+00  0.00E+00  0.00E+00  0.00E+00  0.00E+00
            0.00E+00  0.00E+00  0.00E+00  0.00E+00  0.00E+00  0.00E+00
            0.00E+00  0.00E+00  0.00E+00  0.00E+00
   13       0.00E+00  0.00E+00  0.00E+00  0.00E+00  0.00E+00  0.00E+00
            0.00E+00  0.00E+00  0.00E+00  0.00E+00  0.00E+00  0.00E+00
            0.00E+00  0.00E+00  0.00E+00  0.00E+00
   14       0.00E+00  0.00E+00  0.00E+00  0.00E+00  0.00E+00  0.00E+00
            0.00E+00  0.00E+00  0.00E+00  0.00E+00  0.00E+00  0.00E+00
            0.00E+00  0.00E+00  0.00E+00  0.00E+00
   15       0.00E+00  0.00E+00  0.00E+00  0.00E+00  0.00E+00  0.00E+00
            0.67E+02  0.00E+00  0.17E+02  0.00E+00  0.00E+00  0.00E+00
            0.00E+00  0.00E+00  0.00E+00  0.00E+00
 Maximum frontwidth encountered =          28
     Displacements

      Node      X-disp.       Y-disp.

         1  0.130774E+03  0.000000E+00
         2  0.132104E+03  0.000000E+00
         3  0.121797E+03 -0.680206E+01
         4  0.139086E+03  0.000000E+00
         5  0.131295E+03  0.170931E+01
         6  0.144074E+03  0.000000E+00
         7  0.154141E+03  0.000000E+00
         8  0.157843E+03 -0.491106E+01
         9  0.181253E+03  0.000000E+00
        10  0.210057E+03  0.000000E+00
        11  0.179588E+03 -0.838609E+01
        12  0.103260E+03  0.272397E+00
        13  0.122539E+03 -0.977452E+00
        14  0.136655E+03 -0.467225E+01
        15  0.114042E+03 -0.597068E+01
        16  0.208834E+03 -0.184268E+02
        17  0.180138E+03 -0.322317E+02
        18  0.178987E+03 -0.158443E+02
        19  0.150571E+03 -0.101103E+02
        20  0.154548E+03 -0.166526E+02
        21  0.000000E+00 -0.133953E+02
        22  0.000000E+00 -0.361972E+01
        23  0.393752E+02 -0.492399E+01
        24  0.812878E+02 -0.982034E+01
        25  0.636684E+02 -0.129204E+02
        26  0.311811E+02 -0.191018E+02
        27  0.000000E+00 -0.255416E+02
        28  0.000000E+00 -0.186188E+02
        29  0.613014E+02 -0.222518E+02
        30  0.876893E+02 -0.132935E+02
        31  0.594002E+02 -0.162404E+02
        32  0.135981E+03 -0.152383E+02
        33  0.113986E+03 -0.120556E+02
        34  0.120154E+03 -0.187162E+02
        35  0.174488E+03 -0.302685E+02
        36  0.185338E+03 -0.367547E+02
        37  0.203791E+03 -0.731940E+02
        38  0.216285E+03 -0.488150E+02
        39  0.154518E+03 -0.233288E+02
        40  0.000000E+00 -0.420526E+02
        41  0.000000E+00 -0.519467E+02
        42  0.000000E+00 -0.333248E+02
        43  0.323087E+02 -0.320641E+02
        44  0.341050E+02 -0.514463E+02
        45  0.981517E+02 -0.276515E+02
        46  0.686945E+02 -0.394180E+02
        47  0.692503E+02 -0.498328E+02
        48  0.107231E+03 -0.486506E+02
        49  0.651670E+02 -0.298990E+02
        50  0.194691E+03 -0.534446E+02
        51  0.148631E+03 -0.492950E+02
        52  0.142120E+03 -0.368117E+02
        53  0.163555E+03 -0.296371E+02
        54  0.131244E+03 -0.270152E+02
        55  0.234990E+03 -0.555799E+02
        56  0.223837E+03 -0.512267E+02
        57  0.350936E+03 -0.116962E+03
        58  0.195599E+03 -0.380033E+02
        59  0.298334E+03 -0.900046E+02
        60  0.246011E+03 -0.658955E+02
        61  0.275668E+03 -0.974818E+02
        62  0.320655E+03 -0.107188E+03
     Reactions

      Node      X-reac.       Y-reac.

         1  0.000000E+00  0.321978E+01
         2  0.000000E+00 -0.224717E+01
         4  0.000000E+00 -0.219898E+01
         6  0.000000E+00 -0.413886E+01
         7  0.000000E+00  0.129337E+01
         9  0.000000E+00  0.921051E+01
        10  0.000000E+00 -0.513851E+01
        21 -0.475490E+02  0.000000E+00
        22 -0.109544E+02  0.000000E+00
        27 -0.427937E+02  0.000000E+00
        28 -0.199648E+02  0.000000E+00
        40 -0.451617E+02  0.000000E+00
        41 -0.113464E+02  0.000000E+00
        42 -0.222301E+02  0.000000E+00
     Stresses


 No.       X-coord   Y-coord   XX-stress     YY-stress    XY-stress

     Element No. =    1
 ===== Gaussian stresses by shape function =====
    1      1.1127    0.1127 -0.514822E+01 -0.125333E+02  0.154643E+01
    2      1.1127    0.5000  0.575671E+01 -0.482820E+01 -0.103106E+02
    3      1.1127    0.8873  0.368164E+02  0.892335E+01 -0.240554E+02
    4      1.5000    0.1127  0.674191E+01  0.276925E+01 -0.399986E+00
    5      1.5000    0.5000  0.105271E+02  0.343053E+01 -0.782041E+01
    6      1.5000    0.8873  0.344671E+02  0.101382E+02 -0.171285E+02
    7      1.8873    0.1127  0.163885E+02  0.105932E+02 -0.427203E+01
    8      1.8873    0.5000  0.130539E+02  0.421063E+01 -0.725579E+01
    9      1.8873    0.8873  0.298741E+02  0.387451E+01 -0.121272E+02
 ===== Nodal stresses by extrapolation =====
    1      1.0000   -0.0000 -0.901997E+01 -0.200939E+02  0.522257E+01
    2      1.0000    0.5000  0.394713E+01 -0.863620E+01 -0.113970E+02
    3      1.0000    1.0000  0.505055E+02  0.128989E+02 -0.311627E+02
    4      1.5000    0.0000  0.942623E+01  0.371256E+01  0.140475E+01
    5      1.5000    0.5000  0.105271E+02  0.343053E+01 -0.782041E+01
    6      1.5000    1.0000  0.452192E+02  0.132259E+02 -0.201917E+02
    7      2.0000   -0.0000  0.241332E+02  0.150546E+02 -0.562248E+01
    8      2.0000    0.5000  0.133678E+02  0.303288E+01 -0.745319E+01
    9      2.0000    1.0000  0.361937E+02  0.108852E+01 -0.124300E+02
 ===== Nodal stresses by shape function =====
    1      1.0000    0.0000 -0.901992E+01 -0.200939E+02  0.522261E+01
    2      1.0000    0.5000  0.394714E+01 -0.863620E+01 -0.113970E+02
    3      1.0000    1.0000  0.505055E+02  0.128989E+02 -0.311627E+02
    4      1.5000    0.0000  0.942624E+01  0.371255E+01  0.140475E+01
    5      1.5000    0.5000  0.105271E+02  0.343053E+01 -0.782041E+01
    6      1.5000    1.0000  0.452193E+02  0.132259E+02 -0.201917E+02
    7      2.0000    0.0000  0.241331E+02  0.150546E+02 -0.562245E+01
    8      2.0000    0.5000  0.133678E+02  0.303288E+01 -0.745319E+01
    9      2.0000    1.0000  0.361937E+02  0.108852E+01 -0.124300E+02

     Element No. =    2
 ===== Gaussian stresses by shape function =====
    1      2.1127    0.1127  0.141785E+02  0.868861E+01 -0.474367E+01
    2      2.1127    0.5000  0.244734E+02  0.568393E+01 -0.742265E+01
    3      2.1127    0.8873  0.281679E+02  0.699133E+00 -0.915366E+01
    4      2.5000    0.1127  0.200066E+02  0.495816E+01 -0.843897E-02
    5      2.5000    0.5000  0.276338E+02  0.361788E+01 -0.539986E+01
    6      2.5000    0.8873  0.286605E+02  0.297478E+00 -0.984329E+01
    7      2.8873    0.1127  0.254900E+02  0.783288E-01  0.350864E+01
    8      2.8873    0.5000  0.304493E+02  0.402432E+00 -0.459518E+01
    9      2.8873    0.8873  0.288083E+02 -0.125356E+01 -0.117510E+02
 ===== Nodal stresses by extrapolation =====
    1      2.0000   -0.0000  0.795627E+01  0.102016E+02 -0.562246E+01
    2      2.0000    0.5000  0.234890E+02  0.606925E+01 -0.824008E+01
    3      2.0000    1.0000  0.280209E+02 -0.136331E+01 -0.927776E+01
    4      2.5000    0.0000  0.165474E+02  0.497624E+01  0.173850E+01
    5      2.5000    0.5000  0.276338E+02  0.361788E+01 -0.539986E+01
    6      2.5000    1.0000  0.277195E+02 -0.104068E+01 -0.109582E+02
    7      3.0000   -0.0000  0.245638E+02 -0.216475E+01  0.706919E+01
    8      3.0000    0.5000  0.312039E+02 -0.749142E+00 -0.458983E+01
    9      3.0000    1.0000  0.268433E+02 -0.263367E+01 -0.146689E+02
 ===== Nodal stresses by shape function =====
    1      2.0000    0.0000  0.795635E+01  0.102016E+02 -0.562245E+01
    2      2.0000    0.5000  0.234890E+02  0.606924E+01 -0.824008E+01
    3      2.0000    1.0000  0.280210E+02 -0.136329E+01 -0.927777E+01
    4      2.5000    0.0000  0.165474E+02  0.497624E+01  0.173849E+01
    5      2.5000    0.5000  0.276338E+02  0.361788E+01 -0.539986E+01
    6      2.5000    1.0000  0.277195E+02 -0.104067E+01 -0.109582E+02
    7      3.0000    0.0000  0.245637E+02 -0.216477E+01  0.706922E+01
    8      3.0000    0.5000  0.312039E+02 -0.749146E+00 -0.458982E+01
    9      3.0000    1.0000  0.268433E+02 -0.263371E+01 -0.146689E+02

     Element No. =    3
 ===== Gaussian stresses by shape function =====
    1      3.1127    0.1127  0.397474E+02  0.931384E+00  0.741503E-01
    2      3.1127    0.5000  0.173882E+02 -0.646141E+01 -0.352669E+01
    3      3.1127    0.8873  0.416373E+02  0.128281E+00 -0.744280E+01
    4      3.5000    0.1127  0.414739E+02 -0.189722E+01 -0.156475E+02
    5      3.5000    0.5000  0.186722E+02 -0.102426E+02 -0.220815E+01
    6      3.5000    0.8873  0.424787E+02 -0.460553E+01  0.109159E+02
    7      3.8873    0.1127  0.438239E+02 -0.264793E+01 -0.314295E+02
    8      3.8873    0.5000  0.205795E+02 -0.119459E+02 -0.949924E+00
    9      3.8873    0.8873  0.439434E+02 -0.726146E+01  0.292143E+02
 ===== Nodal stresses by extrapolation =====
    1      3.0000   -0.0000  0.545857E+02  0.684180E+01  0.706929E+01
    2      3.0000    0.5000  0.171317E+02 -0.497079E+01 -0.392170E+01
    3      3.0000    1.0000  0.573581E+02  0.652073E+01 -0.154381E+02
    4      3.5000    0.0000  0.568639E+02  0.315767E+01 -0.196176E+02
    5      3.5000    0.5000  0.186722E+02 -0.102426E+02 -0.220815E+01
    6      3.5000    1.0000  0.581610E+02 -0.338740E+00  0.146757E+02
    7      4.0000   -0.0000  0.601810E+02  0.293667E+01 -0.464048E+02
    8      4.0000    0.5000  0.212516E+02 -0.120513E+02 -0.595117E+00
    9      4.0000    1.0000  0.600028E+02 -0.373510E+01  0.446890E+02
 ===== Nodal stresses by shape function =====
    1      3.0000    0.0000  0.545857E+02  0.684179E+01  0.706921E+01
    2      3.0000    0.5000  0.171317E+02 -0.497080E+01 -0.392171E+01
    3      3.0000    1.0000  0.573583E+02  0.652078E+01 -0.154382E+02
    4      3.5000    0.0000  0.568639E+02  0.315767E+01 -0.196175E+02
    5      3.5000    0.5000  0.186722E+02 -0.102426E+02 -0.220815E+01
    6      3.5000    1.0000  0.581611E+02 -0.338747E+00  0.146757E+02
    7      4.0000    0.0000  0.601809E+02  0.293669E+01 -0.464048E+02
    8      4.0000    0.5000  0.212516E+02 -0.120513E+02 -0.595132E+00
    9      4.0000    1.0000  0.600027E+02 -0.373512E+01  0.446890E+02

     Element No. =    4
 ===== Gaussian stresses by shape function =====
    1      1.1127    1.1127  0.497486E+02  0.654584E+01 -0.614194E+01
    2      1.1127    1.5000  0.564185E+02  0.805381E+01 -0.133282E+01
    3      1.1127    1.8873  0.598508E+02  0.859050E+01  0.327513E+01
    4      1.5000    1.1127  0.439246E+02  0.627537E+00 -0.921475E+01
    5      1.5000    1.5000  0.508836E+02  0.169922E+01 -0.331564E+01
    6      1.5000    1.8873  0.546050E+02  0.179963E+01  0.238230E+01
    7      1.8873    1.1127  0.400062E+02  0.106101E+01 -0.121260E+02
    8      1.8873    1.5000  0.472543E+02  0.169642E+01 -0.513693E+01
    9      1.8873    1.8873  0.512648E+02  0.136055E+01  0.165100E+01
 ===== Nodal stresses by extrapolation =====
    1      1.0000    1.0000  0.492767E+02  0.880293E+01 -0.656234E+01
    2      1.0000    1.5000  0.583870E+02  0.110961E+02 -0.725485E+00
    3      1.0000    2.0000  0.621014E+02  0.117704E+02  0.477609E+01
    4      1.5000    1.0000  0.412915E+02  0.133243E+00 -0.109691E+02
    5      1.5000    1.5000  0.508836E+02  0.169922E+01 -0.331564E+01
    6      1.5000    2.0000  0.550798E+02  0.164641E+01  0.400259E+01
    7      2.0000    1.0000  0.364822E+02  0.204984E+01 -0.151067E+02
    8      2.0000    1.5000  0.465561E+02  0.288870E+01 -0.563657E+01
    9      2.0000    2.0000  0.512341E+02  0.210875E+01  0.349830E+01
 ===== Nodal stresses by shape function =====
    1      1.0000    1.0000  0.492767E+02  0.880295E+01 -0.656233E+01
    2      1.0000    1.5000  0.583871E+02  0.110961E+02 -0.725491E+00
    3      1.0000    2.0000  0.621015E+02  0.117704E+02  0.477609E+01
    4      1.5000    1.0000  0.412915E+02  0.133240E+00 -0.109691E+02
    5      1.5000    1.5000  0.508836E+02  0.169922E+01 -0.331564E+01
    6      1.5000    2.0000  0.550798E+02  0.164642E+01  0.400258E+01
    7      2.0000    1.0000  0.364821E+02  0.204984E+01 -0.151067E+02
    8      2.0000    1.5000  0.465561E+02  0.288870E+01 -0.563657E+01
    9      2.0000    2.0000  0.512341E+02  0.210879E+01  0.349829E+01

     Element No. =    5
 ===== Gaussian stresses by shape function =====
    1      2.1127    1.1127  0.330317E+02  0.747061E+00 -0.911860E+01
    2      2.1127    1.5000  0.441021E+02  0.254419E+01 -0.462405E+01
    3      2.1127    1.8873  0.469654E+02  0.187918E+01  0.915020E-01
    4      2.5000    1.1127  0.319176E+02 -0.414095E-01 -0.525916E+01
    5      2.5000    1.5000  0.410282E+02  0.174239E+01 -0.436738E+01
    6      2.5000    1.8873  0.419318E+02  0.106404E+01 -0.325458E+01
    7      2.8873    1.1127  0.301774E+02 -0.291635E+01 -0.215197E+01
    8      2.8873    1.5000  0.373284E+02 -0.114588E+01 -0.486294E+01
    9      2.8873    1.8873  0.362722E+02 -0.183756E+01 -0.735289E+01
 ===== Nodal stresses by extrapolation =====
    1      2.0000    1.0000  0.283093E+02 -0.401977E+00 -0.119544E+02
    2      2.0000    1.5000  0.448790E+02  0.238560E+01 -0.484003E+01
    3      2.0000    2.0000  0.477702E+02  0.106961E+01  0.264268E+01
    4      2.5000    1.0000  0.277248E+02 -0.102296E+01 -0.547715E+01
    5      2.5000    1.5000  0.410282E+02  0.174239E+01 -0.436738E+01
    6      2.5000    2.0000  0.406531E+02  0.404161E+00 -0.288925E+01
    7      3.0000    1.0000  0.260969E+02 -0.512140E+01 -0.253628E+00
    8      3.0000    1.5000  0.361342E+02 -0.237826E+01 -0.514844E+01
    9      3.0000    2.0000  0.324927E+02 -0.373871E+01 -0.967488E+01
 ===== Nodal stresses by shape function =====
    1      2.0000    1.0000  0.283094E+02 -0.401960E+00 -0.119544E+02
    2      2.0000    1.5000  0.448791E+02  0.238560E+01 -0.484003E+01
    3      2.0000    2.0000  0.477702E+02  0.106959E+01  0.264268E+01
    4      2.5000    1.0000  0.277248E+02 -0.102296E+01 -0.547717E+01
    5      2.5000    1.5000  0.410282E+02  0.174239E+01 -0.436738E+01
    6      2.5000    2.0000  0.406531E+02  0.404165E+00 -0.288927E+01
    7      3.0000    1.0000  0.260970E+02 -0.512140E+01 -0.253609E+00
    8      3.0000    1.5000  0.361342E+02 -0.237828E+01 -0.514842E+01
    9      3.0000    2.0000  0.324928E+02 -0.373870E+01 -0.967492E+01

     Element No. =    6
 ===== Gaussian stresses by shape function =====
    1      3.1127    1.1127  0.424848E+02 -0.138165E+01 -0.596334E+01
    2      3.1127    1.5000  0.219170E+02 -0.822129E+01 -0.556750E+01
    3      3.1127    1.8873  0.467448E+02 -0.144227E+01 -0.578189E+01
    4      3.5000    1.1127  0.431773E+02 -0.570132E+01 -0.194216E+02
    5      3.5000    1.5000  0.212271E+02 -0.145423E+02 -0.354943E+01
    6      3.5000    1.8873  0.446726E+02 -0.976458E+01  0.117125E+02
    7      3.8873    1.1127  0.435163E+02 -0.111985E+02 -0.331806E+02
    8      3.8873    1.5000  0.201840E+02 -0.220408E+02 -0.183207E+01
    9      3.8873    1.8873  0.422471E+02 -0.192644E+02  0.289061E+02
 ===== Nodal stresses by extrapolation =====
    1      3.0000    1.0000  0.566119E+02  0.403306E+01 -0.102287E+01
    2      3.0000    1.5000  0.220514E+02 -0.660310E+01 -0.621123E+01
    3      3.0000    2.0000  0.631501E+02  0.545848E+01 -0.124166E+02
    4      3.5000    1.0000  0.580915E+02 -0.570569E+00 -0.241549E+02
    5      3.5000    1.5000  0.212271E+02 -0.145423E+02 -0.354943E+01
    6      3.5000    2.0000  0.600220E+02 -0.581621E+01  0.160390E+02
    7      4.0000    1.0000  0.589822E+02 -0.713679E+01 -0.477882E+02
    8      4.0000    1.5000  0.198141E+02 -0.244440E+02 -0.138881E+01
    9      4.0000    2.0000  0.563050E+02 -0.190535E+02  0.439934E+02
 ===== Nodal stresses by shape function =====
    1      3.0000    1.0000  0.566120E+02  0.403308E+01 -0.102286E+01
    2      3.0000    1.5000  0.220514E+02 -0.660310E+01 -0.621124E+01
    3      3.0000    2.0000  0.631501E+02  0.545850E+01 -0.124167E+02
    4      3.5000    1.0000  0.580915E+02 -0.570580E+00 -0.241549E+02
    5      3.5000    1.5000  0.212271E+02 -0.145423E+02 -0.354943E+01
    6      3.5000    2.0000  0.600220E+02 -0.581622E+01  0.160390E+02
    7      4.0000    1.0000  0.589823E+02 -0.713680E+01 -0.477882E+02
    8      4.0000    1.5000  0.198141E+02 -0.244440E+02 -0.138884E+01
    9      4.0000    2.0000  0.563051E+02 -0.190535E+02  0.439934E+02

     Element No. =    7
 ===== Gaussian stresses by shape function =====
    1      0.1127    1.1127  0.732841E+02  0.346909E+00 -0.139368E+01
    2      0.1127    1.5000  0.652433E+02  0.415349E+01 -0.269264E+00
    3      0.1127    1.8873  0.660055E+02  0.106010E+02 -0.246088E+00
    4      0.5000    1.1127  0.779019E+02  0.583720E+01 -0.877513E+01
    5      0.5000    1.5000  0.652912E+02  0.540958E+01 -0.296893E+01
    6      0.5000    1.8873  0.614836E+02  0.762288E+01  0.173603E+01
    7      0.8873    1.1127  0.838918E+02  0.159010E+02 -0.174256E+02
    8      0.8873    1.5000  0.667112E+02  0.112392E+02 -0.693766E+01
    9      0.8873    1.8873  0.583337E+02  0.921826E+01  0.244907E+01
 ===== Nodal stresses by extrapolation =====
    1     -0.0000    1.0000  0.758046E+02 -0.136185E+01  0.378292E+00
    2      0.0000    1.5000  0.654870E+02  0.464703E+01  0.277946E+00
    3     -0.0000    2.0000  0.698414E+02  0.150574E+02 -0.165780E+01
    4      0.5000    1.0000  0.832251E+02  0.645769E+01 -0.106715E+02
    5      0.5000    1.5000  0.652912E+02  0.540958E+01 -0.296893E+01
    6      0.5000    2.0000  0.620291E+02  0.876300E+01  0.289829E+01
    7      1.0000    1.0000  0.929324E+02  0.218997E+02 -0.238365E+02
    8      1.0000    1.5000  0.673822E+02  0.137946E+02 -0.833092E+01
    9      1.0000    2.0000  0.565036E+02  0.100910E+02  0.533926E+01
 ===== Nodal stresses by shape function =====
    1      0.0000    1.0000  0.758045E+02 -0.136184E+01  0.378286E+00
    2      0.0000    1.5000  0.654870E+02  0.464703E+01  0.277944E+00
    3      0.0000    2.0000  0.698413E+02  0.150574E+02 -0.165780E+01
    4      0.5000    1.0000  0.832251E+02  0.645769E+01 -0.106715E+02
    5      0.5000    1.5000  0.652912E+02  0.540958E+01 -0.296893E+01
    6      0.5000    2.0000  0.620291E+02  0.876300E+01  0.289829E+01
    7      1.0000    1.0000  0.929324E+02  0.218997E+02 -0.238365E+02
    8      1.0000    1.5000  0.673822E+02  0.137946E+02 -0.833092E+01
    9      1.0000    2.0000  0.565036E+02  0.100910E+02  0.533926E+01

     Element No. =    8
 ===== Gaussian stresses by shape function =====
    1      0.1127    2.1127  0.657619E+02  0.709686E+01 -0.961095E+00
    2      0.1127    2.5000  0.647694E+02  0.533086E+01 -0.206585E-01
    3      0.1127    2.8873  0.650720E+02  0.395340E+01  0.740840E+00
    4      0.5000    2.1127  0.619216E+02  0.754761E+01  0.868323E+00
    5      0.5000    2.5000  0.630909E+02  0.596492E+01  0.169901E+01
    6      0.5000    2.8873  0.655554E+02  0.477077E+01  0.235076E+01
    7      0.8873    2.1127  0.575986E+02  0.638965E+01  0.350809E+01
    8      0.8873    2.5000  0.609299E+02  0.499027E+01  0.422902E+01
    9      0.8873    2.8873  0.655563E+02  0.397945E+01  0.477102E+01
 ===== Nodal stresses by extrapolation =====
    1     -0.0000    2.0000  0.675038E+02  0.726591E+01 -0.165780E+01
    2      0.0000    2.5000  0.651671E+02  0.484418E+01 -0.368861E+00
    3     -0.0000    3.0000  0.649889E+02  0.307000E+01  0.621845E+00
    4      0.5000    2.0000  0.618246E+02  0.808115E+01  0.592987E+00
    5      0.5000    2.5000  0.630909E+02  0.596492E+01  0.169901E+01
    6      0.5000    3.0000  0.665159E+02  0.449627E+01  0.250681E+01
    7      1.0000    2.0000  0.553408E+02  0.621518E+01  0.419435E+01
    8      1.0000    2.5000  0.602104E+02  0.440449E+01  0.511745E+01
    9      1.0000    3.0000  0.672384E+02  0.324136E+01  0.574232E+01
 ===== Nodal stresses by shape function =====
    1      0.0000    2.0000  0.675039E+02  0.726593E+01 -0.165780E+01
    2      0.0000    2.5000  0.651671E+02  0.484418E+01 -0.368862E+00
    3      0.0000    3.0000  0.649889E+02  0.306999E+01  0.621841E+00
    4      0.5000    2.0000  0.618246E+02  0.808113E+01  0.592987E+00
    5      0.5000    2.5000  0.630909E+02  0.596492E+01  0.169901E+01
    6      0.5000    3.0000  0.665158E+02  0.449627E+01  0.250680E+01
    7      1.0000    2.0000  0.553409E+02  0.621518E+01  0.419434E+01
    8      1.0000    2.5000  0.602104E+02  0.440449E+01  0.511745E+01
    9      1.0000    3.0000  0.672384E+02  0.324139E+01  0.574233E+01

     Element No. =    9
 ===== Gaussian stresses by shape function =====
    1      1.1127    2.1127  0.600239E+02  0.671696E+01  0.375053E+01
    2      1.1127    2.5000  0.617190E+02  0.469091E+01  0.490359E+01
    3      1.1127    2.8873  0.653651E+02  0.325017E+01  0.605605E+01
    4      1.5000    2.1127  0.568600E+02  0.523608E+01  0.352540E+01
    5      1.5000    2.5000  0.599392E+02  0.362377E+01  0.538387E+01
    6      1.5000    2.8873  0.649694E+02  0.259674E+01  0.724176E+01
    7      1.8873    2.1127  0.537155E+02  0.381971E+01  0.378486E+01
    8      1.8873    2.5000  0.581788E+02  0.262112E+01  0.634876E+01
    9      1.8873    2.8873  0.645931E+02  0.200782E+01  0.891208E+01
 ===== Nodal stresses by extrapolation =====
    1      1.0000    2.0000  0.609387E+02  0.789457E+01  0.363113E+01
    2      1.0000    2.5000  0.622406E+02  0.501356E+01  0.485486E+01
    3      1.0000    3.0000  0.667942E+02  0.310809E+01  0.607754E+01
    4      1.5000    2.0000  0.563305E+02  0.581519E+01  0.298449E+01
    5      1.5000    2.5000  0.599392E+02  0.362377E+01  0.538387E+01
    6      1.5000    3.0000  0.667996E+02  0.240782E+01  0.778229E+01
    7      2.0000    2.0000  0.517545E+02  0.384336E+01  0.314546E+01
    8      2.0000    2.5000  0.576701E+02  0.234148E+01  0.672056E+01
    9      2.0000    3.0000  0.668375E+02  0.181507E+01  0.102947E+02
 ===== Nodal stresses by shape function =====
    1      1.0000    2.0000  0.609387E+02  0.789452E+01  0.363118E+01
    2      1.0000    2.5000  0.622406E+02  0.501355E+01  0.485485E+01
    3      1.0000    3.0000  0.667942E+02  0.310808E+01  0.607757E+01
    4      1.5000    2.0000  0.563305E+02  0.581519E+01  0.298449E+01
    5      1.5000    2.5000  0.599392E+02  0.362377E+01  0.538387E+01
    6      1.5000    3.0000  0.667996E+02  0.240784E+01  0.778229E+01
    7      2.0000    2.0000  0.517545E+02  0.384335E+01  0.314547E+01
    8      2.0000    2.5000  0.576701E+02  0.234146E+01  0.672057E+01
    9      2.0000    3.0000  0.668374E+02  0.181507E+01  0.102947E+02

     Element No. =   10
 ===== Gaussian stresses by shape function =====
    1      2.1127    2.1127  0.495202E+02  0.248675E+01  0.333739E+01
    2      2.1127    2.5000  0.580136E+02  0.264397E+01  0.615516E+01
    3      2.1127    2.8873  0.640129E+02  0.205296E+01  0.916750E+01
    4      2.5000    2.1127  0.441968E+02  0.745222E+00  0.441026E+01
    5      2.5000    2.5000  0.549614E+02  0.208969E+01  0.616204E+01
    6      2.5000    2.8873  0.632319E+02  0.268593E+01  0.810838E+01
    7      2.8873    2.1127  0.387079E+02 -0.154791E+01  0.621967E+01
    8      2.8873    2.5000  0.517437E+02  0.983786E+00  0.690546E+01
    9      2.8873    2.8873  0.622854E+02  0.276729E+01  0.778582E+01
 ===== Nodal stresses by extrapolation =====
    1      2.0000    2.0000  0.482906E+02  0.280415E+01  0.228987E+01
    2      2.0000    2.5000  0.588708E+02  0.270165E+01  0.629151E+01
    3      2.0000    3.0000  0.652940E+02  0.135210E+01  0.106174E+02
    4      2.5000    2.0000  0.405958E+02  0.213447E+00  0.393706E+01
    5      2.5000    2.5000  0.549614E+02  0.208969E+01  0.616204E+01
    6      2.5000    3.0000  0.651701E+02  0.271889E+01  0.871131E+01
    7      3.0000    2.0000  0.326254E+02 -0.329659E+01  0.681179E+01
    8      3.0000    2.5000  0.507763E+02  0.558361E+00  0.726014E+01
    9      3.0000    3.0000  0.647704E+02  0.316635E+01  0.803276E+01
 ===== Nodal stresses by shape function =====
    1      2.0000    2.0000  0.482906E+02  0.280415E+01  0.228987E+01
    2      2.0000    2.5000  0.588707E+02  0.270164E+01  0.629151E+01
    3      2.0000    3.0000  0.652941E+02  0.135208E+01  0.106174E+02
    4      2.5000    2.0000  0.405959E+02  0.213451E+00  0.393707E+01
    5      2.5000    2.5000  0.549614E+02  0.208969E+01  0.616204E+01
    6      2.5000    3.0000  0.651701E+02  0.271889E+01  0.871131E+01
    7      3.0000    2.0000  0.326254E+02 -0.329663E+01  0.681181E+01
    8      3.0000    2.5000  0.507762E+02  0.558372E+00  0.726014E+01
    9      3.0000    3.0000  0.647702E+02  0.316633E+01  0.803276E+01

     Element No. =   11
 ===== Gaussian stresses by shape function =====
    1      3.1127    2.1127  0.473591E+02  0.191744E+01 -0.196901E+00
    2      3.1127    2.5000  0.265898E+02 -0.539037E+01  0.683479E+01
    3      3.1127    2.8873  0.606981E+02  0.376503E+01  0.140710E+02
    4      3.5000    2.1127  0.458235E+02 -0.453287E+01 -0.177231E+02
    5      3.5000    2.5000  0.259947E+02 -0.110268E+02  0.258709E+01
    6      3.5000    2.8873  0.610433E+02 -0.105749E+01  0.231018E+02
    7      3.8873    2.1127  0.392062E+02 -0.279223E+02 -0.349815E+02
    8      3.8873    2.5000  0.203177E+02 -0.336023E+02 -0.139285E+01
    9      3.8873    2.8873  0.563069E+02 -0.228190E+02  0.324004E+02
 ===== Nodal stresses by extrapolation =====
    1      3.0000    2.0000  0.632828E+02  0.590050E+01  0.407005E+01
    2      3.0000    2.5000  0.258085E+02 -0.693196E+01  0.812115E+01
    3      3.0000    3.0000  0.797969E+02  0.767424E+01  0.125131E+02
    4      3.5000    2.0000  0.619016E+02  0.449232E+00 -0.235948E+02
    5      3.5000    2.5000  0.259947E+02 -0.110268E+02  0.258709E+01
    6      3.5000    3.0000  0.815502E+02  0.493593E+01  0.291099E+02
    7      4.0000    2.0000  0.520509E+02 -0.332339E+02 -0.508135E+02
    8      4.0000    2.5000  0.177112E+02 -0.433534E+02 -0.250069E+01
    9      4.0000    3.0000  0.748345E+02 -0.260339E+02  0.461529E+02
 ===== Nodal stresses by shape function =====
    1      3.0000    2.0000  0.632828E+02  0.590057E+01  0.407007E+01
    2      3.0000    2.5000  0.258085E+02 -0.693196E+01  0.812115E+01
    3      3.0000    3.0000  0.797969E+02  0.767429E+01  0.125132E+02
    4      3.5000    2.0000  0.619016E+02  0.449203E+00 -0.235949E+02
    5      3.5000    2.5000  0.259947E+02 -0.110268E+02  0.258709E+01
    6      3.5000    3.0000  0.815503E+02  0.493594E+01  0.291099E+02
    7      4.0000    2.0000  0.520510E+02 -0.332339E+02 -0.508134E+02
    8      4.0000    2.5000  0.177113E+02 -0.433534E+02 -0.250069E+01
    9      4.0000    3.0000  0.748342E+02 -0.260341E+02  0.461529E+02

     Element No. =   12
 ===== Gaussian stresses by shape function =====
    1      0.1127    3.1127  0.661197E+02  0.278408E+01  0.102577E+01
    2      0.1127    3.5000  0.679335E+02  0.156851E+01  0.551425E+00
    3      0.1127    3.8873  0.677881E+02 -0.234825E+00  0.139544E+00
    4      0.5000    3.1127  0.669077E+02  0.228742E+01  0.281610E+01
    5      0.5000    3.5000  0.690987E+02  0.134742E+01  0.170416E+01
    6      0.5000    3.8873  0.693303E+02 -0.180389E+00  0.654684E+00
    7      0.8873    3.1127  0.677370E+02  0.192836E+01  0.471970E+01
    8      0.8873    3.5000  0.703051E+02  0.126390E+01  0.297015E+01
    9      0.8873    3.8873  0.709139E+02  0.116501E-01  0.128306E+01
 ===== Nodal stresses by extrapolation =====
    1     -0.0000    3.0000  0.650342E+02  0.322111E+01  0.621851E+00
    2      0.0000    3.5000  0.676022E+02  0.165869E+01  0.237260E+00
    3     -0.0000    4.0000  0.669047E+02 -0.883311E+00 -0.432208E-01
    4      0.5000    3.0000  0.659021E+02  0.245055E+01  0.315140E+01
    5      0.5000    3.5000  0.690987E+02  0.134742E+01  0.170416E+01
    6      0.5000    4.0000  0.690297E+02 -0.735382E+00  0.361026E+00
    7      1.0000    3.0000  0.668388E+02  0.190934E+01  0.586974E+01
    8      1.0000    3.5000  0.706639E+02  0.126544E+01  0.335982E+01
    9      1.0000    4.0000  0.712235E+02 -0.358088E+00  0.953995E+00
 ===== Nodal stresses by shape function =====
    1      0.0000    3.0000  0.650342E+02  0.322110E+01  0.621842E+00
    2      0.0000    3.5000  0.676022E+02  0.165871E+01  0.237263E+00
    3      0.0000    4.0000  0.669047E+02 -0.883331E+00 -0.432091E-01
    4      0.5000    3.0000  0.659021E+02  0.245054E+01  0.315141E+01
    5      0.5000    3.5000  0.690987E+02  0.134742E+01  0.170416E+01
    6      0.5000    4.0000  0.690297E+02 -0.735367E+00  0.361017E+00
    7      1.0000    3.0000  0.668388E+02  0.190931E+01  0.586973E+01
    8      1.0000    3.5000  0.706639E+02  0.126545E+01  0.335982E+01
    9      1.0000    4.0000  0.712235E+02 -0.358082E+00  0.954012E+00

     Element No. =   13
 ===== Gaussian stresses by shape function =====
    1      1.1127    3.1127  0.676631E+02  0.184417E+01  0.587629E+01
    2      1.1127    3.5000  0.710396E+02  0.115678E+01  0.391902E+01
    3      1.1127    3.8873  0.734978E+02  0.193916E+00  0.154842E+01
    4      1.5000    3.1127  0.685582E+02  0.234334E+01  0.682266E+01
    5      1.5000    3.5000  0.737645E+02  0.113020E+01  0.449433E+01
    6      1.5000    3.8873  0.780525E+02 -0.358391E+00  0.175266E+01
    7      1.8873    3.1127  0.694107E+02  0.270052E+01  0.853347E+01
    8      1.8873    3.5000  0.764467E+02  0.961672E+00  0.583406E+01
    9      1.8873    3.8873  0.825645E+02 -0.105265E+01  0.272131E+01
 ===== Nodal stresses by extrapolation =====
    1      1.0000    3.0000  0.663945E+02  0.177601E+01  0.620499E+01
    2      1.0000    3.5000  0.702387E+02  0.113785E+01  0.389520E+01
    3      1.0000    4.0000  0.725522E+02  0.405562E-01  0.896529E+00
    4      1.5000    3.0000  0.668707E+02  0.264461E+01  0.742255E+01
    5      1.5000    3.5000  0.737645E+02  0.113020E+01  0.449433E+01
    6      1.5000    4.0000  0.791278E+02 -0.843303E+00  0.877211E+00
    7      2.0000    3.0000  0.672759E+02  0.327655E+01  0.991420E+01
    8      2.0000    3.5000  0.772193E+02  0.885967E+00  0.636750E+01
    9      2.0000    4.0000  0.856322E+02 -0.196376E+01  0.213192E+01
 ===== Nodal stresses by shape function =====
    1      1.0000    3.0000  0.663946E+02  0.177600E+01  0.620499E+01
    2      1.0000    3.5000  0.702386E+02  0.113785E+01  0.389520E+01
    3      1.0000    4.0000  0.725523E+02  0.405579E-01  0.896530E+00
    4      1.5000    3.0000  0.668707E+02  0.264458E+01  0.742256E+01
    5      1.5000    3.5000  0.737645E+02  0.113020E+01  0.449433E+01
    6      1.5000    4.0000  0.791278E+02 -0.843292E+00  0.877205E+00
    7      2.0000    3.0000  0.672758E+02  0.327654E+01  0.991418E+01
    8      2.0000    3.5000  0.772193E+02  0.885977E+00  0.636749E+01
    9      2.0000    4.0000  0.856323E+02 -0.196372E+01  0.213191E+01

     Element No. =   14
 ===== Gaussian stresses by shape function =====
    1      2.1127    3.1127  0.684927E+02  0.209252E+01  0.943763E+01
    2      2.1127    3.5000  0.781635E+02  0.104810E+01  0.633387E+01
    3      2.1127    3.8873  0.867137E+02 -0.332512E+00  0.351651E+01
    4      2.5000    3.1127  0.683895E+02 -0.898285E-01  0.105171E+02
    5      2.5000    3.5000  0.819503E+02  0.777534E+00  0.643108E+01
    6      2.5000    3.8873  0.943904E+02  0.130867E+01  0.263145E+01
    7      2.8873    3.1127  0.677804E+02 -0.395803E+01  0.128723E+02
    8      2.8873    3.5000  0.852313E+02 -0.117892E+01  0.780386E+01
    9      2.8873    3.8873  0.101561E+03  0.126397E+01  0.302193E+01
 ===== Nodal stresses by extrapolation =====
    1      2.0000    3.0000  0.657325E+02  0.281357E+01  0.102369E+02
    2      2.0000    3.5000  0.769666E+02  0.810167E+00  0.654518E+01
    3      2.0000    4.0000  0.863329E+02 -0.175354E+01  0.333077E+01
    4      2.5000    3.0000  0.642328E+02 -0.405382E+00  0.117600E+02
    5      2.5000    3.5000  0.819503E+02  0.777534E+00  0.643108E+01
    6      2.5000    4.0000  0.977999E+02  0.140007E+01  0.157959E+01
    7      3.0000    3.0000  0.618902E+02 -0.643407E+01  0.154090E+02
    8      3.0000    3.5000  0.860911E+02 -0.206490E+01  0.844293E+01
    9      3.0000    4.0000  0.108424E+03  0.174389E+01  0.195427E+01
 ===== Nodal stresses by shape function =====
    1      2.0000    3.0000  0.657326E+02  0.281357E+01  0.102369E+02
    2      2.0000    3.5000  0.769667E+02  0.810196E+00  0.654516E+01
    3      2.0000    4.0000  0.863329E+02 -0.175354E+01  0.333081E+01
    4      2.5000    3.0000  0.642328E+02 -0.405380E+00  0.117600E+02
    5      2.5000    3.5000  0.819503E+02  0.777534E+00  0.643108E+01
    6      2.5000    4.0000  0.977999E+02  0.140009E+01  0.157959E+01
    7      3.0000    3.0000  0.618902E+02 -0.643411E+01  0.154090E+02
    8      3.0000    3.5000  0.860910E+02 -0.206490E+01  0.844295E+01
    9      3.0000    4.0000  0.108424E+03  0.174393E+01  0.195425E+01

     Element No. =   15
 ===== Gaussian stresses by shape function =====
    1      3.1127    3.1127  0.813280E+02 -0.484233E+01  0.151721E+02
    2      3.1127    3.5000  0.947620E+02 -0.281097E+01  0.711636E+01
    3      3.1127    3.8873  0.102498E+03 -0.248903E+01 -0.621384E+00
    4      3.5000    3.1127  0.820038E+02 -0.865143E+01  0.793343E+01
    5      3.5000    3.5000  0.950449E+02 -0.591121E+01  0.283969E+01
    6      3.5000    3.8873  0.102388E+03 -0.488036E+01 -0.193611E+01
    7      3.8873    3.1127  0.869276E+02  0.170001E+01  0.461984E+00
    8      3.8873    3.5000  0.995761E+02  0.514918E+01 -0.166983E+01
    9      3.8873    3.8873  0.106526E+03  0.688894E+01 -0.348369E+01
 ===== Nodal stresses by extrapolation =====
    1      3.0000    3.0000  0.769165E+02 -0.192624E+01  0.198895E+02
    2      3.0000    3.5000  0.954776E+02  0.751064E+00  0.831712E+01
    3      3.0000    4.0000  0.104542E+03  0.579271E+00 -0.272527E+01
    4      3.5000    3.0000  0.771386E+02 -0.976990E+01  0.947540E+01
    5      3.5000    3.5000  0.950449E+02 -0.591121E+01  0.283969E+01
    6      3.5000    4.0000  0.103455E+03 -0.490148E+01 -0.326612E+01
    7      4.0000    3.0000  0.844406E+02  0.598726E+01 -0.132663E+01
    8      4.0000    3.5000  0.101693E+03  0.110276E+02 -0.302581E+01
    9      4.0000    4.0000  0.109448E+03  0.132188E+02 -0.419505E+01
 ===== Nodal stresses by shape function =====
    1      3.0000    3.0000  0.769168E+02 -0.192613E+01  0.198894E+02
    2      3.0000    3.5000  0.954776E+02  0.751106E+00  0.831711E+01
    3      3.0000    4.0000  0.104542E+03  0.579330E+00 -0.272525E+01
    4      3.5000    3.0000  0.771386E+02 -0.976995E+01  0.947542E+01
    5      3.5000    3.5000  0.950449E+02 -0.591121E+01  0.283969E+01
    6      3.5000    4.0000  0.103455E+03 -0.490147E+01 -0.326611E+01
    7      4.0000    3.0000  0.844407E+02  0.598734E+01 -0.132664E+01
    8      4.0000    3.5000  0.101693E+03  0.110276E+02 -0.302581E+01
    9      4.0000    4.0000  0.109448E+03  0.132188E+02 -0.419506E+01
